2025-11-26 21:46:28.459 [http-nio-80-exec-6] DEBUG c.l.blog.interceptor.ControllerLogInterceptor - [Controller] 开始执行 - ArticleController类的deleteArticle方法
2025-11-26 21:46:28.461 [http-nio-80-exec-6] INFO  c.l.blog.interceptor.ControllerLogInterceptor - [HTTP] 请求开始-请求方式:DELETE  请求URI:/liliblog_war_exploded/api/article/1 - IP地址:0:0:0:0:0:0:0:1 - User-Agent: Other
2025-11-26 21:46:28.463 [http-nio-80-exec-6] DEBUG c.l.blog.interceptor.ControllerLogInterceptor - [HTTP] 请求头 - authorization: Bearer eyJhbGciOiJIUzI1NiJ9.eyJzdWIiOiJaaGFuZ0ppYW4iLCJyb2xlIjoiVklTSVRPUiIsImlhdCI6MTc2NDE2MjIzNCwiZXhwIjoxNzY0MjQ4NjM0fQ.TgUnjIal2CUOI6wQAKipxjBmyXorBgAy-MmvAJgyMj0; user-agent: Apifox/1.0.0 (https://apifox.com); accept: */*; host: localhost; accept-encoding: gzip, deflate, br; connection: keep-alive; 
2025-11-26 21:46:30.390 [http-nio-80-exec-6] WARN  c.l.blog.interceptor.ControllerLogInterceptor - [HTTP] 请求完成 - DELETE /liliblog_war_exploded/api/article/1 - 状态码: 200 - 耗时: 1931ms - 类型: application/json (慢请求)
2025-11-26 21:46:56.225 [http-nio-80-exec-1] DEBUG c.l.blog.interceptor.ControllerLogInterceptor - [Controller] 开始执行 - ArticleController类的deleteArticle方法
2025-11-26 21:46:56.225 [http-nio-80-exec-1] INFO  c.l.blog.interceptor.ControllerLogInterceptor - [HTTP] 请求开始-请求方式:DELETE  请求URI:/liliblog_war_exploded/api/article/5 - IP地址:0:0:0:0:0:0:0:1 - User-Agent: Other
2025-11-26 21:46:56.226 [http-nio-80-exec-1] DEBUG c.l.blog.interceptor.ControllerLogInterceptor - [HTTP] 请求头 - authorization: Bearer eyJhbGciOiJIUzI1NiJ9.eyJzdWIiOiJaaGFuZ0ppYW4iLCJyb2xlIjoiVklTSVRPUiIsImlhdCI6MTc2NDE2MjIzNCwiZXhwIjoxNzY0MjQ4NjM0fQ.TgUnjIal2CUOI6wQAKipxjBmyXorBgAy-MmvAJgyMj0; user-agent: Apifox/1.0.0 (https://apifox.com); accept: */*; host: localhost; accept-encoding: gzip, deflate, br; connection: keep-alive; 
2025-11-26 21:46:56.243 [http-nio-80-exec-1] INFO  c.l.blog.interceptor.ControllerLogInterceptor - [HTTP] 请求完成 - DELETE /liliblog_war_exploded/api/article/5 - 状态码: 200 - 耗时: 18ms - 类型: application/json
2025-11-26 21:47:38.301 [http-nio-80-exec-4] DEBUG c.l.blog.interceptor.ControllerLogInterceptor - [Controller] 开始执行 - ArticleController类的deleteArticle方法
2025-11-26 21:47:38.302 [http-nio-80-exec-4] INFO  c.l.blog.interceptor.ControllerLogInterceptor - [HTTP] 请求开始-请求方式:DELETE  请求URI:/liliblog_war_exploded/api/article/3 - IP地址:0:0:0:0:0:0:0:1 - User-Agent: Other
2025-11-26 21:47:38.302 [http-nio-80-exec-4] DEBUG c.l.blog.interceptor.ControllerLogInterceptor - [HTTP] 请求头 - authorization: Bearer eyJhbGciOiJIUzI1NiJ9.eyJzdWIiOiJaaGFuZ0ppYW4iLCJyb2xlIjoiVklTSVRPUiIsImlhdCI6MTc2NDE2MjIzNCwiZXhwIjoxNzY0MjQ4NjM0fQ.TgUnjIal2CUOI6wQAKipxjBmyXorBgAy-MmvAJgyMj0; user-agent: Apifox/1.0.0 (https://apifox.com); accept: */*; host: localhost; accept-encoding: gzip, deflate, br; connection: keep-alive; 
2025-11-26 21:47:38.528 [http-nio-80-exec-4] INFO  c.l.blog.interceptor.ControllerLogInterceptor - [HTTP] 请求完成 - DELETE /liliblog_war_exploded/api/article/3 - 状态码: 200 - 耗时: 227ms - 类型: application/json
2025-11-26 21:49:11.596 [http-nio-80-exec-7] DEBUG c.l.blog.interceptor.ControllerLogInterceptor - [Controller] 开始执行 - ArticleController类的deleteArticle方法
2025-11-26 21:49:11.596 [http-nio-80-exec-7] INFO  c.l.blog.interceptor.ControllerLogInterceptor - [HTTP] 请求开始-请求方式:DELETE  请求URI:/liliblog_war_exploded/api/article/a - IP地址:0:0:0:0:0:0:0:1 - User-Agent: Other
2025-11-26 21:49:11.602 [http-nio-80-exec-7] DEBUG c.l.blog.interceptor.ControllerLogInterceptor - [HTTP] 请求头 - authorization: Bearer eyJhbGciOiJIUzI1NiJ9.eyJzdWIiOiJaaGFuZ0ppYW4iLCJyb2xlIjoiVklTSVRPUiIsImlhdCI6MTc2NDE2MjIzNCwiZXhwIjoxNzY0MjQ4NjM0fQ.TgUnjIal2CUOI6wQAKipxjBmyXorBgAy-MmvAJgyMj0; user-agent: Apifox/1.0.0 (https://apifox.com); accept: */*; host: localhost; accept-encoding: gzip, deflate, br; connection: keep-alive; 
2025-11-26 21:49:11.607 [http-nio-80-exec-7] INFO  c.l.blog.interceptor.ControllerLogInterceptor - [HTTP] 请求完成 - DELETE /liliblog_war_exploded/api/article/a - 状态码: 200 - 耗时: 11ms - 类型: application/json
2025-11-26 21:51:50.253 [http-nio-80-exec-10] DEBUG c.l.blog.interceptor.ControllerLogInterceptor - [Controller] 开始执行 - ArticleController类的deleteArticle方法
2025-11-26 21:51:50.253 [http-nio-80-exec-10] INFO  c.l.blog.interceptor.ControllerLogInterceptor - [HTTP] 请求开始-请求方式:DELETE  请求URI:/liliblog_war_exploded/api/article/123 - IP地址:0:0:0:0:0:0:0:1 - User-Agent: Other
2025-11-26 21:51:50.254 [http-nio-80-exec-10] DEBUG c.l.blog.interceptor.ControllerLogInterceptor - [HTTP] 请求头 - authorization: Bearer eyJhbGciOiJIUzI1NiJ9.eyJzdWIiOiJaaGFuZ0ppYW4iLCJyb2xlIjoiVklTSVRPUiIsImlhdCI6MTc2NDE2MjIzNCwiZXhwIjoxNzY0MjQ4NjM0fQ.TgUnjIal2CUOI6wQAKipxjBmyXorBgAy-MmvAJgyMj0; user-agent: Apifox/1.0.0 (https://apifox.com); accept: */*; host: localhost; accept-encoding: gzip, deflate, br; connection: keep-alive; 
2025-11-26 21:51:50.280 [http-nio-80-exec-10] INFO  c.l.blog.interceptor.ControllerLogInterceptor - [HTTP] 请求完成 - DELETE /liliblog_war_exploded/api/article/123 - 状态码: 200 - 耗时: 27ms - 类型: application/json
2025-11-26 21:51:56.955 [http-nio-80-exec-1] DEBUG c.l.blog.interceptor.ControllerLogInterceptor - [Controller] 开始执行 - ArticleController类的deleteArticle方法
2025-11-26 21:51:56.955 [http-nio-80-exec-1] INFO  c.l.blog.interceptor.ControllerLogInterceptor - [HTTP] 请求开始-请求方式:DELETE  请求URI:/liliblog_war_exploded/api/article/0123 - IP地址:0:0:0:0:0:0:0:1 - User-Agent: Other
2025-11-26 21:51:56.955 [http-nio-80-exec-1] DEBUG c.l.blog.interceptor.ControllerLogInterceptor - [HTTP] 请求头 - authorization: Bearer eyJhbGciOiJIUzI1NiJ9.eyJzdWIiOiJaaGFuZ0ppYW4iLCJyb2xlIjoiVklTSVRPUiIsImlhdCI6MTc2NDE2MjIzNCwiZXhwIjoxNzY0MjQ4NjM0fQ.TgUnjIal2CUOI6wQAKipxjBmyXorBgAy-MmvAJgyMj0; user-agent: Apifox/1.0.0 (https://apifox.com); accept: */*; host: localhost; accept-encoding: gzip, deflate, br; connection: keep-alive; 
2025-11-26 21:51:56.974 [http-nio-80-exec-1] INFO  c.l.blog.interceptor.ControllerLogInterceptor - [HTTP] 请求完成 - DELETE /liliblog_war_exploded/api/article/0123 - 状态码: 200 - 耗时: 19ms - 类型: application/json
2025-11-26 21:52:01.531 [http-nio-80-exec-2] DEBUG c.l.blog.interceptor.ControllerLogInterceptor - [Controller] 开始执行 - ArticleController类的deleteArticle方法
2025-11-26 21:52:01.531 [http-nio-80-exec-2] INFO  c.l.blog.interceptor.ControllerLogInterceptor - [HTTP] 请求开始-请求方式:DELETE  请求URI:/liliblog_war_exploded/api/article/012 - IP地址:0:0:0:0:0:0:0:1 - User-Agent: Other
2025-11-26 21:52:01.531 [http-nio-80-exec-2] DEBUG c.l.blog.interceptor.ControllerLogInterceptor - [HTTP] 请求头 - authorization: Bearer eyJhbGciOiJIUzI1NiJ9.eyJzdWIiOiJaaGFuZ0ppYW4iLCJyb2xlIjoiVklTSVRPUiIsImlhdCI6MTc2NDE2MjIzNCwiZXhwIjoxNzY0MjQ4NjM0fQ.TgUnjIal2CUOI6wQAKipxjBmyXorBgAy-MmvAJgyMj0; user-agent: Apifox/1.0.0 (https://apifox.com); accept: */*; host: localhost; accept-encoding: gzip, deflate, br; connection: keep-alive; 
2025-11-26 21:52:01.557 [http-nio-80-exec-2] INFO  c.l.blog.interceptor.ControllerLogInterceptor - [HTTP] 请求完成 - DELETE /liliblog_war_exploded/api/article/012 - 状态码: 200 - 耗时: 26ms - 类型: application/json
2025-11-26 21:52:25.808 [http-nio-80-exec-5] DEBUG c.l.blog.interceptor.ControllerLogInterceptor - [Controller] 开始执行 - ArticleController类的deleteArticle方法
2025-11-26 21:52:25.809 [http-nio-80-exec-5] INFO  c.l.blog.interceptor.ControllerLogInterceptor - [HTTP] 请求开始-请求方式:DELETE  请求URI:/liliblog_war_exploded/api/article/013 - IP地址:0:0:0:0:0:0:0:1 - User-Agent: Other
2025-11-26 21:52:25.809 [http-nio-80-exec-5] DEBUG c.l.blog.interceptor.ControllerLogInterceptor - [HTTP] 请求头 - authorization: Bearer eyJhbGciOiJIUzI1NiJ9.eyJzdWIiOiJaaGFuZ0ppYW4iLCJyb2xlIjoiVklTSVRPUiIsImlhdCI6MTc2NDE2MjIzNCwiZXhwIjoxNzY0MjQ4NjM0fQ.TgUnjIal2CUOI6wQAKipxjBmyXorBgAy-MmvAJgyMj0; user-agent: Apifox/1.0.0 (https://apifox.com); accept: */*; host: localhost; accept-encoding: gzip, deflate, br; connection: keep-alive; 
2025-11-26 21:52:25.832 [http-nio-80-exec-5] INFO  c.l.blog.interceptor.ControllerLogInterceptor - [HTTP] 请求完成 - DELETE /liliblog_war_exploded/api/article/013 - 状态码: 200 - 耗时: 24ms - 类型: application/json
2025-11-26 21:52:30.396 [http-nio-80-exec-6] DEBUG c.l.blog.interceptor.ControllerLogInterceptor - [Controller] 开始执行 - ArticleController类的deleteArticle方法
2025-11-26 21:52:30.397 [http-nio-80-exec-6] INFO  c.l.blog.interceptor.ControllerLogInterceptor - [HTTP] 请求开始-请求方式:DELETE  请求URI:/liliblog_war_exploded/api/article/014 - IP地址:0:0:0:0:0:0:0:1 - User-Agent: Other
2025-11-26 21:52:30.397 [http-nio-80-exec-6] DEBUG c.l.blog.interceptor.ControllerLogInterceptor - [HTTP] 请求头 - authorization: Bearer eyJhbGciOiJIUzI1NiJ9.eyJzdWIiOiJaaGFuZ0ppYW4iLCJyb2xlIjoiVklTSVRPUiIsImlhdCI6MTc2NDE2MjIzNCwiZXhwIjoxNzY0MjQ4NjM0fQ.TgUnjIal2CUOI6wQAKipxjBmyXorBgAy-MmvAJgyMj0; user-agent: Apifox/1.0.0 (https://apifox.com); accept: */*; host: localhost; accept-encoding: gzip, deflate, br; connection: keep-alive; 
2025-11-26 21:52:30.451 [http-nio-80-exec-6] INFO  c.l.blog.interceptor.ControllerLogInterceptor - [HTTP] 请求完成 - DELETE /liliblog_war_exploded/api/article/014 - 状态码: 200 - 耗时: 55ms - 类型: application/json
