2025-12-01 15:32:29.636 [http-nio-80-exec-1] INFO  com.lilicould.blog.aop.ServiceLogAspect - [Service] 开始执行 - 用户登录服务 (AuthServiceImpl类的login方法)
2025-12-01 15:32:30.465 [http-nio-80-exec-1] INFO  com.lilicould.blog.aop.ServiceLogAspect - [Service] 执行完成 - 用户登录服务，耗时：829ms
2025-12-01 23:21:08.126 [http-nio-80-exec-8] INFO  com.lilicould.blog.aop.ServiceLogAspect - [Service] 开始执行 - 用户登录服务 (AuthServiceImpl类的login方法)
2025-12-01 23:21:09.333 [http-nio-80-exec-8] WARN  com.lilicould.blog.aop.ServiceLogAspect - [Service] 执行完成 - 用户登录服务，耗时：1207ms (性能警告)
2025-12-01 23:22:14.016 [http-nio-80-exec-4] INFO  com.lilicould.blog.aop.ServiceLogAspect - [Service] 开始执行 - 用户登录服务 (AuthServiceImpl类的login方法)
2025-12-01 23:22:14.101 [http-nio-80-exec-4] INFO  com.lilicould.blog.aop.ServiceLogAspect - [Service] 执行完成 - 用户登录服务，耗时：85ms
2025-12-01 23:22:35.832 [http-nio-80-exec-5] INFO  com.lilicould.blog.aop.ServiceLogAspect - [Service] 开始执行 - 获取指定ID的文章服务 (ArticleServiceImpl类的getArticleById方法)
2025-12-01 23:22:35.832 [http-nio-80-exec-5] DEBUG com.lilicould.blog.aop.ServiceLogAspect - [Service] 方法参数 - 获取指定ID的文章服务: [2]
2025-12-01 23:22:35.854 [http-nio-80-exec-5] INFO  com.lilicould.blog.aop.ServiceLogAspect - [Service] 执行完成 - 获取指定ID的文章服务，耗时：22ms
2025-12-01 23:22:35.857 [http-nio-80-exec-5] INFO  com.lilicould.blog.aop.ServiceLogAspect - [Service] 开始执行 - 增加阅读量服务 (ArticleServiceImpl类的incrementViewCount方法)
2025-12-01 23:22:35.857 [http-nio-80-exec-5] DEBUG com.lilicould.blog.aop.ServiceLogAspect - [Service] 方法参数 - 增加阅读量服务: [2]
2025-12-01 23:22:35.977 [http-nio-80-exec-5] INFO  com.lilicould.blog.aop.ServiceLogAspect - [Service] 执行完成 - 增加阅读量服务，耗时：120ms
2025-12-01 23:24:39.446 [http-nio-80-exec-9] INFO  com.lilicould.blog.aop.ServiceLogAspect - [Service] 开始执行 - 获取指定ID的文章服务 (ArticleServiceImpl类的getArticleById方法)
2025-12-01 23:24:39.446 [http-nio-80-exec-9] DEBUG com.lilicould.blog.aop.ServiceLogAspect - [Service] 方法参数 - 获取指定ID的文章服务: [2]
2025-12-01 23:24:39.686 [http-nio-80-exec-9] INFO  com.lilicould.blog.aop.ServiceLogAspect - [Service] 执行完成 - 获取指定ID的文章服务，耗时：240ms
2025-12-01 23:24:39.732 [http-nio-80-exec-9] INFO  com.lilicould.blog.aop.ServiceLogAspect - [Service] 开始执行 - 增加阅读量服务 (ArticleServiceImpl类的incrementViewCount方法)
2025-12-01 23:24:39.732 [http-nio-80-exec-9] DEBUG com.lilicould.blog.aop.ServiceLogAspect - [Service] 方法参数 - 增加阅读量服务: [2]
2025-12-01 23:24:39.920 [http-nio-80-exec-9] INFO  com.lilicould.blog.aop.ServiceLogAspect - [Service] 执行完成 - 增加阅读量服务，耗时：188ms
2025-12-01 23:43:59.214 [http-nio-80-exec-6] INFO  com.lilicould.blog.aop.ServiceLogAspect - [Service] 开始执行 - 获取指定ID的文章服务 (ArticleServiceImpl类的getArticleById方法)
2025-12-01 23:43:59.214 [http-nio-80-exec-6] DEBUG com.lilicould.blog.aop.ServiceLogAspect - [Service] 方法参数 - 获取指定ID的文章服务: [1]
2025-12-01 23:43:59.443 [http-nio-80-exec-6] INFO  com.lilicould.blog.aop.ServiceLogAspect - [Service] 执行完成 - 获取指定ID的文章服务，耗时：229ms
2025-12-01 23:43:59.493 [http-nio-80-exec-6] INFO  com.lilicould.blog.aop.ServiceLogAspect - [Service] 开始执行 - 增加阅读量服务 (ArticleServiceImpl类的incrementViewCount方法)
2025-12-01 23:43:59.493 [http-nio-80-exec-6] DEBUG com.lilicould.blog.aop.ServiceLogAspect - [Service] 方法参数 - 增加阅读量服务: [1]
2025-12-01 23:43:59.620 [http-nio-80-exec-6] INFO  com.lilicould.blog.aop.ServiceLogAspect - [Service] 执行完成 - 增加阅读量服务，耗时：127ms
2025-12-01 23:50:04.684 [http-nio-80-exec-1] INFO  com.lilicould.blog.aop.ServiceLogAspect - [Service] 开始执行 - 获取指定ID的文章服务 (ArticleServiceImpl类的getArticleById方法)
2025-12-01 23:50:04.686 [http-nio-80-exec-1] DEBUG com.lilicould.blog.aop.ServiceLogAspect - [Service] 方法参数 - 获取指定ID的文章服务: [2]
2025-12-01 23:50:04.704 [http-nio-80-exec-1] INFO  com.lilicould.blog.aop.ServiceLogAspect - [Service] 执行完成 - 获取指定ID的文章服务，耗时：20ms
2025-12-01 23:50:04.705 [http-nio-80-exec-1] INFO  com.lilicould.blog.aop.ServiceLogAspect - [Service] 开始执行 - 增加阅读量服务 (ArticleServiceImpl类的incrementViewCount方法)
2025-12-01 23:50:04.705 [http-nio-80-exec-1] DEBUG com.lilicould.blog.aop.ServiceLogAspect - [Service] 方法参数 - 增加阅读量服务: [2]
2025-12-01 23:50:04.759 [http-nio-80-exec-1] INFO  com.lilicould.blog.aop.ServiceLogAspect - [Service] 执行完成 - 增加阅读量服务，耗时：54ms
2025-12-01 23:50:10.546 [http-nio-80-exec-2] INFO  com.lilicould.blog.aop.ServiceLogAspect - [Service] 开始执行 - 获取指定ID的文章服务 (ArticleServiceImpl类的getArticleById方法)
2025-12-01 23:50:10.546 [http-nio-80-exec-2] DEBUG com.lilicould.blog.aop.ServiceLogAspect - [Service] 方法参数 - 获取指定ID的文章服务: [3]
2025-12-01 23:50:10.596 [http-nio-80-exec-2] ERROR com.lilicould.blog.aop.ServiceLogAspect - [Service] 执行异常 - 获取指定ID的文章服务，耗时：50ms，异常信息：文章不存在
com.lilicould.blog.exception.BusinessException: 文章不存在
	at com.lilicould.blog.service.impl.ArticleServiceImpl.getArticleById(ArticleServiceImpl.java:118)
	at java.base/jdk.internal.reflect.DirectMethodHandleAccessor.invoke(DirectMethodHandleAccessor.java:103)
	at java.base/java.lang.reflect.Method.invoke(Method.java:580)
	at org.springframework.aop.support.AopUtils.invokeJoinpointUsingReflection(AopUtils.java:355)
	at org.springframework.aop.framework.ReflectiveMethodInvocation.invokeJoinpoint(ReflectiveMethodInvocation.java:196)
	at org.springframework.aop.framework.ReflectiveMethodInvocation.proceed(ReflectiveMethodInvocation.java:163)
	at org.springframework.aop.aspectj.MethodInvocationProceedingJoinPoint.proceed(MethodInvocationProceedingJoinPoint.java:89)
	at com.lilicould.blog.aop.ServiceLogAspect.logServiceWithAnnotation(ServiceLogAspect.java:144)
	at com.lilicould.blog.aop.ServiceLogAspect.logAnnotatedService(ServiceLogAspect.java:80)
	at java.base/jdk.internal.reflect.DirectMethodHandleAccessor.invoke(DirectMethodHandleAccessor.java:103)
	at java.base/java.lang.reflect.Method.invoke(Method.java:580)
	at org.springframework.aop.aspectj.AbstractAspectJAdvice.invokeAdviceMethodWithGivenArgs(AbstractAspectJAdvice.java:637)
	at org.springframework.aop.aspectj.AbstractAspectJAdvice.invokeAdviceMethod(AbstractAspectJAdvice.java:627)
	at org.springframework.aop.aspectj.AspectJAroundAdvice.invoke(AspectJAroundAdvice.java:71)
	at org.springframework.aop.framework.ReflectiveMethodInvocation.proceed(ReflectiveMethodInvocation.java:173)
	at org.springframework.aop.interceptor.ExposeInvocationInterceptor.invoke(ExposeInvocationInterceptor.java:97)
	at org.springframework.aop.framework.ReflectiveMethodInvocation.proceed(ReflectiveMethodInvocation.java:184)
	at org.springframework.aop.framework.JdkDynamicAopProxy.invoke(JdkDynamicAopProxy.java:223)
	at jdk.proxy3/jdk.proxy3.$Proxy52.getArticleById(Unknown Source)
	at com.lilicould.blog.controller.ArticleController.getArticle(ArticleController.java:53)
	at java.base/jdk.internal.reflect.DirectMethodHandleAccessor.invoke(DirectMethodHandleAccessor.java:103)
	at java.base/java.lang.reflect.Method.invoke(Method.java:580)
	at org.springframework.web.method.support.InvocableHandlerMethod.doInvoke(InvocableHandlerMethod.java:255)
	at org.springframework.web.method.support.InvocableHandlerMethod.invokeForRequest(InvocableHandlerMethod.java:188)
	at org.springframework.web.servlet.mvc.method.annotation.ServletInvocableHandlerMethod.invokeAndHandle(ServletInvocableHandlerMethod.java:118)
	at org.springframework.web.servlet.mvc.method.annotation.RequestMappingHandlerAdapter.invokeHandlerMethod(RequestMappingHandlerAdapter.java:926)
	at org.springframework.web.servlet.mvc.method.annotation.RequestMappingHandlerAdapter.handleInternal(RequestMappingHandlerAdapter.java:831)
	at org.springframework.web.servlet.mvc.method.AbstractHandlerMethodAdapter.handle(AbstractHandlerMethodAdapter.java:87)
	at org.springframework.web.servlet.DispatcherServlet.doDispatch(DispatcherServlet.java:1089)
	at org.springframework.web.servlet.DispatcherServlet.doService(DispatcherServlet.java:979)
	at org.springframework.web.servlet.FrameworkServlet.processRequest(FrameworkServlet.java:1014)
	at org.springframework.web.servlet.FrameworkServlet.doGet(FrameworkServlet.java:903)
	at jakarta.servlet.http.HttpServlet.service(HttpServlet.java:619)
	at org.springframework.web.servlet.FrameworkServlet.service(FrameworkServlet.java:885)
	at jakarta.servlet.http.HttpServlet.service(HttpServlet.java:716)
	at org.apache.catalina.core.ApplicationFilterChain.doFilter(ApplicationFilterChain.java:130)
	at org.apache.tomcat.websocket.server.WsFilter.doFilter(WsFilter.java:51)
	at org.apache.catalina.core.ApplicationFilterChain.doFilter(ApplicationFilterChain.java:109)
	at org.apache.catalina.core.StandardWrapperValve.invoke(StandardWrapperValve.java:167)
	at org.apache.catalina.core.StandardContextValve.invoke(StandardContextValve.java:79)
	at org.apache.catalina.authenticator.AuthenticatorBase.invoke(AuthenticatorBase.java:483)
	at org.apache.catalina.core.StandardHostValve.invoke(StandardHostValve.java:115)
	at org.apache.catalina.valves.ErrorReportValve.invoke(ErrorReportValve.java:93)
	at org.apache.catalina.valves.AbstractAccessLogValve.invoke(AbstractAccessLogValve.java:663)
	at org.apache.catalina.core.StandardEngineValve.invoke(StandardEngineValve.java:74)
	at org.apache.catalina.connector.CoyoteAdapter.service(CoyoteAdapter.java:342)
	at org.apache.coyote.http11.Http11Processor.service(Http11Processor.java:395)
	at org.apache.coyote.AbstractProcessorLight.process(AbstractProcessorLight.java:63)
	at org.apache.coyote.AbstractProtocol$ConnectionHandler.process(AbstractProtocol.java:905)
	at org.apache.tomcat.util.net.NioEndpoint$SocketProcessor.doRun(NioEndpoint.java:1746)
	at org.apache.tomcat.util.net.SocketProcessorBase.run(SocketProcessorBase.java:52)
	at org.apache.tomcat.util.threads.ThreadPoolExecutor.runWorker(ThreadPoolExecutor.java:1148)
	at org.apache.tomcat.util.threads.ThreadPoolExecutor$Worker.run(ThreadPoolExecutor.java:636)
	at org.apache.tomcat.util.threads.TaskThread$WrappingRunnable.run(TaskThread.java:63)
	at java.base/java.lang.Thread.run(Thread.java:1583)
2025-12-01 23:50:29.043 [http-nio-80-exec-3] INFO  com.lilicould.blog.aop.ServiceLogAspect - [Service] 开始执行 - 获取指定ID的文章服务 (ArticleServiceImpl类的getArticleById方法)
2025-12-01 23:50:29.044 [http-nio-80-exec-3] DEBUG com.lilicould.blog.aop.ServiceLogAspect - [Service] 方法参数 - 获取指定ID的文章服务: [4]
2025-12-01 23:50:29.047 [http-nio-80-exec-3] INFO  com.lilicould.blog.aop.ServiceLogAspect - [Service] 执行完成 - 获取指定ID的文章服务，耗时：4ms
2025-12-01 23:50:29.048 [http-nio-80-exec-3] INFO  com.lilicould.blog.aop.ServiceLogAspect - [Service] 开始执行 - 增加阅读量服务 (ArticleServiceImpl类的incrementViewCount方法)
2025-12-01 23:50:29.048 [http-nio-80-exec-3] DEBUG com.lilicould.blog.aop.ServiceLogAspect - [Service] 方法参数 - 增加阅读量服务: [4]
2025-12-01 23:50:29.055 [http-nio-80-exec-3] INFO  com.lilicould.blog.aop.ServiceLogAspect - [Service] 执行完成 - 增加阅读量服务，耗时：7ms
2025-12-01 23:50:49.510 [http-nio-80-exec-5] INFO  com.lilicould.blog.aop.ServiceLogAspect - [Service] 开始执行 - 分页获取所有文章服务 (ArticleServiceImpl类的getAllArticles方法)
2025-12-01 23:50:49.510 [http-nio-80-exec-5] DEBUG com.lilicould.blog.aop.ServiceLogAspect - [Service] 方法参数 - 分页获取所有文章服务: [5, 2]
2025-12-01 23:50:49.516 [http-nio-80-exec-5] INFO  com.lilicould.blog.aop.ServiceLogAspect - [Service] 执行完成 - 分页获取所有文章服务，耗时：6ms
