2025-12-01 15:31:35.238 [http-nio-80-exec-5] DEBUG c.l.blog.interceptor.ControllerLogInterceptor - [Controller] 开始执行 - ArticleController类的getAllArticles方法
2025-12-01 15:31:35.243 [http-nio-80-exec-5] INFO  c.l.blog.interceptor.ControllerLogInterceptor - [HTTP] 请求开始-请求方式:GET  请求URI:/liliblog_war_exploded/api/article?pageSize=5&pageNum=2 - IP地址:0:0:0:0:0:0:0:1 - User-Agent: Other
2025-12-01 15:31:35.243 [http-nio-80-exec-5] DEBUG c.l.blog.interceptor.ControllerLogInterceptor - [HTTP] 请求头 - authorization: Bearer eyJhbGciOiJIUzI1NiJ9.eyJzdWIiOiJXdVRhbyIsInJvbGUiOiJWSVNJVE9SIiwiaWF0IjoxNzY0MDM5NTI4LCJleHAiOjE3NjQxMjU5Mjh9.TBZ81LIikENIiQo6b2wsf7lvqBGFdc3lQWEzogA-Eb8; user-agent: Apifox/1.0.0 (https://apifox.com); accept: */*; host: localhost; accept-encoding: gzip, deflate, br; connection: keep-alive; 
2025-12-01 15:31:35.249 [http-nio-80-exec-5] DEBUG c.l.blog.interceptor.ControllerLogInterceptor - [HTTP] 请求参数 - pageSize=5; pageNum=2; 
2025-12-01 15:31:37.332 [http-nio-80-exec-5] WARN  c.l.blog.interceptor.ControllerLogInterceptor - [HTTP] 请求完成 - GET /liliblog_war_exploded/api/article - 状态码: 200 - 耗时: 2094ms - 类型: application/json (慢请求)
2025-12-01 15:32:28.276 [http-nio-80-exec-1] DEBUG c.l.blog.interceptor.ControllerLogInterceptor - [Controller] 开始执行 - AuthController类的login方法
2025-12-01 15:32:28.276 [http-nio-80-exec-1] INFO  c.l.blog.interceptor.ControllerLogInterceptor - [HTTP] 请求开始-请求方式:POST  请求URI:/liliblog_war_exploded/api/auth/login?id=12 - IP地址:0:0:0:0:0:0:0:1 - User-Agent: Other
2025-12-01 15:32:28.276 [http-nio-80-exec-1] DEBUG c.l.blog.interceptor.ControllerLogInterceptor - [HTTP] 请求头 - user-agent: Apifox/1.0.0 (https://apifox.com); content-type: application/json; accept: */*; host: localhost; accept-encoding: gzip, deflate, br; connection: keep-alive; content-length: 59; 
2025-12-01 15:32:28.276 [http-nio-80-exec-1] DEBUG c.l.blog.interceptor.ControllerLogInterceptor - [HTTP] 请求参数 - id=12; 
2025-12-01 15:32:30.508 [http-nio-80-exec-1] WARN  c.l.blog.interceptor.ControllerLogInterceptor - [HTTP] 请求完成 - POST /liliblog_war_exploded/api/auth/login - 状态码: 200 - 耗时: 2232ms - 类型: application/json (慢请求)
2025-12-01 23:21:06.667 [http-nio-80-exec-8] DEBUG c.l.blog.interceptor.ControllerLogInterceptor - [Controller] 开始执行 - AuthController类的login方法
2025-12-01 23:21:06.704 [http-nio-80-exec-8] INFO  c.l.blog.interceptor.ControllerLogInterceptor - [HTTP] 请求开始-请求方式:POST  请求URI:/liliblog_war_exploded/api/auth/login?id=12 - IP地址:0:0:0:0:0:0:0:1 - User-Agent: Other
2025-12-01 23:21:06.705 [http-nio-80-exec-8] DEBUG c.l.blog.interceptor.ControllerLogInterceptor - [HTTP] 请求头 - user-agent: Apifox/1.0.0 (https://apifox.com); content-type: application/json; accept: */*; host: localhost; accept-encoding: gzip, deflate, br; connection: keep-alive; content-length: 59; 
2025-12-01 23:21:06.707 [http-nio-80-exec-8] DEBUG c.l.blog.interceptor.ControllerLogInterceptor - [HTTP] 请求参数 - id=12; 
2025-12-01 23:21:09.437 [http-nio-80-exec-8] WARN  c.l.blog.interceptor.ControllerLogInterceptor - [HTTP] 请求完成 - POST /liliblog_war_exploded/api/auth/login - 状态码: 200 - 耗时: 2770ms - 类型: application/json (慢请求)
2025-12-01 23:22:05.012 [http-nio-80-exec-1] DEBUG c.l.blog.interceptor.ControllerLogInterceptor - [Controller] 开始执行 - ArticleController类的getArticle方法
2025-12-01 23:22:05.013 [http-nio-80-exec-1] INFO  c.l.blog.interceptor.ControllerLogInterceptor - [HTTP] 请求开始-请求方式:GET  请求URI:/liliblog_war_exploded/api/article/2 - IP地址:0:0:0:0:0:0:0:1 - User-Agent: Other
2025-12-01 23:22:05.013 [http-nio-80-exec-1] DEBUG c.l.blog.interceptor.ControllerLogInterceptor - [HTTP] 请求头 - authorization: Bearer eyJhbGciOiJIUzI1NiJ9.eyJhbGciOiJIUzI1NiJ9.eyJzdWIiOiJMaWxpQ291bGQiLCJyb2xlIjoiVklTSVRPUiIsImlhdCI6MTc2NDYwMjQ2OSwiZXhwIjoxNzY0Njg4ODY5fQ.RL2q9vrqjfh8bikw9U9lbAzTAK-jxn6CiSTckkpF97Y; user-agent: Apifox/1.0.0 (https://apifox.com); accept: */*; host: localhost; accept-encoding: gzip, deflate, br; connection: keep-alive; 
2025-12-01 23:22:05.295 [http-nio-80-exec-1] INFO  c.l.blog.interceptor.ControllerLogInterceptor - [HTTP] 请求完成 - GET /liliblog_war_exploded/api/article/2 - 状态码: 200 - 耗时: 283ms - 类型: application/json
2025-12-01 23:22:08.093 [http-nio-80-exec-3] DEBUG c.l.blog.interceptor.ControllerLogInterceptor - [Controller] 开始执行 - ArticleController类的getArticle方法
2025-12-01 23:22:08.093 [http-nio-80-exec-3] INFO  c.l.blog.interceptor.ControllerLogInterceptor - [HTTP] 请求开始-请求方式:GET  请求URI:/liliblog_war_exploded/api/article/2 - IP地址:0:0:0:0:0:0:0:1 - User-Agent: Other
2025-12-01 23:22:08.094 [http-nio-80-exec-3] DEBUG c.l.blog.interceptor.ControllerLogInterceptor - [HTTP] 请求头 - authorization: Bearer eyJhbGciOiJIUzI1NiJ9.eyJhbGciOiJIUzI1NiJ9.eyJzdWIiOiJMaWxpQ291bGQiLCJyb2xlIjoiVklTSVRPUiIsImlhdCI6MTc2NDYwMjQ2OSwiZXhwIjoxNzY0Njg4ODY5fQ.RL2q9vrqjfh8bikw9U9lbAzTAK-jxn6CiSTckkpF97Y; user-agent: Apifox/1.0.0 (https://apifox.com); accept: */*; host: localhost; accept-encoding: gzip, deflate, br; connection: keep-alive; 
2025-12-01 23:22:08.096 [http-nio-80-exec-3] INFO  c.l.blog.interceptor.ControllerLogInterceptor - [HTTP] 请求完成 - GET /liliblog_war_exploded/api/article/2 - 状态码: 200 - 耗时: 3ms - 类型: application/json
2025-12-01 23:22:13.995 [http-nio-80-exec-4] DEBUG c.l.blog.interceptor.ControllerLogInterceptor - [Controller] 开始执行 - AuthController类的login方法
2025-12-01 23:22:13.995 [http-nio-80-exec-4] INFO  c.l.blog.interceptor.ControllerLogInterceptor - [HTTP] 请求开始-请求方式:POST  请求URI:/liliblog_war_exploded/api/auth/login?id=12 - IP地址:0:0:0:0:0:0:0:1 - User-Agent: Other
2025-12-01 23:22:13.995 [http-nio-80-exec-4] DEBUG c.l.blog.interceptor.ControllerLogInterceptor - [HTTP] 请求头 - user-agent: Apifox/1.0.0 (https://apifox.com); content-type: application/json; accept: */*; host: localhost; accept-encoding: gzip, deflate, br; connection: keep-alive; content-length: 59; 
2025-12-01 23:22:13.997 [http-nio-80-exec-4] DEBUG c.l.blog.interceptor.ControllerLogInterceptor - [HTTP] 请求参数 - id=12; 
2025-12-01 23:22:14.113 [http-nio-80-exec-4] INFO  c.l.blog.interceptor.ControllerLogInterceptor - [HTTP] 请求完成 - POST /liliblog_war_exploded/api/auth/login - 状态码: 200 - 耗时: 118ms - 类型: application/json
2025-12-01 23:22:35.623 [http-nio-80-exec-5] DEBUG c.l.blog.interceptor.ControllerLogInterceptor - [Controller] 开始执行 - ArticleController类的getArticle方法
2025-12-01 23:22:35.624 [http-nio-80-exec-5] INFO  c.l.blog.interceptor.ControllerLogInterceptor - [HTTP] 请求开始-请求方式:GET  请求URI:/liliblog_war_exploded/api/article/2 - IP地址:0:0:0:0:0:0:0:1 - User-Agent: Other
2025-12-01 23:22:35.624 [http-nio-80-exec-5] DEBUG c.l.blog.interceptor.ControllerLogInterceptor - [HTTP] 请求头 - authorization: Bearer eyJhbGciOiJIUzI1NiJ9.eyJzdWIiOiJMaWxpQ291bGQiLCJyb2xlIjoiVklTSVRPUiIsImlhdCI6MTc2NDYwMjUzNCwiZXhwIjoxNzY0Njg4OTM0fQ.8AEarXMtvj5XiCZrJlp9ROuFBucshTSqqn9GDCOh2KA; user-agent: Apifox/1.0.0 (https://apifox.com); accept: */*; host: localhost; accept-encoding: gzip, deflate, br; connection: keep-alive; 
2025-12-01 23:22:35.990 [http-nio-80-exec-5] INFO  c.l.blog.interceptor.ControllerLogInterceptor - [HTTP] 请求完成 - GET /liliblog_war_exploded/api/article/2 - 状态码: 200 - 耗时: 367ms - 类型: application/json
2025-12-01 23:24:38.175 [http-nio-80-exec-9] DEBUG c.l.blog.interceptor.ControllerLogInterceptor - [Controller] 开始执行 - ArticleController类的getArticle方法
2025-12-01 23:24:38.175 [http-nio-80-exec-9] INFO  c.l.blog.interceptor.ControllerLogInterceptor - [HTTP] 请求开始-请求方式:GET  请求URI:/liliblog_war_exploded/api/article/2 - IP地址:0:0:0:0:0:0:0:1 - User-Agent: Other
2025-12-01 23:24:38.177 [http-nio-80-exec-9] DEBUG c.l.blog.interceptor.ControllerLogInterceptor - [HTTP] 请求头 - authorization: Bearer eyJhbGciOiJIUzI1NiJ9.eyJzdWIiOiJMaWxpQ291bGQiLCJyb2xlIjoiVklTSVRPUiIsImlhdCI6MTc2NDYwMjUzNCwiZXhwIjoxNzY0Njg4OTM0fQ.8AEarXMtvj5XiCZrJlp9ROuFBucshTSqqn9GDCOh2KA; user-agent: Apifox/1.0.0 (https://apifox.com); accept: */*; host: localhost; accept-encoding: gzip, deflate, br; connection: keep-alive; 
2025-12-01 23:24:40.233 [http-nio-80-exec-9] WARN  c.l.blog.interceptor.ControllerLogInterceptor - [HTTP] 请求完成 - GET /liliblog_war_exploded/api/article/2 - 状态码: 200 - 耗时: 2058ms - 类型: application/json (慢请求)
2025-12-01 23:43:57.858 [http-nio-80-exec-6] DEBUG c.l.blog.interceptor.ControllerLogInterceptor - [Controller] 开始执行 - ArticleController类的getArticle方法
2025-12-01 23:43:57.859 [http-nio-80-exec-6] INFO  c.l.blog.interceptor.ControllerLogInterceptor - [HTTP] 请求开始-请求方式:GET  请求URI:/liliblog_war_exploded/api/article/1 - IP地址:0:0:0:0:0:0:0:1 - User-Agent: Other
2025-12-01 23:43:57.861 [http-nio-80-exec-6] DEBUG c.l.blog.interceptor.ControllerLogInterceptor - [HTTP] 请求头 - authorization: Bearer eyJhbGciOiJIUzI1NiJ9.eyJzdWIiOiJMaWxpQ291bGQiLCJyb2xlIjoiVklTSVRPUiIsImlhdCI6MTc2NDYwMjUzNCwiZXhwIjoxNzY0Njg4OTM0fQ.8AEarXMtvj5XiCZrJlp9ROuFBucshTSqqn9GDCOh2KA; user-agent: Apifox/1.0.0 (https://apifox.com); accept: */*; host: localhost; accept-encoding: gzip, deflate, br; connection: keep-alive; 
2025-12-01 23:43:59.861 [http-nio-80-exec-6] WARN  c.l.blog.interceptor.ControllerLogInterceptor - [HTTP] 请求完成 - GET /liliblog_war_exploded/api/article/1 - 状态码: 200 - 耗时: 2003ms - 类型: application/json (慢请求)
2025-12-01 23:50:04.682 [http-nio-80-exec-1] DEBUG c.l.blog.interceptor.ControllerLogInterceptor - [Controller] 开始执行 - ArticleController类的getArticle方法
2025-12-01 23:50:04.682 [http-nio-80-exec-1] INFO  c.l.blog.interceptor.ControllerLogInterceptor - [HTTP] 请求开始-请求方式:GET  请求URI:/liliblog_war_exploded/api/article/2 - IP地址:0:0:0:0:0:0:0:1 - User-Agent: Other
2025-12-01 23:50:04.683 [http-nio-80-exec-1] DEBUG c.l.blog.interceptor.ControllerLogInterceptor - [HTTP] 请求头 - authorization: Bearer eyJhbGciOiJIUzI1NiJ9.eyJzdWIiOiJMaWxpQ291bGQiLCJyb2xlIjoiVklTSVRPUiIsImlhdCI6MTc2NDYwMjUzNCwiZXhwIjoxNzY0Njg4OTM0fQ.8AEarXMtvj5XiCZrJlp9ROuFBucshTSqqn9GDCOh2KA; user-agent: Apifox/1.0.0 (https://apifox.com); accept: */*; host: localhost; accept-encoding: gzip, deflate, br; connection: keep-alive; 
2025-12-01 23:50:04.770 [http-nio-80-exec-1] INFO  c.l.blog.interceptor.ControllerLogInterceptor - [HTTP] 请求完成 - GET /liliblog_war_exploded/api/article/2 - 状态码: 200 - 耗时: 88ms - 类型: application/json
2025-12-01 23:50:10.543 [http-nio-80-exec-2] DEBUG c.l.blog.interceptor.ControllerLogInterceptor - [Controller] 开始执行 - ArticleController类的getArticle方法
2025-12-01 23:50:10.543 [http-nio-80-exec-2] INFO  c.l.blog.interceptor.ControllerLogInterceptor - [HTTP] 请求开始-请求方式:GET  请求URI:/liliblog_war_exploded/api/article/3 - IP地址:0:0:0:0:0:0:0:1 - User-Agent: Other
2025-12-01 23:50:10.543 [http-nio-80-exec-2] DEBUG c.l.blog.interceptor.ControllerLogInterceptor - [HTTP] 请求头 - authorization: Bearer eyJhbGciOiJIUzI1NiJ9.eyJzdWIiOiJMaWxpQ291bGQiLCJyb2xlIjoiVklTSVRPUiIsImlhdCI6MTc2NDYwMjUzNCwiZXhwIjoxNzY0Njg4OTM0fQ.8AEarXMtvj5XiCZrJlp9ROuFBucshTSqqn9GDCOh2KA; user-agent: Apifox/1.0.0 (https://apifox.com); accept: */*; host: localhost; accept-encoding: gzip, deflate, br; connection: keep-alive; 
2025-12-01 23:50:10.648 [http-nio-80-exec-2] INFO  c.l.blog.interceptor.ControllerLogInterceptor - [HTTP] 请求完成 - GET /liliblog_war_exploded/api/article/3 - 状态码: 200 - 耗时: 105ms - 类型: application/json
2025-12-01 23:50:29.040 [http-nio-80-exec-3] DEBUG c.l.blog.interceptor.ControllerLogInterceptor - [Controller] 开始执行 - ArticleController类的getArticle方法
2025-12-01 23:50:29.040 [http-nio-80-exec-3] INFO  c.l.blog.interceptor.ControllerLogInterceptor - [HTTP] 请求开始-请求方式:GET  请求URI:/liliblog_war_exploded/api/article/4 - IP地址:0:0:0:0:0:0:0:1 - User-Agent: Other
2025-12-01 23:50:29.041 [http-nio-80-exec-3] DEBUG c.l.blog.interceptor.ControllerLogInterceptor - [HTTP] 请求头 - authorization: Bearer eyJhbGciOiJIUzI1NiJ9.eyJzdWIiOiJMaWxpQ291bGQiLCJyb2xlIjoiVklTSVRPUiIsImlhdCI6MTc2NDYwMjUzNCwiZXhwIjoxNzY0Njg4OTM0fQ.8AEarXMtvj5XiCZrJlp9ROuFBucshTSqqn9GDCOh2KA; user-agent: Apifox/1.0.0 (https://apifox.com); accept: */*; host: localhost; accept-encoding: gzip, deflate, br; connection: keep-alive; 
2025-12-01 23:50:29.065 [http-nio-80-exec-3] INFO  c.l.blog.interceptor.ControllerLogInterceptor - [HTTP] 请求完成 - GET /liliblog_war_exploded/api/article/4 - 状态码: 200 - 耗时: 25ms - 类型: application/json
2025-12-01 23:50:49.502 [http-nio-80-exec-5] DEBUG c.l.blog.interceptor.ControllerLogInterceptor - [Controller] 开始执行 - ArticleController类的getAllArticles方法
2025-12-01 23:50:49.503 [http-nio-80-exec-5] INFO  c.l.blog.interceptor.ControllerLogInterceptor - [HTTP] 请求开始-请求方式:GET  请求URI:/liliblog_war_exploded/api/article?pageSize=5&pageNum=2 - IP地址:0:0:0:0:0:0:0:1 - User-Agent: Other
2025-12-01 23:50:49.503 [http-nio-80-exec-5] DEBUG c.l.blog.interceptor.ControllerLogInterceptor - [HTTP] 请求头 - authorization: Bearer eyJhbGciOiJIUzI1NiJ9.eyJzdWIiOiJMaWxpQ291bGQiLCJyb2xlIjoiVklTSVRPUiIsImlhdCI6MTc2NDYwMjUzNCwiZXhwIjoxNzY0Njg4OTM0fQ.8AEarXMtvj5XiCZrJlp9ROuFBucshTSqqn9GDCOh2KA; user-agent: Apifox/1.0.0 (https://apifox.com); accept: */*; host: localhost; accept-encoding: gzip, deflate, br; connection: keep-alive; 
2025-12-01 23:50:49.504 [http-nio-80-exec-5] DEBUG c.l.blog.interceptor.ControllerLogInterceptor - [HTTP] 请求参数 - pageSize=5; pageNum=2; 
2025-12-01 23:50:49.535 [http-nio-80-exec-5] INFO  c.l.blog.interceptor.ControllerLogInterceptor - [HTTP] 请求完成 - GET /liliblog_war_exploded/api/article - 状态码: 200 - 耗时: 33ms - 类型: application/json
