2025-12-02 11:11:37.318 [http-nio-80-exec-9] DEBUG c.l.blog.interceptor.ControllerLogInterceptor - [Controller] 开始执行 - AuthController类的login方法
2025-12-02 11:11:37.322 [http-nio-80-exec-9] INFO  c.l.blog.interceptor.ControllerLogInterceptor - [HTTP] 请求开始-请求方式:POST  请求URI:/liliblog_war_exploded/api/auth/login?id=12 - IP地址:0:0:0:0:0:0:0:1 - User-Agent: Other
2025-12-02 11:11:37.323 [http-nio-80-exec-9] DEBUG c.l.blog.interceptor.ControllerLogInterceptor - [HTTP] 请求头 - authorization: ; user-agent: Apifox/1.0.0 (https://apifox.com); content-type: application/json; accept: */*; host: localhost; accept-encoding: gzip, deflate, br; connection: keep-alive; content-length: 59; 
2025-12-02 11:11:37.323 [http-nio-80-exec-9] DEBUG c.l.blog.interceptor.ControllerLogInterceptor - [HTTP] 请求参数 - id=12; 
2025-12-02 11:11:39.591 [http-nio-80-exec-9] WARN  c.l.blog.interceptor.ControllerLogInterceptor - [HTTP] 请求完成 - POST /liliblog_war_exploded/api/auth/login - 状态码: 200 - 耗时: 2273ms - 类型: application/json (慢请求)
2025-12-02 11:12:18.692 [http-nio-80-exec-2] DEBUG c.l.blog.interceptor.ControllerLogInterceptor - [Controller] 开始执行 - ArticleController类的createArticle方法
2025-12-02 11:12:18.694 [http-nio-80-exec-2] INFO  c.l.blog.interceptor.ControllerLogInterceptor - [HTTP] 请求开始-请求方式:POST  请求URI:/liliblog_war_exploded/api/article - IP地址:0:0:0:0:0:0:0:1 - User-Agent: Other
2025-12-02 11:12:18.694 [http-nio-80-exec-2] DEBUG c.l.blog.interceptor.ControllerLogInterceptor - [HTTP] 请求头 - authorization: Bearer eyJhbGciOiJIUzI1NiJ9.eyJzdWIiOiJXdVRhbyIsInJvbGUiOiJWSVNJVE9SIiwiaWF0IjoxNzY0MDM5NTI4LCJleHAiOjE3NjQxMjU5Mjh9.TBZ81LIikENIiQo6b2wsf7lvqBGFdc3lQWEzogA-Eb8; user-agent: Apifox/1.0.0 (https://apifox.com); content-type: application/json; accept: */*; host: localhost; accept-encoding: gzip, deflate, br; connection: keep-alive; content-length: 428; 
2025-12-02 11:12:19.089 [http-nio-80-exec-2] INFO  c.l.blog.interceptor.ControllerLogInterceptor - [HTTP] 请求完成 - POST /liliblog_war_exploded/api/article - 状态码: 200 - 耗时: 397ms - 类型: application/json
2025-12-02 11:12:36.405 [http-nio-80-exec-3] DEBUG c.l.blog.interceptor.ControllerLogInterceptor - [Controller] 开始执行 - ArticleController类的createArticle方法
2025-12-02 11:12:36.405 [http-nio-80-exec-3] INFO  c.l.blog.interceptor.ControllerLogInterceptor - [HTTP] 请求开始-请求方式:POST  请求URI:/liliblog_war_exploded/api/article - IP地址:0:0:0:0:0:0:0:1 - User-Agent: Other
2025-12-02 11:12:36.405 [http-nio-80-exec-3] DEBUG c.l.blog.interceptor.ControllerLogInterceptor - [HTTP] 请求头 - authorization: bearer         "token": "eyJhbGciOiJIUzI1NiJ9.eyJzdWIiOiJMaWxpQ291bGQiLCJyb2xlIjoiVklTSVRPUiIsImlhdCI6MTc2NDY0NTA5OSwiZXhwIjoxNzY0NzMxNDk5fQ.YSVmVEPQ9rV1ETfZAm5s2l_U_kMdQXwYrnOwhrLri84",; user-agent: Apifox/1.0.0 (https://apifox.com); content-type: application/json; accept: */*; host: localhost; accept-encoding: gzip, deflate, br; connection: keep-alive; content-length: 428; 
2025-12-02 11:12:36.408 [http-nio-80-exec-3] INFO  c.l.blog.interceptor.ControllerLogInterceptor - [HTTP] 请求完成 - POST /liliblog_war_exploded/api/article - 状态码: 200 - 耗时: 3ms - 类型: application/json
2025-12-02 11:12:58.191 [http-nio-80-exec-6] DEBUG c.l.blog.interceptor.ControllerLogInterceptor - [Controller] 开始执行 - ArticleController类的createArticle方法
2025-12-02 11:12:58.191 [http-nio-80-exec-6] INFO  c.l.blog.interceptor.ControllerLogInterceptor - [HTTP] 请求开始-请求方式:POST  请求URI:/liliblog_war_exploded/api/article - IP地址:0:0:0:0:0:0:0:1 - User-Agent: Other
2025-12-02 11:12:58.191 [http-nio-80-exec-6] DEBUG c.l.blog.interceptor.ControllerLogInterceptor - [HTTP] 请求头 - authorization: bearer eyJhbGciOiJIUzI1NiJ9.eyJzdWIiOiJMaWxpQ291bGQiLCJyb2xlIjoiVklTSVRPUiIsImlhdCI6MTc2NDY0NTA5OSwiZXhwIjoxNzY0NzMxNDk5fQ.YSVmVEPQ9rV1ETfZAm5s2l_U_kMdQXwYrnOwhrLri84; user-agent: Apifox/1.0.0 (https://apifox.com); content-type: application/json; accept: */*; host: localhost; accept-encoding: gzip, deflate, br; connection: keep-alive; content-length: 428; 
2025-12-02 11:12:58.193 [http-nio-80-exec-6] INFO  c.l.blog.interceptor.ControllerLogInterceptor - [HTTP] 请求完成 - POST /liliblog_war_exploded/api/article - 状态码: 200 - 耗时: 2ms - 类型: application/json
2025-12-02 11:13:12.429 [http-nio-80-exec-7] DEBUG c.l.blog.interceptor.ControllerLogInterceptor - [Controller] 开始执行 - ArticleController类的createArticle方法
2025-12-02 11:13:12.430 [http-nio-80-exec-7] INFO  c.l.blog.interceptor.ControllerLogInterceptor - [HTTP] 请求开始-请求方式:POST  请求URI:/liliblog_war_exploded/api/article - IP地址:0:0:0:0:0:0:0:1 - User-Agent: Other
2025-12-02 11:13:12.430 [http-nio-80-exec-7] DEBUG c.l.blog.interceptor.ControllerLogInterceptor - [HTTP] 请求头 - authorization: bearer eyJhbGciOiJIUzI1NiJ9.eyJzdWIiOiJMaWxpQ291bGQiLCJyb2xlIjoiVklTSVRPUiIsImlhdCI6MTc2NDY0NTA5OSwiZXhwIjoxNzY0NzMxNDk5fQ.YSVmVEPQ9rV1ETfZAm5s2l_U_kMdQXwYrnOwhrLri84; user-agent: Apifox/1.0.0 (https://apifox.com); content-type: application/json; accept: */*; host: localhost; accept-encoding: gzip, deflate, br; connection: keep-alive; content-length: 428; 
2025-12-02 11:13:12.431 [http-nio-80-exec-7] INFO  c.l.blog.interceptor.ControllerLogInterceptor - [HTTP] 请求完成 - POST /liliblog_war_exploded/api/article - 状态码: 200 - 耗时: 2ms - 类型: application/json
2025-12-02 11:13:55.350 [http-nio-80-exec-10] DEBUG c.l.blog.interceptor.ControllerLogInterceptor - [Controller] 开始执行 - ArticleController类的createArticle方法
2025-12-02 11:13:55.350 [http-nio-80-exec-10] INFO  c.l.blog.interceptor.ControllerLogInterceptor - [HTTP] 请求开始-请求方式:POST  请求URI:/liliblog_war_exploded/api/article - IP地址:0:0:0:0:0:0:0:1 - User-Agent: Other
2025-12-02 11:13:55.350 [http-nio-80-exec-10] DEBUG c.l.blog.interceptor.ControllerLogInterceptor - [HTTP] 请求头 - authorization: Bearer eyJhbGciOiJIUzI1NiJ9.eyJzdWIiOiJMaWxpQ291bGQiLCJyb2xlIjoiVklTSVRPUiIsImlhdCI6MTc2NDY0NTA5OSwiZXhwIjoxNzY0NzMxNDk5fQ.YSVmVEPQ9rV1ETfZAm5s2l_U_kMdQXwYrnOwhrLri84; user-agent: Apifox/1.0.0 (https://apifox.com); content-type: application/json; accept: */*; host: localhost; accept-encoding: gzip, deflate, br; connection: keep-alive; content-length: 428; 
2025-12-02 11:13:55.549 [http-nio-80-exec-10] INFO  c.l.blog.interceptor.ControllerLogInterceptor - [HTTP] 请求完成 - POST /liliblog_war_exploded/api/article - 状态码: 200 - 耗时: 199ms - 类型: application/json
2025-12-02 11:14:14.638 [http-nio-80-exec-1] DEBUG c.l.blog.interceptor.ControllerLogInterceptor - [Controller] 开始执行 - ArticleController类的getAllArticles方法
2025-12-02 11:14:14.638 [http-nio-80-exec-1] INFO  c.l.blog.interceptor.ControllerLogInterceptor - [HTTP] 请求开始-请求方式:GET  请求URI:/liliblog_war_exploded/api/article?pageSize=5&pageNum=2 - IP地址:0:0:0:0:0:0:0:1 - User-Agent: Other
2025-12-02 11:14:14.638 [http-nio-80-exec-1] DEBUG c.l.blog.interceptor.ControllerLogInterceptor - [HTTP] 请求头 - authorization: Bearer eyJhbGciOiJIUzI1NiJ9.eyJzdWIiOiJMaWxpQ291bGQiLCJyb2xlIjoiVklTSVRPUiIsImlhdCI6MTc2NDYwMjUzNCwiZXhwIjoxNzY0Njg4OTM0fQ.8AEarXMtvj5XiCZrJlp9ROuFBucshTSqqn9GDCOh2KA; user-agent: Apifox/1.0.0 (https://apifox.com); accept: */*; host: localhost; accept-encoding: gzip, deflate, br; connection: keep-alive; 
2025-12-02 11:14:14.640 [http-nio-80-exec-1] DEBUG c.l.blog.interceptor.ControllerLogInterceptor - [HTTP] 请求参数 - pageSize=5; pageNum=2; 
2025-12-02 11:14:14.693 [http-nio-80-exec-1] INFO  c.l.blog.interceptor.ControllerLogInterceptor - [HTTP] 请求完成 - GET /liliblog_war_exploded/api/article - 状态码: 200 - 耗时: 55ms - 类型: application/json
2025-12-02 11:14:25.219 [http-nio-80-exec-2] DEBUG c.l.blog.interceptor.ControllerLogInterceptor - [Controller] 开始执行 - ArticleController类的getAllArticles方法
2025-12-02 11:14:25.219 [http-nio-80-exec-2] INFO  c.l.blog.interceptor.ControllerLogInterceptor - [HTTP] 请求开始-请求方式:GET  请求URI:/liliblog_war_exploded/api/article?pageSize=5&pageNum=2 - IP地址:0:0:0:0:0:0:0:1 - User-Agent: Other
2025-12-02 11:14:25.219 [http-nio-80-exec-2] DEBUG c.l.blog.interceptor.ControllerLogInterceptor - [HTTP] 请求头 - authorization: Bearer eyJhbGciOiJIUzI1NiJ9.eyJzdWIiOiJMaWxpQ291bGQiLCJyb2xlIjoiVklTSVRPUiIsImlhdCI6MTc2NDY0NTA5OSwiZXhwIjoxNzY0NzMxNDk5fQ.YSVmVEPQ9rV1ETfZAm5s2l_U_kMdQXwYrnOwhrLri84; user-agent: Apifox/1.0.0 (https://apifox.com); accept: */*; host: localhost; accept-encoding: gzip, deflate, br; connection: keep-alive; 
2025-12-02 11:14:25.222 [http-nio-80-exec-2] DEBUG c.l.blog.interceptor.ControllerLogInterceptor - [HTTP] 请求参数 - pageSize=5; pageNum=2; 
2025-12-02 11:14:25.232 [http-nio-80-exec-2] INFO  c.l.blog.interceptor.ControllerLogInterceptor - [HTTP] 请求完成 - GET /liliblog_war_exploded/api/article - 状态码: 200 - 耗时: 13ms - 类型: application/json
2025-12-02 11:27:33.582 [http-nio-80-exec-9] DEBUG c.l.blog.interceptor.ControllerLogInterceptor - [Controller] 开始执行 - ArticleController类的getAllArticles方法
2025-12-02 11:27:33.582 [http-nio-80-exec-9] INFO  c.l.blog.interceptor.ControllerLogInterceptor - [HTTP] 请求开始-请求方式:GET  请求URI:/liliblog_war_exploded/api/article?pageSize=5&pageNum=2 - IP地址:0:0:0:0:0:0:0:1 - User-Agent: Other
2025-12-02 11:27:33.586 [http-nio-80-exec-9] DEBUG c.l.blog.interceptor.ControllerLogInterceptor - [HTTP] 请求头 - authorization: Bearer eyJhbGciOiJIUzI1NiJ9.eyJzdWIiOiJMaWxpQ291bGQiLCJyb2xlIjoiVklTSVRPUiIsImlhdCI6MTc2NDY0NTA5OSwiZXhwIjoxNzY0NzMxNDk5fQ.YSVmVEPQ9rV1ETfZAm5s2l_U_kMdQXwYrnOwhrLri84; user-agent: Apifox/1.0.0 (https://apifox.com); accept: */*; host: localhost; accept-encoding: gzip, deflate, br; connection: keep-alive; 
2025-12-02 11:27:33.586 [http-nio-80-exec-9] DEBUG c.l.blog.interceptor.ControllerLogInterceptor - [HTTP] 请求参数 - pageSize=5; pageNum=2; 
2025-12-02 11:27:35.523 [http-nio-80-exec-9] WARN  c.l.blog.interceptor.ControllerLogInterceptor - [HTTP] 请求完成 - GET /liliblog_war_exploded/api/article - 状态码: 200 - 耗时: 1941ms - 类型: application/json (慢请求)
2025-12-02 11:27:41.011 [http-nio-80-exec-10] DEBUG c.l.blog.interceptor.ControllerLogInterceptor - [Controller] 开始执行 - ArticleController类的getAllArticles方法
2025-12-02 11:27:41.011 [http-nio-80-exec-10] INFO  c.l.blog.interceptor.ControllerLogInterceptor - [HTTP] 请求开始-请求方式:GET  请求URI:/liliblog_war_exploded/api/article?pageSize=5&pageNum=2 - IP地址:0:0:0:0:0:0:0:1 - User-Agent: Other
2025-12-02 11:27:41.011 [http-nio-80-exec-10] DEBUG c.l.blog.interceptor.ControllerLogInterceptor - [HTTP] 请求头 - authorization: Bearer eyJhbGciOiJIUzI1NiJ9.eyJzdWIiOiJMaWxpQ291bGQiLCJyb2xlIjoiVklTSVRPUiIsImlhdCI6MTc2NDY0NTA5OSwiZXhwIjoxNzY0NzMxNDk5fQ.YSVmVEPQ9rV1ETfZAm5s2l_U_kMdQXwYrnOwhrLri84; user-agent: Apifox/1.0.0 (https://apifox.com); accept: */*; host: localhost; accept-encoding: gzip, deflate, br; connection: keep-alive; 
2025-12-02 11:27:41.011 [http-nio-80-exec-10] DEBUG c.l.blog.interceptor.ControllerLogInterceptor - [HTTP] 请求参数 - pageSize=5; pageNum=2; 
2025-12-02 11:27:41.021 [http-nio-80-exec-10] INFO  c.l.blog.interceptor.ControllerLogInterceptor - [HTTP] 请求完成 - GET /liliblog_war_exploded/api/article - 状态码: 200 - 耗时: 10ms - 类型: application/json
2025-12-02 11:28:43.431 [http-nio-80-exec-2] DEBUG c.l.blog.interceptor.ControllerLogInterceptor - [Controller] 开始执行 - PublicController类的getArticles方法
2025-12-02 11:28:43.432 [http-nio-80-exec-2] INFO  c.l.blog.interceptor.ControllerLogInterceptor - [HTTP] 请求开始-请求方式:GET  请求URI:/liliblog_war_exploded/api/public/articles - IP地址:0:0:0:0:0:0:0:1 - User-Agent: Other
2025-12-02 11:28:43.432 [http-nio-80-exec-2] DEBUG c.l.blog.interceptor.ControllerLogInterceptor - [HTTP] 请求头 - authorization: Bearer eyJhbGciOiJIUzI1NiJ9.eyJzdWIiOiJMaWxpQ291bGQiLCJyb2xlIjoiVklTSVRPUiIsImlhdCI6MTc2NDY0NTA5OSwiZXhwIjoxNzY0NzMxNDk5fQ.YSVmVEPQ9rV1ETfZAm5s2l_U_kMdQXwYrnOwhrLri84; user-agent: Apifox/1.0.0 (https://apifox.com); accept: */*; host: localhost; accept-encoding: gzip, deflate, br; connection: keep-alive; 
2025-12-02 11:28:43.616 [http-nio-80-exec-2] INFO  c.l.blog.interceptor.ControllerLogInterceptor - [HTTP] 请求完成 - GET /liliblog_war_exploded/api/public/articles - 状态码: 200 - 耗时: 185ms - 类型: application/json
2025-12-02 11:29:08.029 [http-nio-80-exec-6] DEBUG c.l.blog.interceptor.ControllerLogInterceptor - [Controller] 开始执行 - PublicController类的getArticles方法
2025-12-02 11:29:08.029 [http-nio-80-exec-6] INFO  c.l.blog.interceptor.ControllerLogInterceptor - [HTTP] 请求开始-请求方式:GET  请求URI:/liliblog_war_exploded/api/public/articles - IP地址:0:0:0:0:0:0:0:1 - User-Agent: Other
2025-12-02 11:29:08.029 [http-nio-80-exec-6] DEBUG c.l.blog.interceptor.ControllerLogInterceptor - [HTTP] 请求头 - authorization: Bearer eyJhbGciOiJIUzI1NiJ9.eyJzdWIiOiJMaWxpQ291bGQiLCJyb2xlIjoiVklTSVRPUiIsImlhdCI6MTc2NDY0NTA5OSwiZXhwIjoxNzY0NzMxNDk5fQ.YSVmVEPQ9rV1ETfZAm5s2l_U_kMdQXwYrnOwhrLri84; user-agent: Apifox/1.0.0 (https://apifox.com); accept: */*; host: localhost; accept-encoding: gzip, deflate, br; connection: keep-alive; 
2025-12-02 11:29:08.040 [http-nio-80-exec-6] INFO  c.l.blog.interceptor.ControllerLogInterceptor - [HTTP] 请求完成 - GET /liliblog_war_exploded/api/public/articles - 状态码: 200 - 耗时: 11ms - 类型: application/json
2025-12-02 11:29:11.006 [http-nio-80-exec-7] DEBUG c.l.blog.interceptor.ControllerLogInterceptor - [Controller] 开始执行 - PublicController类的getArticles方法
2025-12-02 11:29:11.007 [http-nio-80-exec-7] INFO  c.l.blog.interceptor.ControllerLogInterceptor - [HTTP] 请求开始-请求方式:GET  请求URI:/liliblog_war_exploded/api/public/articles - IP地址:0:0:0:0:0:0:0:1 - User-Agent: Other
2025-12-02 11:29:11.007 [http-nio-80-exec-7] DEBUG c.l.blog.interceptor.ControllerLogInterceptor - [HTTP] 请求头 - authorization: Bearer eyJhbGciOiJIUzI1NiJ9.eyJzdWIiOiJMaWxpQ291bGQiLCJyb2xlIjoiVklTSVRPUiIsImlhdCI6MTc2NDY0NTA5OSwiZXhwIjoxNzY0NzMxNDk5fQ.YSVmVEPQ9rV1ETfZAm5s2l_U_kMdQXwYrnOwhrLri84; user-agent: Apifox/1.0.0 (https://apifox.com); accept: */*; host: localhost; accept-encoding: gzip, deflate, br; connection: keep-alive; 
2025-12-02 11:29:11.016 [http-nio-80-exec-7] INFO  c.l.blog.interceptor.ControllerLogInterceptor - [HTTP] 请求完成 - GET /liliblog_war_exploded/api/public/articles - 状态码: 200 - 耗时: 10ms - 类型: application/json
2025-12-02 11:29:41.579 [http-nio-80-exec-1] DEBUG c.l.blog.interceptor.ControllerLogInterceptor - [Controller] 开始执行 - PublicController类的getArticles方法
2025-12-02 11:29:41.579 [http-nio-80-exec-1] INFO  c.l.blog.interceptor.ControllerLogInterceptor - [HTTP] 请求开始-请求方式:GET  请求URI:/liliblog_war_exploded/api/public/articles - IP地址:0:0:0:0:0:0:0:1 - User-Agent: Other
2025-12-02 11:29:41.579 [http-nio-80-exec-1] DEBUG c.l.blog.interceptor.ControllerLogInterceptor - [HTTP] 请求头 - authorization: Bearer eyJhbGciOiJIUzI1NiJ9.eyJzdWIiOiJMaWxpQ291bGQiLCJyb2xlIjoiVklTSVRPUiIsImlhdCI6MTc2NDY0NTA5OSwiZXhwIjoxNzY0NzMxNDk5fQ.YSVmVEPQ9rV1ETfZAm5s2l_U_kMdQXwYrnOwhrLri84; user-agent: Apifox/1.0.0 (https://apifox.com); accept: */*; host: localhost; accept-encoding: gzip, deflate, br; connection: keep-alive; 
2025-12-02 11:29:42.376 [http-nio-80-exec-1] INFO  c.l.blog.interceptor.ControllerLogInterceptor - [HTTP] 请求完成 - GET /liliblog_war_exploded/api/public/articles - 状态码: 200 - 耗时: 797ms - 类型: application/json
2025-12-02 11:55:26.374 [http-nio-80-exec-24] DEBUG c.l.blog.interceptor.ControllerLogInterceptor - [Controller] 开始执行 - PublicController类的getArticles方法
2025-12-02 11:55:26.374 [http-nio-80-exec-24] INFO  c.l.blog.interceptor.ControllerLogInterceptor - [HTTP] 请求开始-请求方式:GET  请求URI:/liliblog_war_exploded/api/public/articles - IP地址:0:0:0:0:0:0:0:1 - User-Agent: Other
2025-12-02 11:55:26.374 [http-nio-80-exec-24] DEBUG c.l.blog.interceptor.ControllerLogInterceptor - [HTTP] 请求头 - authorization: Bearer eyJhbGciOiJIUzI1NiJ9.eyJzdWIiOiJMaWxpQ291bGQiLCJyb2xlIjoiVklTSVRPUiIsImlhdCI6MTc2NDY0NTA5OSwiZXhwIjoxNzY0NzMxNDk5fQ.YSVmVEPQ9rV1ETfZAm5s2l_U_kMdQXwYrnOwhrLri84; user-agent: Apifox/1.0.0 (https://apifox.com); accept: */*; host: localhost; accept-encoding: gzip, deflate, br; connection: keep-alive; 
2025-12-02 11:55:27.304 [http-nio-80-exec-24] INFO  c.l.blog.interceptor.ControllerLogInterceptor - [HTTP] 请求完成 - GET /liliblog_war_exploded/api/public/articles - 状态码: 200 - 耗时: 930ms - 类型: application/json
2025-12-02 11:57:35.152 [http-nio-80-exec-9] DEBUG c.l.blog.interceptor.ControllerLogInterceptor - [Controller] 开始执行 - PublicController类的getArticles方法
2025-12-02 11:57:35.154 [http-nio-80-exec-9] INFO  c.l.blog.interceptor.ControllerLogInterceptor - [HTTP] 请求开始-请求方式:GET  请求URI:/liliblog_war_exploded/api/public/articles?pageSize=5&pageNum=2 - IP地址:0:0:0:0:0:0:0:1 - User-Agent: Other
2025-12-02 11:57:35.155 [http-nio-80-exec-9] DEBUG c.l.blog.interceptor.ControllerLogInterceptor - [HTTP] 请求头 - authorization: Bearer eyJhbGciOiJIUzI1NiJ9.eyJzdWIiOiJMaWxpQ291bGQiLCJyb2xlIjoiVklTSVRPUiIsImlhdCI6MTc2NDY0NTA5OSwiZXhwIjoxNzY0NzMxNDk5fQ.YSVmVEPQ9rV1ETfZAm5s2l_U_kMdQXwYrnOwhrLri84; user-agent: Apifox/1.0.0 (https://apifox.com); accept: */*; host: localhost; accept-encoding: gzip, deflate, br; connection: keep-alive; 
2025-12-02 11:57:35.156 [http-nio-80-exec-9] DEBUG c.l.blog.interceptor.ControllerLogInterceptor - [HTTP] 请求参数 - pageSize=5; pageNum=2; 
2025-12-02 11:57:36.213 [http-nio-80-exec-9] WARN  c.l.blog.interceptor.ControllerLogInterceptor - [HTTP] 请求完成 - GET /liliblog_war_exploded/api/public/articles - 状态码: 200 - 耗时: 1061ms - 类型: application/json (慢请求)
2025-12-02 11:57:56.939 [http-nio-80-exec-2] DEBUG c.l.blog.interceptor.ControllerLogInterceptor - [Controller] 开始执行 - PublicController类的getArticles方法
2025-12-02 11:57:56.939 [http-nio-80-exec-2] INFO  c.l.blog.interceptor.ControllerLogInterceptor - [HTTP] 请求开始-请求方式:GET  请求URI:/liliblog_war_exploded/api/public/articles?pageSize=5&pageNum=1 - IP地址:0:0:0:0:0:0:0:1 - User-Agent: Other
2025-12-02 11:57:56.939 [http-nio-80-exec-2] DEBUG c.l.blog.interceptor.ControllerLogInterceptor - [HTTP] 请求头 - authorization: Bearer eyJhbGciOiJIUzI1NiJ9.eyJzdWIiOiJMaWxpQ291bGQiLCJyb2xlIjoiVklTSVRPUiIsImlhdCI6MTc2NDY0NTA5OSwiZXhwIjoxNzY0NzMxNDk5fQ.YSVmVEPQ9rV1ETfZAm5s2l_U_kMdQXwYrnOwhrLri84; user-agent: Apifox/1.0.0 (https://apifox.com); accept: */*; host: localhost; accept-encoding: gzip, deflate, br; connection: keep-alive; 
2025-12-02 11:57:56.939 [http-nio-80-exec-2] DEBUG c.l.blog.interceptor.ControllerLogInterceptor - [HTTP] 请求参数 - pageSize=5; pageNum=1; 
2025-12-02 11:57:56.949 [http-nio-80-exec-2] INFO  c.l.blog.interceptor.ControllerLogInterceptor - [HTTP] 请求完成 - GET /liliblog_war_exploded/api/public/articles - 状态码: 200 - 耗时: 10ms - 类型: application/json
2025-12-02 11:58:14.467 [http-nio-80-exec-3] DEBUG c.l.blog.interceptor.ControllerLogInterceptor - [Controller] 开始执行 - PublicController类的getArticles方法
2025-12-02 11:58:14.467 [http-nio-80-exec-3] INFO  c.l.blog.interceptor.ControllerLogInterceptor - [HTTP] 请求开始-请求方式:GET  请求URI:/liliblog_war_exploded/api/public/articles?pageSize=5&pageNum= - IP地址:0:0:0:0:0:0:0:1 - User-Agent: Other
2025-12-02 11:58:14.467 [http-nio-80-exec-3] DEBUG c.l.blog.interceptor.ControllerLogInterceptor - [HTTP] 请求头 - authorization: Bearer eyJhbGciOiJIUzI1NiJ9.eyJzdWIiOiJMaWxpQ291bGQiLCJyb2xlIjoiVklTSVRPUiIsImlhdCI6MTc2NDY0NTA5OSwiZXhwIjoxNzY0NzMxNDk5fQ.YSVmVEPQ9rV1ETfZAm5s2l_U_kMdQXwYrnOwhrLri84; user-agent: Apifox/1.0.0 (https://apifox.com); accept: */*; host: localhost; accept-encoding: gzip, deflate, br; connection: keep-alive; 
2025-12-02 11:58:14.468 [http-nio-80-exec-3] DEBUG c.l.blog.interceptor.ControllerLogInterceptor - [HTTP] 请求参数 - pageSize=5; pageNum=; 
2025-12-02 11:58:14.474 [http-nio-80-exec-3] INFO  c.l.blog.interceptor.ControllerLogInterceptor - [HTTP] 请求完成 - GET /liliblog_war_exploded/api/public/articles - 状态码: 200 - 耗时: 7ms - 类型: application/json
2025-12-02 11:58:29.154 [http-nio-80-exec-6] DEBUG c.l.blog.interceptor.ControllerLogInterceptor - [Controller] 开始执行 - PublicController类的getArticles方法
2025-12-02 11:58:29.154 [http-nio-80-exec-6] INFO  c.l.blog.interceptor.ControllerLogInterceptor - [HTTP] 请求开始-请求方式:GET  请求URI:/liliblog_war_exploded/api/public/articles?pageSize=5&pageNum=100 - IP地址:0:0:0:0:0:0:0:1 - User-Agent: Other
2025-12-02 11:58:29.154 [http-nio-80-exec-6] DEBUG c.l.blog.interceptor.ControllerLogInterceptor - [HTTP] 请求头 - authorization: Bearer eyJhbGciOiJIUzI1NiJ9.eyJzdWIiOiJMaWxpQ291bGQiLCJyb2xlIjoiVklTSVRPUiIsImlhdCI6MTc2NDY0NTA5OSwiZXhwIjoxNzY0NzMxNDk5fQ.YSVmVEPQ9rV1ETfZAm5s2l_U_kMdQXwYrnOwhrLri84; user-agent: Apifox/1.0.0 (https://apifox.com); accept: */*; host: localhost; accept-encoding: gzip, deflate, br; connection: keep-alive; 
2025-12-02 11:58:29.154 [http-nio-80-exec-6] DEBUG c.l.blog.interceptor.ControllerLogInterceptor - [HTTP] 请求参数 - pageSize=5; pageNum=100; 
2025-12-02 11:58:29.163 [http-nio-80-exec-6] INFO  c.l.blog.interceptor.ControllerLogInterceptor - [HTTP] 请求完成 - GET /liliblog_war_exploded/api/public/articles - 状态码: 200 - 耗时: 9ms - 类型: application/json
2025-12-02 12:00:36.972 [http-nio-80-exec-3] DEBUG c.l.blog.interceptor.ControllerLogInterceptor - [Controller] 开始执行 - PublicController类的getArticles方法
2025-12-02 12:00:36.973 [http-nio-80-exec-3] INFO  c.l.blog.interceptor.ControllerLogInterceptor - [HTTP] 请求开始-请求方式:GET  请求URI:/liliblog_war_exploded/api/public/articles?pageSize=5&pageNum=100 - IP地址:0:0:0:0:0:0:0:1 - User-Agent: Other
2025-12-02 12:00:36.974 [http-nio-80-exec-3] DEBUG c.l.blog.interceptor.ControllerLogInterceptor - [HTTP] 请求头 - authorization: Bearer eyJhbGciOiJIUzI1NiJ9.eyJzdWIiOiJMaWxpQ291bGQiLCJyb2xlIjoiVklTSVRPUiIsImlhdCI6MTc2NDY0NTA5OSwiZXhwIjoxNzY0NzMxNDk5fQ.YSVmVEPQ9rV1ETfZAm5s2l_U_kMdQXwYrnOwhrLri84; user-agent: Apifox/1.0.0 (https://apifox.com); accept: */*; host: localhost; accept-encoding: gzip, deflate, br; connection: keep-alive; 
2025-12-02 12:00:36.974 [http-nio-80-exec-3] DEBUG c.l.blog.interceptor.ControllerLogInterceptor - [HTTP] 请求参数 - pageSize=5; pageNum=100; 
2025-12-02 12:00:37.965 [http-nio-80-exec-3] INFO  c.l.blog.interceptor.ControllerLogInterceptor - [HTTP] 请求完成 - GET /liliblog_war_exploded/api/public/articles - 状态码: 200 - 耗时: 992ms - 类型: application/json
2025-12-02 12:00:41.372 [http-nio-80-exec-5] DEBUG c.l.blog.interceptor.ControllerLogInterceptor - [Controller] 开始执行 - PublicController类的getArticles方法
2025-12-02 12:00:41.372 [http-nio-80-exec-5] INFO  c.l.blog.interceptor.ControllerLogInterceptor - [HTTP] 请求开始-请求方式:GET  请求URI:/liliblog_war_exploded/api/public/articles?pageSize=5&pageNum=100 - IP地址:0:0:0:0:0:0:0:1 - User-Agent: Other
2025-12-02 12:00:41.372 [http-nio-80-exec-5] DEBUG c.l.blog.interceptor.ControllerLogInterceptor - [HTTP] 请求头 - authorization: Bearer eyJhbGciOiJIUzI1NiJ9.eyJzdWIiOiJMaWxpQ291bGQiLCJyb2xlIjoiVklTSVRPUiIsImlhdCI6MTc2NDY0NTA5OSwiZXhwIjoxNzY0NzMxNDk5fQ.YSVmVEPQ9rV1ETfZAm5s2l_U_kMdQXwYrnOwhrLri84; user-agent: Apifox/1.0.0 (https://apifox.com); accept: */*; host: localhost; accept-encoding: gzip, deflate, br; connection: keep-alive; 
2025-12-02 12:00:41.372 [http-nio-80-exec-5] DEBUG c.l.blog.interceptor.ControllerLogInterceptor - [HTTP] 请求参数 - pageSize=5; pageNum=100; 
2025-12-02 12:00:41.388 [http-nio-80-exec-5] INFO  c.l.blog.interceptor.ControllerLogInterceptor - [HTTP] 请求完成 - GET /liliblog_war_exploded/api/public/articles - 状态码: 200 - 耗时: 17ms - 类型: application/json
2025-12-02 12:00:55.106 [http-nio-80-exec-11] DEBUG c.l.blog.interceptor.ControllerLogInterceptor - [Controller] 开始执行 - PublicController类的getArticles方法
2025-12-02 12:00:55.106 [http-nio-80-exec-11] INFO  c.l.blog.interceptor.ControllerLogInterceptor - [HTTP] 请求开始-请求方式:GET  请求URI:/liliblog_war_exploded/api/public/articles?pageSize=100&pageNum=1 - IP地址:0:0:0:0:0:0:0:1 - User-Agent: Other
2025-12-02 12:00:55.106 [http-nio-80-exec-11] DEBUG c.l.blog.interceptor.ControllerLogInterceptor - [HTTP] 请求头 - authorization: Bearer eyJhbGciOiJIUzI1NiJ9.eyJzdWIiOiJMaWxpQ291bGQiLCJyb2xlIjoiVklTSVRPUiIsImlhdCI6MTc2NDY0NTA5OSwiZXhwIjoxNzY0NzMxNDk5fQ.YSVmVEPQ9rV1ETfZAm5s2l_U_kMdQXwYrnOwhrLri84; user-agent: Apifox/1.0.0 (https://apifox.com); accept: */*; host: localhost; accept-encoding: gzip, deflate, br; connection: keep-alive; 
2025-12-02 12:00:55.106 [http-nio-80-exec-11] DEBUG c.l.blog.interceptor.ControllerLogInterceptor - [HTTP] 请求参数 - pageSize=100; pageNum=1; 
2025-12-02 12:00:55.195 [http-nio-80-exec-11] INFO  c.l.blog.interceptor.ControllerLogInterceptor - [HTTP] 请求完成 - GET /liliblog_war_exploded/api/public/articles - 状态码: 200 - 耗时: 89ms - 类型: application/json
