2025-12-04 10:56:59.025 [http-nio-80-exec-6] INFO  com.lilicould.blog.aop.ServiceLogAspect - [Service] 开始执行 - 获取公开指定ID的文章服务 (ArticleServiceImpl类的getPublicArticleById方法)
2025-12-04 10:56:59.030 [http-nio-80-exec-6] DEBUG com.lilicould.blog.aop.ServiceLogAspect - [Service] 方法参数 - 获取公开指定ID的文章服务: [23]
2025-12-04 10:56:59.435 [http-nio-80-exec-6] INFO  com.lilicould.blog.aop.ServiceLogAspect - [Service] 执行完成 - 获取公开指定ID的文章服务，耗时：410ms
2025-12-04 10:56:59.496 [http-nio-80-exec-6] INFO  com.lilicould.blog.aop.ServiceLogAspect - [Service] 开始执行 - 增加阅读量服务 (ArticleServiceImpl类的incrementViewCount方法)
2025-12-04 10:56:59.496 [http-nio-80-exec-6] DEBUG com.lilicould.blog.aop.ServiceLogAspect - [Service] 方法参数 - 增加阅读量服务: [23]
2025-12-04 10:56:59.728 [http-nio-80-exec-6] INFO  com.lilicould.blog.aop.ServiceLogAspect - [Service] 执行完成 - 增加阅读量服务，耗时：232ms
2025-12-04 10:57:00.151 [http-nio-80-exec-7] INFO  com.lilicould.blog.aop.ServiceLogAspect - [Service] 开始执行 - 获取公开指定ID的文章服务 (ArticleServiceImpl类的getPublicArticleById方法)
2025-12-04 10:57:00.151 [http-nio-80-exec-7] DEBUG com.lilicould.blog.aop.ServiceLogAspect - [Service] 方法参数 - 获取公开指定ID的文章服务: [23]
2025-12-04 10:57:00.154 [http-nio-80-exec-7] INFO  com.lilicould.blog.aop.ServiceLogAspect - [Service] 执行完成 - 获取公开指定ID的文章服务，耗时：3ms
2025-12-04 10:57:00.155 [http-nio-80-exec-7] INFO  com.lilicould.blog.aop.ServiceLogAspect - [Service] 开始执行 - 增加阅读量服务 (ArticleServiceImpl类的incrementViewCount方法)
2025-12-04 10:57:00.155 [http-nio-80-exec-7] DEBUG com.lilicould.blog.aop.ServiceLogAspect - [Service] 方法参数 - 增加阅读量服务: [23]
2025-12-04 10:57:00.163 [http-nio-80-exec-7] INFO  com.lilicould.blog.aop.ServiceLogAspect - [Service] 执行完成 - 增加阅读量服务，耗时：8ms
2025-12-04 10:57:03.800 [http-nio-80-exec-8] INFO  com.lilicould.blog.aop.ServiceLogAspect - [Service] 开始执行 - 获取公开指定ID的文章服务 (ArticleServiceImpl类的getPublicArticleById方法)
2025-12-04 10:57:03.801 [http-nio-80-exec-8] DEBUG com.lilicould.blog.aop.ServiceLogAspect - [Service] 方法参数 - 获取公开指定ID的文章服务: [25]
2025-12-04 10:57:03.804 [http-nio-80-exec-8] INFO  com.lilicould.blog.aop.ServiceLogAspect - [Service] 执行完成 - 获取公开指定ID的文章服务，耗时：4ms
2025-12-04 10:57:03.806 [http-nio-80-exec-8] INFO  com.lilicould.blog.aop.ServiceLogAspect - [Service] 开始执行 - 增加阅读量服务 (ArticleServiceImpl类的incrementViewCount方法)
2025-12-04 10:57:03.806 [http-nio-80-exec-8] DEBUG com.lilicould.blog.aop.ServiceLogAspect - [Service] 方法参数 - 增加阅读量服务: [25]
2025-12-04 10:57:03.813 [http-nio-80-exec-8] INFO  com.lilicould.blog.aop.ServiceLogAspect - [Service] 执行完成 - 增加阅读量服务，耗时：7ms
2025-12-04 10:57:04.125 [http-nio-80-exec-9] INFO  com.lilicould.blog.aop.ServiceLogAspect - [Service] 开始执行 - 获取公开指定ID的文章服务 (ArticleServiceImpl类的getPublicArticleById方法)
2025-12-04 10:57:04.125 [http-nio-80-exec-9] DEBUG com.lilicould.blog.aop.ServiceLogAspect - [Service] 方法参数 - 获取公开指定ID的文章服务: [25]
2025-12-04 10:57:04.128 [http-nio-80-exec-9] INFO  com.lilicould.blog.aop.ServiceLogAspect - [Service] 执行完成 - 获取公开指定ID的文章服务，耗时：3ms
2025-12-04 10:57:04.130 [http-nio-80-exec-9] INFO  com.lilicould.blog.aop.ServiceLogAspect - [Service] 开始执行 - 增加阅读量服务 (ArticleServiceImpl类的incrementViewCount方法)
2025-12-04 10:57:04.130 [http-nio-80-exec-9] DEBUG com.lilicould.blog.aop.ServiceLogAspect - [Service] 方法参数 - 增加阅读量服务: [25]
2025-12-04 10:57:04.171 [http-nio-80-exec-9] INFO  com.lilicould.blog.aop.ServiceLogAspect - [Service] 执行完成 - 增加阅读量服务，耗时：41ms
2025-12-04 11:07:00.238 [http-nio-80-exec-4] INFO  com.lilicould.blog.aop.ServiceLogAspect - [Service] 开始执行 - 获取公开指定ID的文章服务 (ArticleServiceImpl类的getPublicArticleById方法)
2025-12-04 11:07:00.238 [http-nio-80-exec-4] DEBUG com.lilicould.blog.aop.ServiceLogAspect - [Service] 方法参数 - 获取公开指定ID的文章服务: [25]
2025-12-04 11:07:00.256 [http-nio-80-exec-4] INFO  com.lilicould.blog.aop.ServiceLogAspect - [Service] 执行完成 - 获取公开指定ID的文章服务，耗时：18ms
2025-12-04 11:07:00.258 [http-nio-80-exec-4] INFO  com.lilicould.blog.aop.ServiceLogAspect - [Service] 开始执行 - 增加阅读量服务 (ArticleServiceImpl类的incrementViewCount方法)
2025-12-04 11:07:00.258 [http-nio-80-exec-4] DEBUG com.lilicould.blog.aop.ServiceLogAspect - [Service] 方法参数 - 增加阅读量服务: [25]
2025-12-04 11:07:00.291 [http-nio-80-exec-4] INFO  com.lilicould.blog.aop.ServiceLogAspect - [Service] 执行完成 - 增加阅读量服务，耗时：33ms
2025-12-04 11:07:00.568 [http-nio-80-exec-5] INFO  com.lilicould.blog.aop.ServiceLogAspect - [Service] 开始执行 - 获取公开指定ID的文章服务 (ArticleServiceImpl类的getPublicArticleById方法)
2025-12-04 11:07:00.568 [http-nio-80-exec-5] DEBUG com.lilicould.blog.aop.ServiceLogAspect - [Service] 方法参数 - 获取公开指定ID的文章服务: [25]
2025-12-04 11:07:00.571 [http-nio-80-exec-5] INFO  com.lilicould.blog.aop.ServiceLogAspect - [Service] 执行完成 - 获取公开指定ID的文章服务，耗时：3ms
2025-12-04 11:07:00.571 [http-nio-80-exec-5] INFO  com.lilicould.blog.aop.ServiceLogAspect - [Service] 开始执行 - 增加阅读量服务 (ArticleServiceImpl类的incrementViewCount方法)
2025-12-04 11:07:00.572 [http-nio-80-exec-5] DEBUG com.lilicould.blog.aop.ServiceLogAspect - [Service] 方法参数 - 增加阅读量服务: [25]
2025-12-04 11:07:00.578 [http-nio-80-exec-5] INFO  com.lilicould.blog.aop.ServiceLogAspect - [Service] 执行完成 - 增加阅读量服务，耗时：7ms
2025-12-04 11:07:07.897 [http-nio-80-exec-6] INFO  com.lilicould.blog.aop.ServiceLogAspect - [Service] 开始执行 - 获取公开指定ID的文章服务 (ArticleServiceImpl类的getPublicArticleById方法)
2025-12-04 11:07:07.897 [http-nio-80-exec-6] DEBUG com.lilicould.blog.aop.ServiceLogAspect - [Service] 方法参数 - 获取公开指定ID的文章服务: [25]
2025-12-04 11:07:07.951 [http-nio-80-exec-6] INFO  com.lilicould.blog.aop.ServiceLogAspect - [Service] 执行完成 - 获取公开指定ID的文章服务，耗时：54ms
2025-12-04 11:07:07.952 [http-nio-80-exec-6] INFO  com.lilicould.blog.aop.ServiceLogAspect - [Service] 开始执行 - 增加阅读量服务 (ArticleServiceImpl类的incrementViewCount方法)
2025-12-04 11:07:07.952 [http-nio-80-exec-6] DEBUG com.lilicould.blog.aop.ServiceLogAspect - [Service] 方法参数 - 增加阅读量服务: [25]
2025-12-04 11:07:07.958 [http-nio-80-exec-6] INFO  com.lilicould.blog.aop.ServiceLogAspect - [Service] 执行完成 - 增加阅读量服务，耗时：6ms
2025-12-04 11:07:08.164 [http-nio-80-exec-7] INFO  com.lilicould.blog.aop.ServiceLogAspect - [Service] 开始执行 - 获取公开指定ID的文章服务 (ArticleServiceImpl类的getPublicArticleById方法)
2025-12-04 11:07:08.164 [http-nio-80-exec-7] DEBUG com.lilicould.blog.aop.ServiceLogAspect - [Service] 方法参数 - 获取公开指定ID的文章服务: [25]
2025-12-04 11:07:08.166 [http-nio-80-exec-7] INFO  com.lilicould.blog.aop.ServiceLogAspect - [Service] 执行完成 - 获取公开指定ID的文章服务，耗时：2ms
2025-12-04 11:07:08.168 [http-nio-80-exec-7] INFO  com.lilicould.blog.aop.ServiceLogAspect - [Service] 开始执行 - 增加阅读量服务 (ArticleServiceImpl类的incrementViewCount方法)
2025-12-04 11:07:08.168 [http-nio-80-exec-7] DEBUG com.lilicould.blog.aop.ServiceLogAspect - [Service] 方法参数 - 增加阅读量服务: [25]
2025-12-04 11:07:08.173 [http-nio-80-exec-7] INFO  com.lilicould.blog.aop.ServiceLogAspect - [Service] 执行完成 - 增加阅读量服务，耗时：5ms
2025-12-04 11:07:14.384 [http-nio-80-exec-8] INFO  com.lilicould.blog.aop.ServiceLogAspect - [Service] 开始执行 - 获取公开指定ID的文章服务 (ArticleServiceImpl类的getPublicArticleById方法)
2025-12-04 11:07:14.384 [http-nio-80-exec-8] DEBUG com.lilicould.blog.aop.ServiceLogAspect - [Service] 方法参数 - 获取公开指定ID的文章服务: [27]
2025-12-04 11:07:14.437 [http-nio-80-exec-8] INFO  com.lilicould.blog.aop.ServiceLogAspect - [Service] 执行完成 - 获取公开指定ID的文章服务，耗时：53ms
2025-12-04 11:07:14.438 [http-nio-80-exec-8] INFO  com.lilicould.blog.aop.ServiceLogAspect - [Service] 开始执行 - 增加阅读量服务 (ArticleServiceImpl类的incrementViewCount方法)
2025-12-04 11:07:14.438 [http-nio-80-exec-8] DEBUG com.lilicould.blog.aop.ServiceLogAspect - [Service] 方法参数 - 增加阅读量服务: [27]
2025-12-04 11:07:14.443 [http-nio-80-exec-8] INFO  com.lilicould.blog.aop.ServiceLogAspect - [Service] 执行完成 - 增加阅读量服务，耗时：5ms
2025-12-04 11:07:14.737 [http-nio-80-exec-9] INFO  com.lilicould.blog.aop.ServiceLogAspect - [Service] 开始执行 - 获取公开指定ID的文章服务 (ArticleServiceImpl类的getPublicArticleById方法)
2025-12-04 11:07:14.738 [http-nio-80-exec-9] DEBUG com.lilicould.blog.aop.ServiceLogAspect - [Service] 方法参数 - 获取公开指定ID的文章服务: [27]
2025-12-04 11:07:14.740 [http-nio-80-exec-9] INFO  com.lilicould.blog.aop.ServiceLogAspect - [Service] 执行完成 - 获取公开指定ID的文章服务，耗时：3ms
2025-12-04 11:07:14.741 [http-nio-80-exec-9] INFO  com.lilicould.blog.aop.ServiceLogAspect - [Service] 开始执行 - 增加阅读量服务 (ArticleServiceImpl类的incrementViewCount方法)
2025-12-04 11:07:14.741 [http-nio-80-exec-9] DEBUG com.lilicould.blog.aop.ServiceLogAspect - [Service] 方法参数 - 增加阅读量服务: [27]
2025-12-04 11:07:14.747 [http-nio-80-exec-9] INFO  com.lilicould.blog.aop.ServiceLogAspect - [Service] 执行完成 - 增加阅读量服务，耗时：6ms
2025-12-04 11:07:18.018 [http-nio-80-exec-1] INFO  com.lilicould.blog.aop.ServiceLogAspect - [Service] 开始执行 - 获取公开指定ID的文章服务 (ArticleServiceImpl类的getPublicArticleById方法)
2025-12-04 11:07:18.018 [http-nio-80-exec-1] DEBUG com.lilicould.blog.aop.ServiceLogAspect - [Service] 方法参数 - 获取公开指定ID的文章服务: [26]
2025-12-04 11:07:18.056 [http-nio-80-exec-1] INFO  com.lilicould.blog.aop.ServiceLogAspect - [Service] 执行完成 - 获取公开指定ID的文章服务，耗时：38ms
2025-12-04 11:07:18.058 [http-nio-80-exec-1] INFO  com.lilicould.blog.aop.ServiceLogAspect - [Service] 开始执行 - 增加阅读量服务 (ArticleServiceImpl类的incrementViewCount方法)
2025-12-04 11:07:18.058 [http-nio-80-exec-1] DEBUG com.lilicould.blog.aop.ServiceLogAspect - [Service] 方法参数 - 增加阅读量服务: [26]
2025-12-04 11:07:18.079 [http-nio-80-exec-1] INFO  com.lilicould.blog.aop.ServiceLogAspect - [Service] 执行完成 - 增加阅读量服务，耗时：21ms
2025-12-04 11:07:18.309 [http-nio-80-exec-10] INFO  com.lilicould.blog.aop.ServiceLogAspect - [Service] 开始执行 - 获取公开指定ID的文章服务 (ArticleServiceImpl类的getPublicArticleById方法)
2025-12-04 11:07:18.309 [http-nio-80-exec-10] DEBUG com.lilicould.blog.aop.ServiceLogAspect - [Service] 方法参数 - 获取公开指定ID的文章服务: [26]
2025-12-04 11:07:18.316 [http-nio-80-exec-10] INFO  com.lilicould.blog.aop.ServiceLogAspect - [Service] 执行完成 - 获取公开指定ID的文章服务，耗时：7ms
2025-12-04 11:07:18.317 [http-nio-80-exec-10] INFO  com.lilicould.blog.aop.ServiceLogAspect - [Service] 开始执行 - 增加阅读量服务 (ArticleServiceImpl类的incrementViewCount方法)
2025-12-04 11:07:18.317 [http-nio-80-exec-10] DEBUG com.lilicould.blog.aop.ServiceLogAspect - [Service] 方法参数 - 增加阅读量服务: [26]
2025-12-04 11:07:18.334 [http-nio-80-exec-10] INFO  com.lilicould.blog.aop.ServiceLogAspect - [Service] 执行完成 - 增加阅读量服务，耗时：17ms
2025-12-04 11:07:22.433 [http-nio-80-exec-2] INFO  com.lilicould.blog.aop.ServiceLogAspect - [Service] 开始执行 - 获取公开指定ID的文章服务 (ArticleServiceImpl类的getPublicArticleById方法)
2025-12-04 11:07:22.433 [http-nio-80-exec-2] DEBUG com.lilicould.blog.aop.ServiceLogAspect - [Service] 方法参数 - 获取公开指定ID的文章服务: [25]
2025-12-04 11:07:22.437 [http-nio-80-exec-2] INFO  com.lilicould.blog.aop.ServiceLogAspect - [Service] 执行完成 - 获取公开指定ID的文章服务，耗时：4ms
2025-12-04 11:07:22.438 [http-nio-80-exec-2] INFO  com.lilicould.blog.aop.ServiceLogAspect - [Service] 开始执行 - 增加阅读量服务 (ArticleServiceImpl类的incrementViewCount方法)
2025-12-04 11:07:22.438 [http-nio-80-exec-2] DEBUG com.lilicould.blog.aop.ServiceLogAspect - [Service] 方法参数 - 增加阅读量服务: [25]
2025-12-04 11:07:22.441 [http-nio-80-exec-2] INFO  com.lilicould.blog.aop.ServiceLogAspect - [Service] 执行完成 - 增加阅读量服务，耗时：3ms
2025-12-04 11:07:22.755 [http-nio-80-exec-3] INFO  com.lilicould.blog.aop.ServiceLogAspect - [Service] 开始执行 - 获取公开指定ID的文章服务 (ArticleServiceImpl类的getPublicArticleById方法)
2025-12-04 11:07:22.755 [http-nio-80-exec-3] DEBUG com.lilicould.blog.aop.ServiceLogAspect - [Service] 方法参数 - 获取公开指定ID的文章服务: [25]
2025-12-04 11:07:22.757 [http-nio-80-exec-3] INFO  com.lilicould.blog.aop.ServiceLogAspect - [Service] 执行完成 - 获取公开指定ID的文章服务，耗时：2ms
2025-12-04 11:07:22.758 [http-nio-80-exec-3] INFO  com.lilicould.blog.aop.ServiceLogAspect - [Service] 开始执行 - 增加阅读量服务 (ArticleServiceImpl类的incrementViewCount方法)
2025-12-04 11:07:22.759 [http-nio-80-exec-3] DEBUG com.lilicould.blog.aop.ServiceLogAspect - [Service] 方法参数 - 增加阅读量服务: [25]
2025-12-04 11:07:22.763 [http-nio-80-exec-3] INFO  com.lilicould.blog.aop.ServiceLogAspect - [Service] 执行完成 - 增加阅读量服务，耗时：5ms
