2025-12-08 20:25:04.671 [http-nio-80-exec-7] INFO  com.lilicould.blog.aop.ServiceLogAspect - [Service] 开始执行 - 获取公开指定ID的文章服务 (ArticleServiceImpl类的getPublicArticleById方法)
2025-12-08 20:25:04.675 [http-nio-80-exec-7] DEBUG com.lilicould.blog.aop.ServiceLogAspect - [Service] 方法参数 - 获取公开指定ID的文章服务: [1]
2025-12-08 20:25:05.025 [http-nio-80-exec-7] ERROR com.lilicould.blog.aop.ServiceLogAspect - [Service] 执行异常 - 获取公开指定ID的文章服务，耗时：354ms，异常信息：文章不存在
com.lilicould.blog.exception.BusinessException: 文章不存在
	at com.lilicould.blog.service.impl.ArticleServiceImpl.getPublicArticleById(ArticleServiceImpl.java:165)
	at java.base/jdk.internal.reflect.DirectMethodHandleAccessor.invoke(DirectMethodHandleAccessor.java:103)
	at java.base/java.lang.reflect.Method.invoke(Method.java:580)
	at org.springframework.aop.support.AopUtils.invokeJoinpointUsingReflection(AopUtils.java:355)
	at org.springframework.aop.framework.ReflectiveMethodInvocation.invokeJoinpoint(ReflectiveMethodInvocation.java:196)
	at org.springframework.aop.framework.ReflectiveMethodInvocation.proceed(ReflectiveMethodInvocation.java:163)
	at org.springframework.aop.aspectj.MethodInvocationProceedingJoinPoint.proceed(MethodInvocationProceedingJoinPoint.java:89)
	at com.lilicould.blog.aop.ServiceLogAspect.logServiceWithAnnotation(ServiceLogAspect.java:144)
	at com.lilicould.blog.aop.ServiceLogAspect.logAnnotatedService(ServiceLogAspect.java:80)
	at java.base/jdk.internal.reflect.DirectMethodHandleAccessor.invoke(DirectMethodHandleAccessor.java:103)
	at java.base/java.lang.reflect.Method.invoke(Method.java:580)
	at org.springframework.aop.aspectj.AbstractAspectJAdvice.invokeAdviceMethodWithGivenArgs(AbstractAspectJAdvice.java:637)
	at org.springframework.aop.aspectj.AbstractAspectJAdvice.invokeAdviceMethod(AbstractAspectJAdvice.java:627)
	at org.springframework.aop.aspectj.AspectJAroundAdvice.invoke(AspectJAroundAdvice.java:71)
	at org.springframework.aop.framework.ReflectiveMethodInvocation.proceed(ReflectiveMethodInvocation.java:173)
	at org.springframework.aop.interceptor.ExposeInvocationInterceptor.invoke(ExposeInvocationInterceptor.java:97)
	at org.springframework.aop.framework.ReflectiveMethodInvocation.proceed(ReflectiveMethodInvocation.java:184)
	at org.springframework.aop.framework.JdkDynamicAopProxy.invoke(JdkDynamicAopProxy.java:223)
	at jdk.proxy3/jdk.proxy3.$Proxy52.getPublicArticleById(Unknown Source)
	at com.lilicould.blog.controller.PublicController.getArticle(PublicController.java:44)
	at java.base/jdk.internal.reflect.DirectMethodHandleAccessor.invoke(DirectMethodHandleAccessor.java:103)
	at java.base/java.lang.reflect.Method.invoke(Method.java:580)
	at org.springframework.web.method.support.InvocableHandlerMethod.doInvoke(InvocableHandlerMethod.java:255)
	at org.springframework.web.method.support.InvocableHandlerMethod.invokeForRequest(InvocableHandlerMethod.java:188)
	at org.springframework.web.servlet.mvc.method.annotation.ServletInvocableHandlerMethod.invokeAndHandle(ServletInvocableHandlerMethod.java:118)
	at org.springframework.web.servlet.mvc.method.annotation.RequestMappingHandlerAdapter.invokeHandlerMethod(RequestMappingHandlerAdapter.java:926)
	at org.springframework.web.servlet.mvc.method.annotation.RequestMappingHandlerAdapter.handleInternal(RequestMappingHandlerAdapter.java:831)
	at org.springframework.web.servlet.mvc.method.AbstractHandlerMethodAdapter.handle(AbstractHandlerMethodAdapter.java:87)
	at org.springframework.web.servlet.DispatcherServlet.doDispatch(DispatcherServlet.java:1089)
	at org.springframework.web.servlet.DispatcherServlet.doService(DispatcherServlet.java:979)
	at org.springframework.web.servlet.FrameworkServlet.processRequest(FrameworkServlet.java:1014)
	at org.springframework.web.servlet.FrameworkServlet.doGet(FrameworkServlet.java:903)
	at jakarta.servlet.http.HttpServlet.service(HttpServlet.java:619)
	at org.springframework.web.servlet.FrameworkServlet.service(FrameworkServlet.java:885)
	at jakarta.servlet.http.HttpServlet.service(HttpServlet.java:716)
	at org.apache.catalina.core.ApplicationFilterChain.doFilter(ApplicationFilterChain.java:130)
	at org.apache.tomcat.websocket.server.WsFilter.doFilter(WsFilter.java:51)
	at org.apache.catalina.core.ApplicationFilterChain.doFilter(ApplicationFilterChain.java:109)
	at org.apache.catalina.core.StandardWrapperValve.invoke(StandardWrapperValve.java:167)
	at org.apache.catalina.core.StandardContextValve.invoke(StandardContextValve.java:79)
	at org.apache.catalina.authenticator.AuthenticatorBase.invoke(AuthenticatorBase.java:483)
	at org.apache.catalina.core.StandardHostValve.invoke(StandardHostValve.java:115)
	at org.apache.catalina.valves.ErrorReportValve.invoke(ErrorReportValve.java:93)
	at org.apache.catalina.valves.AbstractAccessLogValve.invoke(AbstractAccessLogValve.java:663)
	at org.apache.catalina.core.StandardEngineValve.invoke(StandardEngineValve.java:74)
	at org.apache.catalina.connector.CoyoteAdapter.service(CoyoteAdapter.java:342)
	at org.apache.coyote.http11.Http11Processor.service(Http11Processor.java:395)
	at org.apache.coyote.AbstractProcessorLight.process(AbstractProcessorLight.java:63)
	at org.apache.coyote.AbstractProtocol$ConnectionHandler.process(AbstractProtocol.java:905)
	at org.apache.tomcat.util.net.NioEndpoint$SocketProcessor.doRun(NioEndpoint.java:1746)
	at org.apache.tomcat.util.net.SocketProcessorBase.run(SocketProcessorBase.java:52)
	at org.apache.tomcat.util.threads.ThreadPoolExecutor.runWorker(ThreadPoolExecutor.java:1148)
	at org.apache.tomcat.util.threads.ThreadPoolExecutor$Worker.run(ThreadPoolExecutor.java:636)
	at org.apache.tomcat.util.threads.TaskThread$WrappingRunnable.run(TaskThread.java:63)
	at java.base/java.lang.Thread.run(Thread.java:1583)
2025-12-08 20:25:05.473 [http-nio-80-exec-9] INFO  com.lilicould.blog.aop.ServiceLogAspect - [Service] 开始执行 - 获取公开指定ID的文章服务 (ArticleServiceImpl类的getPublicArticleById方法)
2025-12-08 20:25:05.474 [http-nio-80-exec-9] DEBUG com.lilicould.blog.aop.ServiceLogAspect - [Service] 方法参数 - 获取公开指定ID的文章服务: [1]
2025-12-08 20:25:05.476 [http-nio-80-exec-9] ERROR com.lilicould.blog.aop.ServiceLogAspect - [Service] 执行异常 - 获取公开指定ID的文章服务，耗时：3ms，异常信息：文章不存在
com.lilicould.blog.exception.BusinessException: 文章不存在
	at com.lilicould.blog.service.impl.ArticleServiceImpl.getPublicArticleById(ArticleServiceImpl.java:165)
	at java.base/jdk.internal.reflect.DirectMethodHandleAccessor.invoke(DirectMethodHandleAccessor.java:103)
	at java.base/java.lang.reflect.Method.invoke(Method.java:580)
	at org.springframework.aop.support.AopUtils.invokeJoinpointUsingReflection(AopUtils.java:355)
	at org.springframework.aop.framework.ReflectiveMethodInvocation.invokeJoinpoint(ReflectiveMethodInvocation.java:196)
	at org.springframework.aop.framework.ReflectiveMethodInvocation.proceed(ReflectiveMethodInvocation.java:163)
	at org.springframework.aop.aspectj.MethodInvocationProceedingJoinPoint.proceed(MethodInvocationProceedingJoinPoint.java:89)
	at com.lilicould.blog.aop.ServiceLogAspect.logServiceWithAnnotation(ServiceLogAspect.java:144)
	at com.lilicould.blog.aop.ServiceLogAspect.logAnnotatedService(ServiceLogAspect.java:80)
	at java.base/jdk.internal.reflect.DirectMethodHandleAccessor.invoke(DirectMethodHandleAccessor.java:103)
	at java.base/java.lang.reflect.Method.invoke(Method.java:580)
	at org.springframework.aop.aspectj.AbstractAspectJAdvice.invokeAdviceMethodWithGivenArgs(AbstractAspectJAdvice.java:637)
	at org.springframework.aop.aspectj.AbstractAspectJAdvice.invokeAdviceMethod(AbstractAspectJAdvice.java:627)
	at org.springframework.aop.aspectj.AspectJAroundAdvice.invoke(AspectJAroundAdvice.java:71)
	at org.springframework.aop.framework.ReflectiveMethodInvocation.proceed(ReflectiveMethodInvocation.java:173)
	at org.springframework.aop.interceptor.ExposeInvocationInterceptor.invoke(ExposeInvocationInterceptor.java:97)
	at org.springframework.aop.framework.ReflectiveMethodInvocation.proceed(ReflectiveMethodInvocation.java:184)
	at org.springframework.aop.framework.JdkDynamicAopProxy.invoke(JdkDynamicAopProxy.java:223)
	at jdk.proxy3/jdk.proxy3.$Proxy52.getPublicArticleById(Unknown Source)
	at com.lilicould.blog.controller.PublicController.getArticle(PublicController.java:44)
	at java.base/jdk.internal.reflect.DirectMethodHandleAccessor.invoke(DirectMethodHandleAccessor.java:103)
	at java.base/java.lang.reflect.Method.invoke(Method.java:580)
	at org.springframework.web.method.support.InvocableHandlerMethod.doInvoke(InvocableHandlerMethod.java:255)
	at org.springframework.web.method.support.InvocableHandlerMethod.invokeForRequest(InvocableHandlerMethod.java:188)
	at org.springframework.web.servlet.mvc.method.annotation.ServletInvocableHandlerMethod.invokeAndHandle(ServletInvocableHandlerMethod.java:118)
	at org.springframework.web.servlet.mvc.method.annotation.RequestMappingHandlerAdapter.invokeHandlerMethod(RequestMappingHandlerAdapter.java:926)
	at org.springframework.web.servlet.mvc.method.annotation.RequestMappingHandlerAdapter.handleInternal(RequestMappingHandlerAdapter.java:831)
	at org.springframework.web.servlet.mvc.method.AbstractHandlerMethodAdapter.handle(AbstractHandlerMethodAdapter.java:87)
	at org.springframework.web.servlet.DispatcherServlet.doDispatch(DispatcherServlet.java:1089)
	at org.springframework.web.servlet.DispatcherServlet.doService(DispatcherServlet.java:979)
	at org.springframework.web.servlet.FrameworkServlet.processRequest(FrameworkServlet.java:1014)
	at org.springframework.web.servlet.FrameworkServlet.doGet(FrameworkServlet.java:903)
	at jakarta.servlet.http.HttpServlet.service(HttpServlet.java:619)
	at org.springframework.web.servlet.FrameworkServlet.service(FrameworkServlet.java:885)
	at jakarta.servlet.http.HttpServlet.service(HttpServlet.java:716)
	at org.apache.catalina.core.ApplicationFilterChain.doFilter(ApplicationFilterChain.java:130)
	at org.apache.tomcat.websocket.server.WsFilter.doFilter(WsFilter.java:51)
	at org.apache.catalina.core.ApplicationFilterChain.doFilter(ApplicationFilterChain.java:109)
	at org.apache.catalina.core.StandardWrapperValve.invoke(StandardWrapperValve.java:167)
	at org.apache.catalina.core.StandardContextValve.invoke(StandardContextValve.java:79)
	at org.apache.catalina.authenticator.AuthenticatorBase.invoke(AuthenticatorBase.java:483)
	at org.apache.catalina.core.StandardHostValve.invoke(StandardHostValve.java:115)
	at org.apache.catalina.valves.ErrorReportValve.invoke(ErrorReportValve.java:93)
	at org.apache.catalina.valves.AbstractAccessLogValve.invoke(AbstractAccessLogValve.java:663)
	at org.apache.catalina.core.StandardEngineValve.invoke(StandardEngineValve.java:74)
	at org.apache.catalina.connector.CoyoteAdapter.service(CoyoteAdapter.java:342)
	at org.apache.coyote.http11.Http11Processor.service(Http11Processor.java:395)
	at org.apache.coyote.AbstractProcessorLight.process(AbstractProcessorLight.java:63)
	at org.apache.coyote.AbstractProtocol$ConnectionHandler.process(AbstractProtocol.java:905)
	at org.apache.tomcat.util.net.NioEndpoint$SocketProcessor.doRun(NioEndpoint.java:1746)
	at org.apache.tomcat.util.net.SocketProcessorBase.run(SocketProcessorBase.java:52)
	at org.apache.tomcat.util.threads.ThreadPoolExecutor.runWorker(ThreadPoolExecutor.java:1148)
	at org.apache.tomcat.util.threads.ThreadPoolExecutor$Worker.run(ThreadPoolExecutor.java:636)
	at org.apache.tomcat.util.threads.TaskThread$WrappingRunnable.run(TaskThread.java:63)
	at java.base/java.lang.Thread.run(Thread.java:1583)
2025-12-08 20:25:10.629 [http-nio-80-exec-1] INFO  com.lilicould.blog.aop.ServiceLogAspect - [Service] 开始执行 - 获取公开指定ID的文章服务 (ArticleServiceImpl类的getPublicArticleById方法)
2025-12-08 20:25:10.629 [http-nio-80-exec-1] DEBUG com.lilicould.blog.aop.ServiceLogAspect - [Service] 方法参数 - 获取公开指定ID的文章服务: [2]
2025-12-08 20:25:10.682 [http-nio-80-exec-1] INFO  com.lilicould.blog.aop.ServiceLogAspect - [Service] 执行完成 - 获取公开指定ID的文章服务，耗时：53ms
2025-12-08 20:25:10.741 [http-nio-80-exec-1] INFO  com.lilicould.blog.aop.ServiceLogAspect - [Service] 开始执行 - 增加阅读量服务 (ArticleServiceImpl类的incrementViewCount方法)
2025-12-08 20:25:10.742 [http-nio-80-exec-1] DEBUG com.lilicould.blog.aop.ServiceLogAspect - [Service] 方法参数 - 增加阅读量服务: [2]
2025-12-08 20:25:10.894 [http-nio-80-exec-1] INFO  com.lilicould.blog.aop.ServiceLogAspect - [Service] 执行完成 - 增加阅读量服务，耗时：153ms
2025-12-08 20:25:13.219 [http-nio-80-exec-2] INFO  com.lilicould.blog.aop.ServiceLogAspect - [Service] 开始执行 - 获取公开指定ID的文章服务 (ArticleServiceImpl类的getPublicArticleById方法)
2025-12-08 20:25:13.219 [http-nio-80-exec-2] DEBUG com.lilicould.blog.aop.ServiceLogAspect - [Service] 方法参数 - 获取公开指定ID的文章服务: [3]
2025-12-08 20:25:13.222 [http-nio-80-exec-2] ERROR com.lilicould.blog.aop.ServiceLogAspect - [Service] 执行异常 - 获取公开指定ID的文章服务，耗时：3ms，异常信息：文章不存在
com.lilicould.blog.exception.BusinessException: 文章不存在
	at com.lilicould.blog.service.impl.ArticleServiceImpl.getPublicArticleById(ArticleServiceImpl.java:165)
	at java.base/jdk.internal.reflect.DirectMethodHandleAccessor.invoke(DirectMethodHandleAccessor.java:103)
	at java.base/java.lang.reflect.Method.invoke(Method.java:580)
	at org.springframework.aop.support.AopUtils.invokeJoinpointUsingReflection(AopUtils.java:355)
	at org.springframework.aop.framework.ReflectiveMethodInvocation.invokeJoinpoint(ReflectiveMethodInvocation.java:196)
	at org.springframework.aop.framework.ReflectiveMethodInvocation.proceed(ReflectiveMethodInvocation.java:163)
	at org.springframework.aop.aspectj.MethodInvocationProceedingJoinPoint.proceed(MethodInvocationProceedingJoinPoint.java:89)
	at com.lilicould.blog.aop.ServiceLogAspect.logServiceWithAnnotation(ServiceLogAspect.java:144)
	at com.lilicould.blog.aop.ServiceLogAspect.logAnnotatedService(ServiceLogAspect.java:80)
	at java.base/jdk.internal.reflect.DirectMethodHandleAccessor.invoke(DirectMethodHandleAccessor.java:103)
	at java.base/java.lang.reflect.Method.invoke(Method.java:580)
	at org.springframework.aop.aspectj.AbstractAspectJAdvice.invokeAdviceMethodWithGivenArgs(AbstractAspectJAdvice.java:637)
	at org.springframework.aop.aspectj.AbstractAspectJAdvice.invokeAdviceMethod(AbstractAspectJAdvice.java:627)
	at org.springframework.aop.aspectj.AspectJAroundAdvice.invoke(AspectJAroundAdvice.java:71)
	at org.springframework.aop.framework.ReflectiveMethodInvocation.proceed(ReflectiveMethodInvocation.java:173)
	at org.springframework.aop.interceptor.ExposeInvocationInterceptor.invoke(ExposeInvocationInterceptor.java:97)
	at org.springframework.aop.framework.ReflectiveMethodInvocation.proceed(ReflectiveMethodInvocation.java:184)
	at org.springframework.aop.framework.JdkDynamicAopProxy.invoke(JdkDynamicAopProxy.java:223)
	at jdk.proxy3/jdk.proxy3.$Proxy52.getPublicArticleById(Unknown Source)
	at com.lilicould.blog.controller.PublicController.getArticle(PublicController.java:44)
	at java.base/jdk.internal.reflect.DirectMethodHandleAccessor.invoke(DirectMethodHandleAccessor.java:103)
	at java.base/java.lang.reflect.Method.invoke(Method.java:580)
	at org.springframework.web.method.support.InvocableHandlerMethod.doInvoke(InvocableHandlerMethod.java:255)
	at org.springframework.web.method.support.InvocableHandlerMethod.invokeForRequest(InvocableHandlerMethod.java:188)
	at org.springframework.web.servlet.mvc.method.annotation.ServletInvocableHandlerMethod.invokeAndHandle(ServletInvocableHandlerMethod.java:118)
	at org.springframework.web.servlet.mvc.method.annotation.RequestMappingHandlerAdapter.invokeHandlerMethod(RequestMappingHandlerAdapter.java:926)
	at org.springframework.web.servlet.mvc.method.annotation.RequestMappingHandlerAdapter.handleInternal(RequestMappingHandlerAdapter.java:831)
	at org.springframework.web.servlet.mvc.method.AbstractHandlerMethodAdapter.handle(AbstractHandlerMethodAdapter.java:87)
	at org.springframework.web.servlet.DispatcherServlet.doDispatch(DispatcherServlet.java:1089)
	at org.springframework.web.servlet.DispatcherServlet.doService(DispatcherServlet.java:979)
	at org.springframework.web.servlet.FrameworkServlet.processRequest(FrameworkServlet.java:1014)
	at org.springframework.web.servlet.FrameworkServlet.doGet(FrameworkServlet.java:903)
	at jakarta.servlet.http.HttpServlet.service(HttpServlet.java:619)
	at org.springframework.web.servlet.FrameworkServlet.service(FrameworkServlet.java:885)
	at jakarta.servlet.http.HttpServlet.service(HttpServlet.java:716)
	at org.apache.catalina.core.ApplicationFilterChain.doFilter(ApplicationFilterChain.java:130)
	at org.apache.tomcat.websocket.server.WsFilter.doFilter(WsFilter.java:51)
	at org.apache.catalina.core.ApplicationFilterChain.doFilter(ApplicationFilterChain.java:109)
	at org.apache.catalina.core.StandardWrapperValve.invoke(StandardWrapperValve.java:167)
	at org.apache.catalina.core.StandardContextValve.invoke(StandardContextValve.java:79)
	at org.apache.catalina.authenticator.AuthenticatorBase.invoke(AuthenticatorBase.java:483)
	at org.apache.catalina.core.StandardHostValve.invoke(StandardHostValve.java:115)
	at org.apache.catalina.valves.ErrorReportValve.invoke(ErrorReportValve.java:93)
	at org.apache.catalina.valves.AbstractAccessLogValve.invoke(AbstractAccessLogValve.java:663)
	at org.apache.catalina.core.StandardEngineValve.invoke(StandardEngineValve.java:74)
	at org.apache.catalina.connector.CoyoteAdapter.service(CoyoteAdapter.java:342)
	at org.apache.coyote.http11.Http11Processor.service(Http11Processor.java:395)
	at org.apache.coyote.AbstractProcessorLight.process(AbstractProcessorLight.java:63)
	at org.apache.coyote.AbstractProtocol$ConnectionHandler.process(AbstractProtocol.java:905)
	at org.apache.tomcat.util.net.NioEndpoint$SocketProcessor.doRun(NioEndpoint.java:1746)
	at org.apache.tomcat.util.net.SocketProcessorBase.run(SocketProcessorBase.java:52)
	at org.apache.tomcat.util.threads.ThreadPoolExecutor.runWorker(ThreadPoolExecutor.java:1148)
	at org.apache.tomcat.util.threads.ThreadPoolExecutor$Worker.run(ThreadPoolExecutor.java:636)
	at org.apache.tomcat.util.threads.TaskThread$WrappingRunnable.run(TaskThread.java:63)
	at java.base/java.lang.Thread.run(Thread.java:1583)
2025-12-08 20:25:13.437 [http-nio-80-exec-3] INFO  com.lilicould.blog.aop.ServiceLogAspect - [Service] 开始执行 - 获取公开指定ID的文章服务 (ArticleServiceImpl类的getPublicArticleById方法)
2025-12-08 20:25:13.437 [http-nio-80-exec-3] DEBUG com.lilicould.blog.aop.ServiceLogAspect - [Service] 方法参数 - 获取公开指定ID的文章服务: [3]
2025-12-08 20:25:13.439 [http-nio-80-exec-3] ERROR com.lilicould.blog.aop.ServiceLogAspect - [Service] 执行异常 - 获取公开指定ID的文章服务，耗时：2ms，异常信息：文章不存在
com.lilicould.blog.exception.BusinessException: 文章不存在
	at com.lilicould.blog.service.impl.ArticleServiceImpl.getPublicArticleById(ArticleServiceImpl.java:165)
	at java.base/jdk.internal.reflect.DirectMethodHandleAccessor.invoke(DirectMethodHandleAccessor.java:103)
	at java.base/java.lang.reflect.Method.invoke(Method.java:580)
	at org.springframework.aop.support.AopUtils.invokeJoinpointUsingReflection(AopUtils.java:355)
	at org.springframework.aop.framework.ReflectiveMethodInvocation.invokeJoinpoint(ReflectiveMethodInvocation.java:196)
	at org.springframework.aop.framework.ReflectiveMethodInvocation.proceed(ReflectiveMethodInvocation.java:163)
	at org.springframework.aop.aspectj.MethodInvocationProceedingJoinPoint.proceed(MethodInvocationProceedingJoinPoint.java:89)
	at com.lilicould.blog.aop.ServiceLogAspect.logServiceWithAnnotation(ServiceLogAspect.java:144)
	at com.lilicould.blog.aop.ServiceLogAspect.logAnnotatedService(ServiceLogAspect.java:80)
	at java.base/jdk.internal.reflect.DirectMethodHandleAccessor.invoke(DirectMethodHandleAccessor.java:103)
	at java.base/java.lang.reflect.Method.invoke(Method.java:580)
	at org.springframework.aop.aspectj.AbstractAspectJAdvice.invokeAdviceMethodWithGivenArgs(AbstractAspectJAdvice.java:637)
	at org.springframework.aop.aspectj.AbstractAspectJAdvice.invokeAdviceMethod(AbstractAspectJAdvice.java:627)
	at org.springframework.aop.aspectj.AspectJAroundAdvice.invoke(AspectJAroundAdvice.java:71)
	at org.springframework.aop.framework.ReflectiveMethodInvocation.proceed(ReflectiveMethodInvocation.java:173)
	at org.springframework.aop.interceptor.ExposeInvocationInterceptor.invoke(ExposeInvocationInterceptor.java:97)
	at org.springframework.aop.framework.ReflectiveMethodInvocation.proceed(ReflectiveMethodInvocation.java:184)
	at org.springframework.aop.framework.JdkDynamicAopProxy.invoke(JdkDynamicAopProxy.java:223)
	at jdk.proxy3/jdk.proxy3.$Proxy52.getPublicArticleById(Unknown Source)
	at com.lilicould.blog.controller.PublicController.getArticle(PublicController.java:44)
	at java.base/jdk.internal.reflect.DirectMethodHandleAccessor.invoke(DirectMethodHandleAccessor.java:103)
	at java.base/java.lang.reflect.Method.invoke(Method.java:580)
	at org.springframework.web.method.support.InvocableHandlerMethod.doInvoke(InvocableHandlerMethod.java:255)
	at org.springframework.web.method.support.InvocableHandlerMethod.invokeForRequest(InvocableHandlerMethod.java:188)
	at org.springframework.web.servlet.mvc.method.annotation.ServletInvocableHandlerMethod.invokeAndHandle(ServletInvocableHandlerMethod.java:118)
	at org.springframework.web.servlet.mvc.method.annotation.RequestMappingHandlerAdapter.invokeHandlerMethod(RequestMappingHandlerAdapter.java:926)
	at org.springframework.web.servlet.mvc.method.annotation.RequestMappingHandlerAdapter.handleInternal(RequestMappingHandlerAdapter.java:831)
	at org.springframework.web.servlet.mvc.method.AbstractHandlerMethodAdapter.handle(AbstractHandlerMethodAdapter.java:87)
	at org.springframework.web.servlet.DispatcherServlet.doDispatch(DispatcherServlet.java:1089)
	at org.springframework.web.servlet.DispatcherServlet.doService(DispatcherServlet.java:979)
	at org.springframework.web.servlet.FrameworkServlet.processRequest(FrameworkServlet.java:1014)
	at org.springframework.web.servlet.FrameworkServlet.doGet(FrameworkServlet.java:903)
	at jakarta.servlet.http.HttpServlet.service(HttpServlet.java:619)
	at org.springframework.web.servlet.FrameworkServlet.service(FrameworkServlet.java:885)
	at jakarta.servlet.http.HttpServlet.service(HttpServlet.java:716)
	at org.apache.catalina.core.ApplicationFilterChain.doFilter(ApplicationFilterChain.java:130)
	at org.apache.tomcat.websocket.server.WsFilter.doFilter(WsFilter.java:51)
	at org.apache.catalina.core.ApplicationFilterChain.doFilter(ApplicationFilterChain.java:109)
	at org.apache.catalina.core.StandardWrapperValve.invoke(StandardWrapperValve.java:167)
	at org.apache.catalina.core.StandardContextValve.invoke(StandardContextValve.java:79)
	at org.apache.catalina.authenticator.AuthenticatorBase.invoke(AuthenticatorBase.java:483)
	at org.apache.catalina.core.StandardHostValve.invoke(StandardHostValve.java:115)
	at org.apache.catalina.valves.ErrorReportValve.invoke(ErrorReportValve.java:93)
	at org.apache.catalina.valves.AbstractAccessLogValve.invoke(AbstractAccessLogValve.java:663)
	at org.apache.catalina.core.StandardEngineValve.invoke(StandardEngineValve.java:74)
	at org.apache.catalina.connector.CoyoteAdapter.service(CoyoteAdapter.java:342)
	at org.apache.coyote.http11.Http11Processor.service(Http11Processor.java:395)
	at org.apache.coyote.AbstractProcessorLight.process(AbstractProcessorLight.java:63)
	at org.apache.coyote.AbstractProtocol$ConnectionHandler.process(AbstractProtocol.java:905)
	at org.apache.tomcat.util.net.NioEndpoint$SocketProcessor.doRun(NioEndpoint.java:1746)
	at org.apache.tomcat.util.net.SocketProcessorBase.run(SocketProcessorBase.java:52)
	at org.apache.tomcat.util.threads.ThreadPoolExecutor.runWorker(ThreadPoolExecutor.java:1148)
	at org.apache.tomcat.util.threads.ThreadPoolExecutor$Worker.run(ThreadPoolExecutor.java:636)
	at org.apache.tomcat.util.threads.TaskThread$WrappingRunnable.run(TaskThread.java:63)
	at java.base/java.lang.Thread.run(Thread.java:1583)
2025-12-08 20:25:14.991 [http-nio-80-exec-4] INFO  com.lilicould.blog.aop.ServiceLogAspect - [Service] 开始执行 - 获取公开指定ID的文章服务 (ArticleServiceImpl类的getPublicArticleById方法)
2025-12-08 20:25:14.991 [http-nio-80-exec-4] DEBUG com.lilicould.blog.aop.ServiceLogAspect - [Service] 方法参数 - 获取公开指定ID的文章服务: [4]
2025-12-08 20:25:14.993 [http-nio-80-exec-4] INFO  com.lilicould.blog.aop.ServiceLogAspect - [Service] 执行完成 - 获取公开指定ID的文章服务，耗时：2ms
2025-12-08 20:25:14.995 [http-nio-80-exec-4] INFO  com.lilicould.blog.aop.ServiceLogAspect - [Service] 开始执行 - 增加阅读量服务 (ArticleServiceImpl类的incrementViewCount方法)
2025-12-08 20:25:14.995 [http-nio-80-exec-4] DEBUG com.lilicould.blog.aop.ServiceLogAspect - [Service] 方法参数 - 增加阅读量服务: [4]
2025-12-08 20:25:15.002 [http-nio-80-exec-4] INFO  com.lilicould.blog.aop.ServiceLogAspect - [Service] 执行完成 - 增加阅读量服务，耗时：7ms
2025-12-08 20:25:15.192 [http-nio-80-exec-5] INFO  com.lilicould.blog.aop.ServiceLogAspect - [Service] 开始执行 - 获取公开指定ID的文章服务 (ArticleServiceImpl类的getPublicArticleById方法)
2025-12-08 20:25:15.192 [http-nio-80-exec-5] DEBUG com.lilicould.blog.aop.ServiceLogAspect - [Service] 方法参数 - 获取公开指定ID的文章服务: [4]
2025-12-08 20:25:15.195 [http-nio-80-exec-5] INFO  com.lilicould.blog.aop.ServiceLogAspect - [Service] 执行完成 - 获取公开指定ID的文章服务，耗时：3ms
2025-12-08 20:25:15.196 [http-nio-80-exec-5] INFO  com.lilicould.blog.aop.ServiceLogAspect - [Service] 开始执行 - 增加阅读量服务 (ArticleServiceImpl类的incrementViewCount方法)
2025-12-08 20:25:15.196 [http-nio-80-exec-5] DEBUG com.lilicould.blog.aop.ServiceLogAspect - [Service] 方法参数 - 增加阅读量服务: [4]
2025-12-08 20:25:15.202 [http-nio-80-exec-5] INFO  com.lilicould.blog.aop.ServiceLogAspect - [Service] 执行完成 - 增加阅读量服务，耗时：6ms
2025-12-08 20:25:16.208 [http-nio-80-exec-7] INFO  com.lilicould.blog.aop.ServiceLogAspect - [Service] 开始执行 - 获取公开指定ID的文章服务 (ArticleServiceImpl类的getPublicArticleById方法)
2025-12-08 20:25:16.208 [http-nio-80-exec-7] DEBUG com.lilicould.blog.aop.ServiceLogAspect - [Service] 方法参数 - 获取公开指定ID的文章服务: [5]
2025-12-08 20:25:16.210 [http-nio-80-exec-7] INFO  com.lilicould.blog.aop.ServiceLogAspect - [Service] 执行完成 - 获取公开指定ID的文章服务，耗时：2ms
2025-12-08 20:25:16.211 [http-nio-80-exec-7] INFO  com.lilicould.blog.aop.ServiceLogAspect - [Service] 开始执行 - 增加阅读量服务 (ArticleServiceImpl类的incrementViewCount方法)
2025-12-08 20:25:16.211 [http-nio-80-exec-7] DEBUG com.lilicould.blog.aop.ServiceLogAspect - [Service] 方法参数 - 增加阅读量服务: [5]
2025-12-08 20:25:16.216 [http-nio-80-exec-7] INFO  com.lilicould.blog.aop.ServiceLogAspect - [Service] 执行完成 - 增加阅读量服务，耗时：5ms
2025-12-08 20:25:16.375 [http-nio-80-exec-9] INFO  com.lilicould.blog.aop.ServiceLogAspect - [Service] 开始执行 - 获取公开指定ID的文章服务 (ArticleServiceImpl类的getPublicArticleById方法)
2025-12-08 20:25:16.376 [http-nio-80-exec-9] DEBUG com.lilicould.blog.aop.ServiceLogAspect - [Service] 方法参数 - 获取公开指定ID的文章服务: [5]
2025-12-08 20:25:16.378 [http-nio-80-exec-9] INFO  com.lilicould.blog.aop.ServiceLogAspect - [Service] 执行完成 - 获取公开指定ID的文章服务，耗时：3ms
2025-12-08 20:25:16.379 [http-nio-80-exec-9] INFO  com.lilicould.blog.aop.ServiceLogAspect - [Service] 开始执行 - 增加阅读量服务 (ArticleServiceImpl类的incrementViewCount方法)
2025-12-08 20:25:16.379 [http-nio-80-exec-9] DEBUG com.lilicould.blog.aop.ServiceLogAspect - [Service] 方法参数 - 增加阅读量服务: [5]
2025-12-08 20:25:16.386 [http-nio-80-exec-9] INFO  com.lilicould.blog.aop.ServiceLogAspect - [Service] 执行完成 - 增加阅读量服务，耗时：7ms
2025-12-08 20:25:17.245 [http-nio-80-exec-10] INFO  com.lilicould.blog.aop.ServiceLogAspect - [Service] 开始执行 - 获取公开指定ID的文章服务 (ArticleServiceImpl类的getPublicArticleById方法)
2025-12-08 20:25:17.245 [http-nio-80-exec-10] DEBUG com.lilicould.blog.aop.ServiceLogAspect - [Service] 方法参数 - 获取公开指定ID的文章服务: [6]
2025-12-08 20:25:17.248 [http-nio-80-exec-10] INFO  com.lilicould.blog.aop.ServiceLogAspect - [Service] 执行完成 - 获取公开指定ID的文章服务，耗时：3ms
2025-12-08 20:25:17.249 [http-nio-80-exec-10] INFO  com.lilicould.blog.aop.ServiceLogAspect - [Service] 开始执行 - 增加阅读量服务 (ArticleServiceImpl类的incrementViewCount方法)
2025-12-08 20:25:17.249 [http-nio-80-exec-10] DEBUG com.lilicould.blog.aop.ServiceLogAspect - [Service] 方法参数 - 增加阅读量服务: [6]
2025-12-08 20:25:17.303 [http-nio-80-exec-10] INFO  com.lilicould.blog.aop.ServiceLogAspect - [Service] 执行完成 - 增加阅读量服务，耗时：53ms
2025-12-08 20:25:17.415 [http-nio-80-exec-1] INFO  com.lilicould.blog.aop.ServiceLogAspect - [Service] 开始执行 - 获取公开指定ID的文章服务 (ArticleServiceImpl类的getPublicArticleById方法)
2025-12-08 20:25:17.415 [http-nio-80-exec-1] DEBUG com.lilicould.blog.aop.ServiceLogAspect - [Service] 方法参数 - 获取公开指定ID的文章服务: [6]
2025-12-08 20:25:17.418 [http-nio-80-exec-1] INFO  com.lilicould.blog.aop.ServiceLogAspect - [Service] 执行完成 - 获取公开指定ID的文章服务，耗时：3ms
2025-12-08 20:25:17.419 [http-nio-80-exec-1] INFO  com.lilicould.blog.aop.ServiceLogAspect - [Service] 开始执行 - 增加阅读量服务 (ArticleServiceImpl类的incrementViewCount方法)
2025-12-08 20:25:17.419 [http-nio-80-exec-1] DEBUG com.lilicould.blog.aop.ServiceLogAspect - [Service] 方法参数 - 增加阅读量服务: [6]
2025-12-08 20:25:17.424 [http-nio-80-exec-1] INFO  com.lilicould.blog.aop.ServiceLogAspect - [Service] 执行完成 - 增加阅读量服务，耗时：5ms
2025-12-08 20:25:18.414 [http-nio-80-exec-2] INFO  com.lilicould.blog.aop.ServiceLogAspect - [Service] 开始执行 - 获取公开指定ID的文章服务 (ArticleServiceImpl类的getPublicArticleById方法)
2025-12-08 20:25:18.414 [http-nio-80-exec-2] DEBUG com.lilicould.blog.aop.ServiceLogAspect - [Service] 方法参数 - 获取公开指定ID的文章服务: [7]
2025-12-08 20:25:18.417 [http-nio-80-exec-2] INFO  com.lilicould.blog.aop.ServiceLogAspect - [Service] 执行完成 - 获取公开指定ID的文章服务，耗时：3ms
2025-12-08 20:25:18.418 [http-nio-80-exec-2] INFO  com.lilicould.blog.aop.ServiceLogAspect - [Service] 开始执行 - 增加阅读量服务 (ArticleServiceImpl类的incrementViewCount方法)
2025-12-08 20:25:18.418 [http-nio-80-exec-2] DEBUG com.lilicould.blog.aop.ServiceLogAspect - [Service] 方法参数 - 增加阅读量服务: [7]
2025-12-08 20:25:18.473 [http-nio-80-exec-2] INFO  com.lilicould.blog.aop.ServiceLogAspect - [Service] 执行完成 - 增加阅读量服务，耗时：55ms
2025-12-08 20:25:18.600 [http-nio-80-exec-3] INFO  com.lilicould.blog.aop.ServiceLogAspect - [Service] 开始执行 - 获取公开指定ID的文章服务 (ArticleServiceImpl类的getPublicArticleById方法)
2025-12-08 20:25:18.601 [http-nio-80-exec-3] DEBUG com.lilicould.blog.aop.ServiceLogAspect - [Service] 方法参数 - 获取公开指定ID的文章服务: [7]
2025-12-08 20:25:18.603 [http-nio-80-exec-3] INFO  com.lilicould.blog.aop.ServiceLogAspect - [Service] 执行完成 - 获取公开指定ID的文章服务，耗时：3ms
2025-12-08 20:25:18.604 [http-nio-80-exec-3] INFO  com.lilicould.blog.aop.ServiceLogAspect - [Service] 开始执行 - 增加阅读量服务 (ArticleServiceImpl类的incrementViewCount方法)
2025-12-08 20:25:18.604 [http-nio-80-exec-3] DEBUG com.lilicould.blog.aop.ServiceLogAspect - [Service] 方法参数 - 增加阅读量服务: [7]
2025-12-08 20:25:18.609 [http-nio-80-exec-3] INFO  com.lilicould.blog.aop.ServiceLogAspect - [Service] 执行完成 - 增加阅读量服务，耗时：5ms
2025-12-08 20:25:19.441 [http-nio-80-exec-4] INFO  com.lilicould.blog.aop.ServiceLogAspect - [Service] 开始执行 - 获取公开指定ID的文章服务 (ArticleServiceImpl类的getPublicArticleById方法)
2025-12-08 20:25:19.441 [http-nio-80-exec-4] DEBUG com.lilicould.blog.aop.ServiceLogAspect - [Service] 方法参数 - 获取公开指定ID的文章服务: [8]
2025-12-08 20:25:19.443 [http-nio-80-exec-4] INFO  com.lilicould.blog.aop.ServiceLogAspect - [Service] 执行完成 - 获取公开指定ID的文章服务，耗时：2ms
2025-12-08 20:25:19.444 [http-nio-80-exec-4] INFO  com.lilicould.blog.aop.ServiceLogAspect - [Service] 开始执行 - 增加阅读量服务 (ArticleServiceImpl类的incrementViewCount方法)
2025-12-08 20:25:19.444 [http-nio-80-exec-4] DEBUG com.lilicould.blog.aop.ServiceLogAspect - [Service] 方法参数 - 增加阅读量服务: [8]
2025-12-08 20:25:19.449 [http-nio-80-exec-4] INFO  com.lilicould.blog.aop.ServiceLogAspect - [Service] 执行完成 - 增加阅读量服务，耗时：5ms
2025-12-08 20:25:19.642 [http-nio-80-exec-5] INFO  com.lilicould.blog.aop.ServiceLogAspect - [Service] 开始执行 - 获取公开指定ID的文章服务 (ArticleServiceImpl类的getPublicArticleById方法)
2025-12-08 20:25:19.642 [http-nio-80-exec-5] DEBUG com.lilicould.blog.aop.ServiceLogAspect - [Service] 方法参数 - 获取公开指定ID的文章服务: [8]
2025-12-08 20:25:19.645 [http-nio-80-exec-5] INFO  com.lilicould.blog.aop.ServiceLogAspect - [Service] 执行完成 - 获取公开指定ID的文章服务，耗时：3ms
2025-12-08 20:25:19.646 [http-nio-80-exec-5] INFO  com.lilicould.blog.aop.ServiceLogAspect - [Service] 开始执行 - 增加阅读量服务 (ArticleServiceImpl类的incrementViewCount方法)
2025-12-08 20:25:19.646 [http-nio-80-exec-5] DEBUG com.lilicould.blog.aop.ServiceLogAspect - [Service] 方法参数 - 增加阅读量服务: [8]
2025-12-08 20:25:19.651 [http-nio-80-exec-5] INFO  com.lilicould.blog.aop.ServiceLogAspect - [Service] 执行完成 - 增加阅读量服务，耗时：5ms
2025-12-08 20:25:20.843 [http-nio-80-exec-6] INFO  com.lilicould.blog.aop.ServiceLogAspect - [Service] 开始执行 - 获取公开指定ID的文章服务 (ArticleServiceImpl类的getPublicArticleById方法)
2025-12-08 20:25:20.843 [http-nio-80-exec-6] DEBUG com.lilicould.blog.aop.ServiceLogAspect - [Service] 方法参数 - 获取公开指定ID的文章服务: [100]
2025-12-08 20:25:20.846 [http-nio-80-exec-6] ERROR com.lilicould.blog.aop.ServiceLogAspect - [Service] 执行异常 - 获取公开指定ID的文章服务，耗时：3ms，异常信息：文章不存在
com.lilicould.blog.exception.BusinessException: 文章不存在
	at com.lilicould.blog.service.impl.ArticleServiceImpl.getPublicArticleById(ArticleServiceImpl.java:165)
	at java.base/jdk.internal.reflect.DirectMethodHandleAccessor.invoke(DirectMethodHandleAccessor.java:103)
	at java.base/java.lang.reflect.Method.invoke(Method.java:580)
	at org.springframework.aop.support.AopUtils.invokeJoinpointUsingReflection(AopUtils.java:355)
	at org.springframework.aop.framework.ReflectiveMethodInvocation.invokeJoinpoint(ReflectiveMethodInvocation.java:196)
	at org.springframework.aop.framework.ReflectiveMethodInvocation.proceed(ReflectiveMethodInvocation.java:163)
	at org.springframework.aop.aspectj.MethodInvocationProceedingJoinPoint.proceed(MethodInvocationProceedingJoinPoint.java:89)
	at com.lilicould.blog.aop.ServiceLogAspect.logServiceWithAnnotation(ServiceLogAspect.java:144)
	at com.lilicould.blog.aop.ServiceLogAspect.logAnnotatedService(ServiceLogAspect.java:80)
	at java.base/jdk.internal.reflect.DirectMethodHandleAccessor.invoke(DirectMethodHandleAccessor.java:103)
	at java.base/java.lang.reflect.Method.invoke(Method.java:580)
	at org.springframework.aop.aspectj.AbstractAspectJAdvice.invokeAdviceMethodWithGivenArgs(AbstractAspectJAdvice.java:637)
	at org.springframework.aop.aspectj.AbstractAspectJAdvice.invokeAdviceMethod(AbstractAspectJAdvice.java:627)
	at org.springframework.aop.aspectj.AspectJAroundAdvice.invoke(AspectJAroundAdvice.java:71)
	at org.springframework.aop.framework.ReflectiveMethodInvocation.proceed(ReflectiveMethodInvocation.java:173)
	at org.springframework.aop.interceptor.ExposeInvocationInterceptor.invoke(ExposeInvocationInterceptor.java:97)
	at org.springframework.aop.framework.ReflectiveMethodInvocation.proceed(ReflectiveMethodInvocation.java:184)
	at org.springframework.aop.framework.JdkDynamicAopProxy.invoke(JdkDynamicAopProxy.java:223)
	at jdk.proxy3/jdk.proxy3.$Proxy52.getPublicArticleById(Unknown Source)
	at com.lilicould.blog.controller.PublicController.getArticle(PublicController.java:44)
	at java.base/jdk.internal.reflect.DirectMethodHandleAccessor.invoke(DirectMethodHandleAccessor.java:103)
	at java.base/java.lang.reflect.Method.invoke(Method.java:580)
	at org.springframework.web.method.support.InvocableHandlerMethod.doInvoke(InvocableHandlerMethod.java:255)
	at org.springframework.web.method.support.InvocableHandlerMethod.invokeForRequest(InvocableHandlerMethod.java:188)
	at org.springframework.web.servlet.mvc.method.annotation.ServletInvocableHandlerMethod.invokeAndHandle(ServletInvocableHandlerMethod.java:118)
	at org.springframework.web.servlet.mvc.method.annotation.RequestMappingHandlerAdapter.invokeHandlerMethod(RequestMappingHandlerAdapter.java:926)
	at org.springframework.web.servlet.mvc.method.annotation.RequestMappingHandlerAdapter.handleInternal(RequestMappingHandlerAdapter.java:831)
	at org.springframework.web.servlet.mvc.method.AbstractHandlerMethodAdapter.handle(AbstractHandlerMethodAdapter.java:87)
	at org.springframework.web.servlet.DispatcherServlet.doDispatch(DispatcherServlet.java:1089)
	at org.springframework.web.servlet.DispatcherServlet.doService(DispatcherServlet.java:979)
	at org.springframework.web.servlet.FrameworkServlet.processRequest(FrameworkServlet.java:1014)
	at org.springframework.web.servlet.FrameworkServlet.doGet(FrameworkServlet.java:903)
	at jakarta.servlet.http.HttpServlet.service(HttpServlet.java:619)
	at org.springframework.web.servlet.FrameworkServlet.service(FrameworkServlet.java:885)
	at jakarta.servlet.http.HttpServlet.service(HttpServlet.java:716)
	at org.apache.catalina.core.ApplicationFilterChain.doFilter(ApplicationFilterChain.java:130)
	at org.apache.tomcat.websocket.server.WsFilter.doFilter(WsFilter.java:51)
	at org.apache.catalina.core.ApplicationFilterChain.doFilter(ApplicationFilterChain.java:109)
	at org.apache.catalina.core.StandardWrapperValve.invoke(StandardWrapperValve.java:167)
	at org.apache.catalina.core.StandardContextValve.invoke(StandardContextValve.java:79)
	at org.apache.catalina.authenticator.AuthenticatorBase.invoke(AuthenticatorBase.java:483)
	at org.apache.catalina.core.StandardHostValve.invoke(StandardHostValve.java:115)
	at org.apache.catalina.valves.ErrorReportValve.invoke(ErrorReportValve.java:93)
	at org.apache.catalina.valves.AbstractAccessLogValve.invoke(AbstractAccessLogValve.java:663)
	at org.apache.catalina.core.StandardEngineValve.invoke(StandardEngineValve.java:74)
	at org.apache.catalina.connector.CoyoteAdapter.service(CoyoteAdapter.java:342)
	at org.apache.coyote.http11.Http11Processor.service(Http11Processor.java:395)
	at org.apache.coyote.AbstractProcessorLight.process(AbstractProcessorLight.java:63)
	at org.apache.coyote.AbstractProtocol$ConnectionHandler.process(AbstractProtocol.java:905)
	at org.apache.tomcat.util.net.NioEndpoint$SocketProcessor.doRun(NioEndpoint.java:1746)
	at org.apache.tomcat.util.net.SocketProcessorBase.run(SocketProcessorBase.java:52)
	at org.apache.tomcat.util.threads.ThreadPoolExecutor.runWorker(ThreadPoolExecutor.java:1148)
	at org.apache.tomcat.util.threads.ThreadPoolExecutor$Worker.run(ThreadPoolExecutor.java:636)
	at org.apache.tomcat.util.threads.TaskThread$WrappingRunnable.run(TaskThread.java:63)
	at java.base/java.lang.Thread.run(Thread.java:1583)
2025-12-08 20:25:21.061 [http-nio-80-exec-8] INFO  com.lilicould.blog.aop.ServiceLogAspect - [Service] 开始执行 - 获取公开指定ID的文章服务 (ArticleServiceImpl类的getPublicArticleById方法)
2025-12-08 20:25:21.061 [http-nio-80-exec-8] DEBUG com.lilicould.blog.aop.ServiceLogAspect - [Service] 方法参数 - 获取公开指定ID的文章服务: [100]
2025-12-08 20:25:21.064 [http-nio-80-exec-8] ERROR com.lilicould.blog.aop.ServiceLogAspect - [Service] 执行异常 - 获取公开指定ID的文章服务，耗时：3ms，异常信息：文章不存在
com.lilicould.blog.exception.BusinessException: 文章不存在
	at com.lilicould.blog.service.impl.ArticleServiceImpl.getPublicArticleById(ArticleServiceImpl.java:165)
	at java.base/jdk.internal.reflect.DirectMethodHandleAccessor.invoke(DirectMethodHandleAccessor.java:103)
	at java.base/java.lang.reflect.Method.invoke(Method.java:580)
	at org.springframework.aop.support.AopUtils.invokeJoinpointUsingReflection(AopUtils.java:355)
	at org.springframework.aop.framework.ReflectiveMethodInvocation.invokeJoinpoint(ReflectiveMethodInvocation.java:196)
	at org.springframework.aop.framework.ReflectiveMethodInvocation.proceed(ReflectiveMethodInvocation.java:163)
	at org.springframework.aop.aspectj.MethodInvocationProceedingJoinPoint.proceed(MethodInvocationProceedingJoinPoint.java:89)
	at com.lilicould.blog.aop.ServiceLogAspect.logServiceWithAnnotation(ServiceLogAspect.java:144)
	at com.lilicould.blog.aop.ServiceLogAspect.logAnnotatedService(ServiceLogAspect.java:80)
	at java.base/jdk.internal.reflect.DirectMethodHandleAccessor.invoke(DirectMethodHandleAccessor.java:103)
	at java.base/java.lang.reflect.Method.invoke(Method.java:580)
	at org.springframework.aop.aspectj.AbstractAspectJAdvice.invokeAdviceMethodWithGivenArgs(AbstractAspectJAdvice.java:637)
	at org.springframework.aop.aspectj.AbstractAspectJAdvice.invokeAdviceMethod(AbstractAspectJAdvice.java:627)
	at org.springframework.aop.aspectj.AspectJAroundAdvice.invoke(AspectJAroundAdvice.java:71)
	at org.springframework.aop.framework.ReflectiveMethodInvocation.proceed(ReflectiveMethodInvocation.java:173)
	at org.springframework.aop.interceptor.ExposeInvocationInterceptor.invoke(ExposeInvocationInterceptor.java:97)
	at org.springframework.aop.framework.ReflectiveMethodInvocation.proceed(ReflectiveMethodInvocation.java:184)
	at org.springframework.aop.framework.JdkDynamicAopProxy.invoke(JdkDynamicAopProxy.java:223)
	at jdk.proxy3/jdk.proxy3.$Proxy52.getPublicArticleById(Unknown Source)
	at com.lilicould.blog.controller.PublicController.getArticle(PublicController.java:44)
	at java.base/jdk.internal.reflect.DirectMethodHandleAccessor.invoke(DirectMethodHandleAccessor.java:103)
	at java.base/java.lang.reflect.Method.invoke(Method.java:580)
	at org.springframework.web.method.support.InvocableHandlerMethod.doInvoke(InvocableHandlerMethod.java:255)
	at org.springframework.web.method.support.InvocableHandlerMethod.invokeForRequest(InvocableHandlerMethod.java:188)
	at org.springframework.web.servlet.mvc.method.annotation.ServletInvocableHandlerMethod.invokeAndHandle(ServletInvocableHandlerMethod.java:118)
	at org.springframework.web.servlet.mvc.method.annotation.RequestMappingHandlerAdapter.invokeHandlerMethod(RequestMappingHandlerAdapter.java:926)
	at org.springframework.web.servlet.mvc.method.annotation.RequestMappingHandlerAdapter.handleInternal(RequestMappingHandlerAdapter.java:831)
	at org.springframework.web.servlet.mvc.method.AbstractHandlerMethodAdapter.handle(AbstractHandlerMethodAdapter.java:87)
	at org.springframework.web.servlet.DispatcherServlet.doDispatch(DispatcherServlet.java:1089)
	at org.springframework.web.servlet.DispatcherServlet.doService(DispatcherServlet.java:979)
	at org.springframework.web.servlet.FrameworkServlet.processRequest(FrameworkServlet.java:1014)
	at org.springframework.web.servlet.FrameworkServlet.doGet(FrameworkServlet.java:903)
	at jakarta.servlet.http.HttpServlet.service(HttpServlet.java:619)
	at org.springframework.web.servlet.FrameworkServlet.service(FrameworkServlet.java:885)
	at jakarta.servlet.http.HttpServlet.service(HttpServlet.java:716)
	at org.apache.catalina.core.ApplicationFilterChain.doFilter(ApplicationFilterChain.java:130)
	at org.apache.tomcat.websocket.server.WsFilter.doFilter(WsFilter.java:51)
	at org.apache.catalina.core.ApplicationFilterChain.doFilter(ApplicationFilterChain.java:109)
	at org.apache.catalina.core.StandardWrapperValve.invoke(StandardWrapperValve.java:167)
	at org.apache.catalina.core.StandardContextValve.invoke(StandardContextValve.java:79)
	at org.apache.catalina.authenticator.AuthenticatorBase.invoke(AuthenticatorBase.java:483)
	at org.apache.catalina.core.StandardHostValve.invoke(StandardHostValve.java:115)
	at org.apache.catalina.valves.ErrorReportValve.invoke(ErrorReportValve.java:93)
	at org.apache.catalina.valves.AbstractAccessLogValve.invoke(AbstractAccessLogValve.java:663)
	at org.apache.catalina.core.StandardEngineValve.invoke(StandardEngineValve.java:74)
	at org.apache.catalina.connector.CoyoteAdapter.service(CoyoteAdapter.java:342)
	at org.apache.coyote.http11.Http11Processor.service(Http11Processor.java:395)
	at org.apache.coyote.AbstractProcessorLight.process(AbstractProcessorLight.java:63)
	at org.apache.coyote.AbstractProtocol$ConnectionHandler.process(AbstractProtocol.java:905)
	at org.apache.tomcat.util.net.NioEndpoint$SocketProcessor.doRun(NioEndpoint.java:1746)
	at org.apache.tomcat.util.net.SocketProcessorBase.run(SocketProcessorBase.java:52)
	at org.apache.tomcat.util.threads.ThreadPoolExecutor.runWorker(ThreadPoolExecutor.java:1148)
	at org.apache.tomcat.util.threads.ThreadPoolExecutor$Worker.run(ThreadPoolExecutor.java:636)
	at org.apache.tomcat.util.threads.TaskThread$WrappingRunnable.run(TaskThread.java:63)
	at java.base/java.lang.Thread.run(Thread.java:1583)
2025-12-08 20:25:21.327 [http-nio-80-exec-7] INFO  com.lilicould.blog.aop.ServiceLogAspect - [Service] 开始执行 - 获取公开指定ID的文章服务 (ArticleServiceImpl类的getPublicArticleById方法)
2025-12-08 20:25:21.327 [http-nio-80-exec-7] DEBUG com.lilicould.blog.aop.ServiceLogAspect - [Service] 方法参数 - 获取公开指定ID的文章服务: [100]
2025-12-08 20:25:21.329 [http-nio-80-exec-7] ERROR com.lilicould.blog.aop.ServiceLogAspect - [Service] 执行异常 - 获取公开指定ID的文章服务，耗时：2ms，异常信息：文章不存在
com.lilicould.blog.exception.BusinessException: 文章不存在
	at com.lilicould.blog.service.impl.ArticleServiceImpl.getPublicArticleById(ArticleServiceImpl.java:165)
	at java.base/jdk.internal.reflect.DirectMethodHandleAccessor.invoke(DirectMethodHandleAccessor.java:103)
	at java.base/java.lang.reflect.Method.invoke(Method.java:580)
	at org.springframework.aop.support.AopUtils.invokeJoinpointUsingReflection(AopUtils.java:355)
	at org.springframework.aop.framework.ReflectiveMethodInvocation.invokeJoinpoint(ReflectiveMethodInvocation.java:196)
	at org.springframework.aop.framework.ReflectiveMethodInvocation.proceed(ReflectiveMethodInvocation.java:163)
	at org.springframework.aop.aspectj.MethodInvocationProceedingJoinPoint.proceed(MethodInvocationProceedingJoinPoint.java:89)
	at com.lilicould.blog.aop.ServiceLogAspect.logServiceWithAnnotation(ServiceLogAspect.java:144)
	at com.lilicould.blog.aop.ServiceLogAspect.logAnnotatedService(ServiceLogAspect.java:80)
	at java.base/jdk.internal.reflect.DirectMethodHandleAccessor.invoke(DirectMethodHandleAccessor.java:103)
	at java.base/java.lang.reflect.Method.invoke(Method.java:580)
	at org.springframework.aop.aspectj.AbstractAspectJAdvice.invokeAdviceMethodWithGivenArgs(AbstractAspectJAdvice.java:637)
	at org.springframework.aop.aspectj.AbstractAspectJAdvice.invokeAdviceMethod(AbstractAspectJAdvice.java:627)
	at org.springframework.aop.aspectj.AspectJAroundAdvice.invoke(AspectJAroundAdvice.java:71)
	at org.springframework.aop.framework.ReflectiveMethodInvocation.proceed(ReflectiveMethodInvocation.java:173)
	at org.springframework.aop.interceptor.ExposeInvocationInterceptor.invoke(ExposeInvocationInterceptor.java:97)
	at org.springframework.aop.framework.ReflectiveMethodInvocation.proceed(ReflectiveMethodInvocation.java:184)
	at org.springframework.aop.framework.JdkDynamicAopProxy.invoke(JdkDynamicAopProxy.java:223)
	at jdk.proxy3/jdk.proxy3.$Proxy52.getPublicArticleById(Unknown Source)
	at com.lilicould.blog.controller.PublicController.getArticle(PublicController.java:44)
	at java.base/jdk.internal.reflect.DirectMethodHandleAccessor.invoke(DirectMethodHandleAccessor.java:103)
	at java.base/java.lang.reflect.Method.invoke(Method.java:580)
	at org.springframework.web.method.support.InvocableHandlerMethod.doInvoke(InvocableHandlerMethod.java:255)
	at org.springframework.web.method.support.InvocableHandlerMethod.invokeForRequest(InvocableHandlerMethod.java:188)
	at org.springframework.web.servlet.mvc.method.annotation.ServletInvocableHandlerMethod.invokeAndHandle(ServletInvocableHandlerMethod.java:118)
	at org.springframework.web.servlet.mvc.method.annotation.RequestMappingHandlerAdapter.invokeHandlerMethod(RequestMappingHandlerAdapter.java:926)
	at org.springframework.web.servlet.mvc.method.annotation.RequestMappingHandlerAdapter.handleInternal(RequestMappingHandlerAdapter.java:831)
	at org.springframework.web.servlet.mvc.method.AbstractHandlerMethodAdapter.handle(AbstractHandlerMethodAdapter.java:87)
	at org.springframework.web.servlet.DispatcherServlet.doDispatch(DispatcherServlet.java:1089)
	at org.springframework.web.servlet.DispatcherServlet.doService(DispatcherServlet.java:979)
	at org.springframework.web.servlet.FrameworkServlet.processRequest(FrameworkServlet.java:1014)
	at org.springframework.web.servlet.FrameworkServlet.doGet(FrameworkServlet.java:903)
	at jakarta.servlet.http.HttpServlet.service(HttpServlet.java:619)
	at org.springframework.web.servlet.FrameworkServlet.service(FrameworkServlet.java:885)
	at jakarta.servlet.http.HttpServlet.service(HttpServlet.java:716)
	at org.apache.catalina.core.ApplicationFilterChain.doFilter(ApplicationFilterChain.java:130)
	at org.apache.tomcat.websocket.server.WsFilter.doFilter(WsFilter.java:51)
	at org.apache.catalina.core.ApplicationFilterChain.doFilter(ApplicationFilterChain.java:109)
	at org.apache.catalina.core.StandardWrapperValve.invoke(StandardWrapperValve.java:167)
	at org.apache.catalina.core.StandardContextValve.invoke(StandardContextValve.java:79)
	at org.apache.catalina.authenticator.AuthenticatorBase.invoke(AuthenticatorBase.java:483)
	at org.apache.catalina.core.StandardHostValve.invoke(StandardHostValve.java:115)
	at org.apache.catalina.valves.ErrorReportValve.invoke(ErrorReportValve.java:93)
	at org.apache.catalina.valves.AbstractAccessLogValve.invoke(AbstractAccessLogValve.java:663)
	at org.apache.catalina.core.StandardEngineValve.invoke(StandardEngineValve.java:74)
	at org.apache.catalina.connector.CoyoteAdapter.service(CoyoteAdapter.java:342)
	at org.apache.coyote.http11.Http11Processor.service(Http11Processor.java:395)
	at org.apache.coyote.AbstractProcessorLight.process(AbstractProcessorLight.java:63)
	at org.apache.coyote.AbstractProtocol$ConnectionHandler.process(AbstractProtocol.java:905)
	at org.apache.tomcat.util.net.NioEndpoint$SocketProcessor.doRun(NioEndpoint.java:1746)
	at org.apache.tomcat.util.net.SocketProcessorBase.run(SocketProcessorBase.java:52)
	at org.apache.tomcat.util.threads.ThreadPoolExecutor.runWorker(ThreadPoolExecutor.java:1148)
	at org.apache.tomcat.util.threads.ThreadPoolExecutor$Worker.run(ThreadPoolExecutor.java:636)
	at org.apache.tomcat.util.threads.TaskThread$WrappingRunnable.run(TaskThread.java:63)
	at java.base/java.lang.Thread.run(Thread.java:1583)
2025-12-08 20:25:21.451 [http-nio-80-exec-9] INFO  com.lilicould.blog.aop.ServiceLogAspect - [Service] 开始执行 - 获取公开指定ID的文章服务 (ArticleServiceImpl类的getPublicArticleById方法)
2025-12-08 20:25:21.451 [http-nio-80-exec-9] DEBUG com.lilicould.blog.aop.ServiceLogAspect - [Service] 方法参数 - 获取公开指定ID的文章服务: [100]
2025-12-08 20:25:21.453 [http-nio-80-exec-9] ERROR com.lilicould.blog.aop.ServiceLogAspect - [Service] 执行异常 - 获取公开指定ID的文章服务，耗时：2ms，异常信息：文章不存在
com.lilicould.blog.exception.BusinessException: 文章不存在
	at com.lilicould.blog.service.impl.ArticleServiceImpl.getPublicArticleById(ArticleServiceImpl.java:165)
	at java.base/jdk.internal.reflect.DirectMethodHandleAccessor.invoke(DirectMethodHandleAccessor.java:103)
	at java.base/java.lang.reflect.Method.invoke(Method.java:580)
	at org.springframework.aop.support.AopUtils.invokeJoinpointUsingReflection(AopUtils.java:355)
	at org.springframework.aop.framework.ReflectiveMethodInvocation.invokeJoinpoint(ReflectiveMethodInvocation.java:196)
	at org.springframework.aop.framework.ReflectiveMethodInvocation.proceed(ReflectiveMethodInvocation.java:163)
	at org.springframework.aop.aspectj.MethodInvocationProceedingJoinPoint.proceed(MethodInvocationProceedingJoinPoint.java:89)
	at com.lilicould.blog.aop.ServiceLogAspect.logServiceWithAnnotation(ServiceLogAspect.java:144)
	at com.lilicould.blog.aop.ServiceLogAspect.logAnnotatedService(ServiceLogAspect.java:80)
	at java.base/jdk.internal.reflect.DirectMethodHandleAccessor.invoke(DirectMethodHandleAccessor.java:103)
	at java.base/java.lang.reflect.Method.invoke(Method.java:580)
	at org.springframework.aop.aspectj.AbstractAspectJAdvice.invokeAdviceMethodWithGivenArgs(AbstractAspectJAdvice.java:637)
	at org.springframework.aop.aspectj.AbstractAspectJAdvice.invokeAdviceMethod(AbstractAspectJAdvice.java:627)
	at org.springframework.aop.aspectj.AspectJAroundAdvice.invoke(AspectJAroundAdvice.java:71)
	at org.springframework.aop.framework.ReflectiveMethodInvocation.proceed(ReflectiveMethodInvocation.java:173)
	at org.springframework.aop.interceptor.ExposeInvocationInterceptor.invoke(ExposeInvocationInterceptor.java:97)
	at org.springframework.aop.framework.ReflectiveMethodInvocation.proceed(ReflectiveMethodInvocation.java:184)
	at org.springframework.aop.framework.JdkDynamicAopProxy.invoke(JdkDynamicAopProxy.java:223)
	at jdk.proxy3/jdk.proxy3.$Proxy52.getPublicArticleById(Unknown Source)
	at com.lilicould.blog.controller.PublicController.getArticle(PublicController.java:44)
	at java.base/jdk.internal.reflect.DirectMethodHandleAccessor.invoke(DirectMethodHandleAccessor.java:103)
	at java.base/java.lang.reflect.Method.invoke(Method.java:580)
	at org.springframework.web.method.support.InvocableHandlerMethod.doInvoke(InvocableHandlerMethod.java:255)
	at org.springframework.web.method.support.InvocableHandlerMethod.invokeForRequest(InvocableHandlerMethod.java:188)
	at org.springframework.web.servlet.mvc.method.annotation.ServletInvocableHandlerMethod.invokeAndHandle(ServletInvocableHandlerMethod.java:118)
	at org.springframework.web.servlet.mvc.method.annotation.RequestMappingHandlerAdapter.invokeHandlerMethod(RequestMappingHandlerAdapter.java:926)
	at org.springframework.web.servlet.mvc.method.annotation.RequestMappingHandlerAdapter.handleInternal(RequestMappingHandlerAdapter.java:831)
	at org.springframework.web.servlet.mvc.method.AbstractHandlerMethodAdapter.handle(AbstractHandlerMethodAdapter.java:87)
	at org.springframework.web.servlet.DispatcherServlet.doDispatch(DispatcherServlet.java:1089)
	at org.springframework.web.servlet.DispatcherServlet.doService(DispatcherServlet.java:979)
	at org.springframework.web.servlet.FrameworkServlet.processRequest(FrameworkServlet.java:1014)
	at org.springframework.web.servlet.FrameworkServlet.doGet(FrameworkServlet.java:903)
	at jakarta.servlet.http.HttpServlet.service(HttpServlet.java:619)
	at org.springframework.web.servlet.FrameworkServlet.service(FrameworkServlet.java:885)
	at jakarta.servlet.http.HttpServlet.service(HttpServlet.java:716)
	at org.apache.catalina.core.ApplicationFilterChain.doFilter(ApplicationFilterChain.java:130)
	at org.apache.tomcat.websocket.server.WsFilter.doFilter(WsFilter.java:51)
	at org.apache.catalina.core.ApplicationFilterChain.doFilter(ApplicationFilterChain.java:109)
	at org.apache.catalina.core.StandardWrapperValve.invoke(StandardWrapperValve.java:167)
	at org.apache.catalina.core.StandardContextValve.invoke(StandardContextValve.java:79)
	at org.apache.catalina.authenticator.AuthenticatorBase.invoke(AuthenticatorBase.java:483)
	at org.apache.catalina.core.StandardHostValve.invoke(StandardHostValve.java:115)
	at org.apache.catalina.valves.ErrorReportValve.invoke(ErrorReportValve.java:93)
	at org.apache.catalina.valves.AbstractAccessLogValve.invoke(AbstractAccessLogValve.java:663)
	at org.apache.catalina.core.StandardEngineValve.invoke(StandardEngineValve.java:74)
	at org.apache.catalina.connector.CoyoteAdapter.service(CoyoteAdapter.java:342)
	at org.apache.coyote.http11.Http11Processor.service(Http11Processor.java:395)
	at org.apache.coyote.AbstractProcessorLight.process(AbstractProcessorLight.java:63)
	at org.apache.coyote.AbstractProtocol$ConnectionHandler.process(AbstractProtocol.java:905)
	at org.apache.tomcat.util.net.NioEndpoint$SocketProcessor.doRun(NioEndpoint.java:1746)
	at org.apache.tomcat.util.net.SocketProcessorBase.run(SocketProcessorBase.java:52)
	at org.apache.tomcat.util.threads.ThreadPoolExecutor.runWorker(ThreadPoolExecutor.java:1148)
	at org.apache.tomcat.util.threads.ThreadPoolExecutor$Worker.run(ThreadPoolExecutor.java:636)
	at org.apache.tomcat.util.threads.TaskThread$WrappingRunnable.run(TaskThread.java:63)
	at java.base/java.lang.Thread.run(Thread.java:1583)
2025-12-08 20:25:25.514 [http-nio-80-exec-4] INFO  com.lilicould.blog.aop.ServiceLogAspect - [Service] 开始执行 - 获取公开指定ID的文章服务 (ArticleServiceImpl类的getPublicArticleById方法)
2025-12-08 20:25:25.514 [http-nio-80-exec-4] DEBUG com.lilicould.blog.aop.ServiceLogAspect - [Service] 方法参数 - 获取公开指定ID的文章服务: [90]
2025-12-08 20:25:25.516 [http-nio-80-exec-4] ERROR com.lilicould.blog.aop.ServiceLogAspect - [Service] 执行异常 - 获取公开指定ID的文章服务，耗时：2ms，异常信息：文章不存在
com.lilicould.blog.exception.BusinessException: 文章不存在
	at com.lilicould.blog.service.impl.ArticleServiceImpl.getPublicArticleById(ArticleServiceImpl.java:165)
	at java.base/jdk.internal.reflect.DirectMethodHandleAccessor.invoke(DirectMethodHandleAccessor.java:103)
	at java.base/java.lang.reflect.Method.invoke(Method.java:580)
	at org.springframework.aop.support.AopUtils.invokeJoinpointUsingReflection(AopUtils.java:355)
	at org.springframework.aop.framework.ReflectiveMethodInvocation.invokeJoinpoint(ReflectiveMethodInvocation.java:196)
	at org.springframework.aop.framework.ReflectiveMethodInvocation.proceed(ReflectiveMethodInvocation.java:163)
	at org.springframework.aop.aspectj.MethodInvocationProceedingJoinPoint.proceed(MethodInvocationProceedingJoinPoint.java:89)
	at com.lilicould.blog.aop.ServiceLogAspect.logServiceWithAnnotation(ServiceLogAspect.java:144)
	at com.lilicould.blog.aop.ServiceLogAspect.logAnnotatedService(ServiceLogAspect.java:80)
	at java.base/jdk.internal.reflect.DirectMethodHandleAccessor.invoke(DirectMethodHandleAccessor.java:103)
	at java.base/java.lang.reflect.Method.invoke(Method.java:580)
	at org.springframework.aop.aspectj.AbstractAspectJAdvice.invokeAdviceMethodWithGivenArgs(AbstractAspectJAdvice.java:637)
	at org.springframework.aop.aspectj.AbstractAspectJAdvice.invokeAdviceMethod(AbstractAspectJAdvice.java:627)
	at org.springframework.aop.aspectj.AspectJAroundAdvice.invoke(AspectJAroundAdvice.java:71)
	at org.springframework.aop.framework.ReflectiveMethodInvocation.proceed(ReflectiveMethodInvocation.java:173)
	at org.springframework.aop.interceptor.ExposeInvocationInterceptor.invoke(ExposeInvocationInterceptor.java:97)
	at org.springframework.aop.framework.ReflectiveMethodInvocation.proceed(ReflectiveMethodInvocation.java:184)
	at org.springframework.aop.framework.JdkDynamicAopProxy.invoke(JdkDynamicAopProxy.java:223)
	at jdk.proxy3/jdk.proxy3.$Proxy52.getPublicArticleById(Unknown Source)
	at com.lilicould.blog.controller.PublicController.getArticle(PublicController.java:44)
	at java.base/jdk.internal.reflect.DirectMethodHandleAccessor.invoke(DirectMethodHandleAccessor.java:103)
	at java.base/java.lang.reflect.Method.invoke(Method.java:580)
	at org.springframework.web.method.support.InvocableHandlerMethod.doInvoke(InvocableHandlerMethod.java:255)
	at org.springframework.web.method.support.InvocableHandlerMethod.invokeForRequest(InvocableHandlerMethod.java:188)
	at org.springframework.web.servlet.mvc.method.annotation.ServletInvocableHandlerMethod.invokeAndHandle(ServletInvocableHandlerMethod.java:118)
	at org.springframework.web.servlet.mvc.method.annotation.RequestMappingHandlerAdapter.invokeHandlerMethod(RequestMappingHandlerAdapter.java:926)
	at org.springframework.web.servlet.mvc.method.annotation.RequestMappingHandlerAdapter.handleInternal(RequestMappingHandlerAdapter.java:831)
	at org.springframework.web.servlet.mvc.method.AbstractHandlerMethodAdapter.handle(AbstractHandlerMethodAdapter.java:87)
	at org.springframework.web.servlet.DispatcherServlet.doDispatch(DispatcherServlet.java:1089)
	at org.springframework.web.servlet.DispatcherServlet.doService(DispatcherServlet.java:979)
	at org.springframework.web.servlet.FrameworkServlet.processRequest(FrameworkServlet.java:1014)
	at org.springframework.web.servlet.FrameworkServlet.doGet(FrameworkServlet.java:903)
	at jakarta.servlet.http.HttpServlet.service(HttpServlet.java:619)
	at org.springframework.web.servlet.FrameworkServlet.service(FrameworkServlet.java:885)
	at jakarta.servlet.http.HttpServlet.service(HttpServlet.java:716)
	at org.apache.catalina.core.ApplicationFilterChain.doFilter(ApplicationFilterChain.java:130)
	at org.apache.tomcat.websocket.server.WsFilter.doFilter(WsFilter.java:51)
	at org.apache.catalina.core.ApplicationFilterChain.doFilter(ApplicationFilterChain.java:109)
	at org.apache.catalina.core.StandardWrapperValve.invoke(StandardWrapperValve.java:167)
	at org.apache.catalina.core.StandardContextValve.invoke(StandardContextValve.java:79)
	at org.apache.catalina.authenticator.AuthenticatorBase.invoke(AuthenticatorBase.java:483)
	at org.apache.catalina.core.StandardHostValve.invoke(StandardHostValve.java:115)
	at org.apache.catalina.valves.ErrorReportValve.invoke(ErrorReportValve.java:93)
	at org.apache.catalina.valves.AbstractAccessLogValve.invoke(AbstractAccessLogValve.java:663)
	at org.apache.catalina.core.StandardEngineValve.invoke(StandardEngineValve.java:74)
	at org.apache.catalina.connector.CoyoteAdapter.service(CoyoteAdapter.java:342)
	at org.apache.coyote.http11.Http11Processor.service(Http11Processor.java:395)
	at org.apache.coyote.AbstractProcessorLight.process(AbstractProcessorLight.java:63)
	at org.apache.coyote.AbstractProtocol$ConnectionHandler.process(AbstractProtocol.java:905)
	at org.apache.tomcat.util.net.NioEndpoint$SocketProcessor.doRun(NioEndpoint.java:1746)
	at org.apache.tomcat.util.net.SocketProcessorBase.run(SocketProcessorBase.java:52)
	at org.apache.tomcat.util.threads.ThreadPoolExecutor.runWorker(ThreadPoolExecutor.java:1148)
	at org.apache.tomcat.util.threads.ThreadPoolExecutor$Worker.run(ThreadPoolExecutor.java:636)
	at org.apache.tomcat.util.threads.TaskThread$WrappingRunnable.run(TaskThread.java:63)
	at java.base/java.lang.Thread.run(Thread.java:1583)
2025-12-08 20:25:25.715 [http-nio-80-exec-5] INFO  com.lilicould.blog.aop.ServiceLogAspect - [Service] 开始执行 - 获取公开指定ID的文章服务 (ArticleServiceImpl类的getPublicArticleById方法)
2025-12-08 20:25:25.715 [http-nio-80-exec-5] DEBUG com.lilicould.blog.aop.ServiceLogAspect - [Service] 方法参数 - 获取公开指定ID的文章服务: [90]
2025-12-08 20:25:25.717 [http-nio-80-exec-5] ERROR com.lilicould.blog.aop.ServiceLogAspect - [Service] 执行异常 - 获取公开指定ID的文章服务，耗时：2ms，异常信息：文章不存在
com.lilicould.blog.exception.BusinessException: 文章不存在
	at com.lilicould.blog.service.impl.ArticleServiceImpl.getPublicArticleById(ArticleServiceImpl.java:165)
	at java.base/jdk.internal.reflect.DirectMethodHandleAccessor.invoke(DirectMethodHandleAccessor.java:103)
	at java.base/java.lang.reflect.Method.invoke(Method.java:580)
	at org.springframework.aop.support.AopUtils.invokeJoinpointUsingReflection(AopUtils.java:355)
	at org.springframework.aop.framework.ReflectiveMethodInvocation.invokeJoinpoint(ReflectiveMethodInvocation.java:196)
	at org.springframework.aop.framework.ReflectiveMethodInvocation.proceed(ReflectiveMethodInvocation.java:163)
	at org.springframework.aop.aspectj.MethodInvocationProceedingJoinPoint.proceed(MethodInvocationProceedingJoinPoint.java:89)
	at com.lilicould.blog.aop.ServiceLogAspect.logServiceWithAnnotation(ServiceLogAspect.java:144)
	at com.lilicould.blog.aop.ServiceLogAspect.logAnnotatedService(ServiceLogAspect.java:80)
	at java.base/jdk.internal.reflect.DirectMethodHandleAccessor.invoke(DirectMethodHandleAccessor.java:103)
	at java.base/java.lang.reflect.Method.invoke(Method.java:580)
	at org.springframework.aop.aspectj.AbstractAspectJAdvice.invokeAdviceMethodWithGivenArgs(AbstractAspectJAdvice.java:637)
	at org.springframework.aop.aspectj.AbstractAspectJAdvice.invokeAdviceMethod(AbstractAspectJAdvice.java:627)
	at org.springframework.aop.aspectj.AspectJAroundAdvice.invoke(AspectJAroundAdvice.java:71)
	at org.springframework.aop.framework.ReflectiveMethodInvocation.proceed(ReflectiveMethodInvocation.java:173)
	at org.springframework.aop.interceptor.ExposeInvocationInterceptor.invoke(ExposeInvocationInterceptor.java:97)
	at org.springframework.aop.framework.ReflectiveMethodInvocation.proceed(ReflectiveMethodInvocation.java:184)
	at org.springframework.aop.framework.JdkDynamicAopProxy.invoke(JdkDynamicAopProxy.java:223)
	at jdk.proxy3/jdk.proxy3.$Proxy52.getPublicArticleById(Unknown Source)
	at com.lilicould.blog.controller.PublicController.getArticle(PublicController.java:44)
	at java.base/jdk.internal.reflect.DirectMethodHandleAccessor.invoke(DirectMethodHandleAccessor.java:103)
	at java.base/java.lang.reflect.Method.invoke(Method.java:580)
	at org.springframework.web.method.support.InvocableHandlerMethod.doInvoke(InvocableHandlerMethod.java:255)
	at org.springframework.web.method.support.InvocableHandlerMethod.invokeForRequest(InvocableHandlerMethod.java:188)
	at org.springframework.web.servlet.mvc.method.annotation.ServletInvocableHandlerMethod.invokeAndHandle(ServletInvocableHandlerMethod.java:118)
	at org.springframework.web.servlet.mvc.method.annotation.RequestMappingHandlerAdapter.invokeHandlerMethod(RequestMappingHandlerAdapter.java:926)
	at org.springframework.web.servlet.mvc.method.annotation.RequestMappingHandlerAdapter.handleInternal(RequestMappingHandlerAdapter.java:831)
	at org.springframework.web.servlet.mvc.method.AbstractHandlerMethodAdapter.handle(AbstractHandlerMethodAdapter.java:87)
	at org.springframework.web.servlet.DispatcherServlet.doDispatch(DispatcherServlet.java:1089)
	at org.springframework.web.servlet.DispatcherServlet.doService(DispatcherServlet.java:979)
	at org.springframework.web.servlet.FrameworkServlet.processRequest(FrameworkServlet.java:1014)
	at org.springframework.web.servlet.FrameworkServlet.doGet(FrameworkServlet.java:903)
	at jakarta.servlet.http.HttpServlet.service(HttpServlet.java:619)
	at org.springframework.web.servlet.FrameworkServlet.service(FrameworkServlet.java:885)
	at jakarta.servlet.http.HttpServlet.service(HttpServlet.java:716)
	at org.apache.catalina.core.ApplicationFilterChain.doFilter(ApplicationFilterChain.java:130)
	at org.apache.tomcat.websocket.server.WsFilter.doFilter(WsFilter.java:51)
	at org.apache.catalina.core.ApplicationFilterChain.doFilter(ApplicationFilterChain.java:109)
	at org.apache.catalina.core.StandardWrapperValve.invoke(StandardWrapperValve.java:167)
	at org.apache.catalina.core.StandardContextValve.invoke(StandardContextValve.java:79)
	at org.apache.catalina.authenticator.AuthenticatorBase.invoke(AuthenticatorBase.java:483)
	at org.apache.catalina.core.StandardHostValve.invoke(StandardHostValve.java:115)
	at org.apache.catalina.valves.ErrorReportValve.invoke(ErrorReportValve.java:93)
	at org.apache.catalina.valves.AbstractAccessLogValve.invoke(AbstractAccessLogValve.java:663)
	at org.apache.catalina.core.StandardEngineValve.invoke(StandardEngineValve.java:74)
	at org.apache.catalina.connector.CoyoteAdapter.service(CoyoteAdapter.java:342)
	at org.apache.coyote.http11.Http11Processor.service(Http11Processor.java:395)
	at org.apache.coyote.AbstractProcessorLight.process(AbstractProcessorLight.java:63)
	at org.apache.coyote.AbstractProtocol$ConnectionHandler.process(AbstractProtocol.java:905)
	at org.apache.tomcat.util.net.NioEndpoint$SocketProcessor.doRun(NioEndpoint.java:1746)
	at org.apache.tomcat.util.net.SocketProcessorBase.run(SocketProcessorBase.java:52)
	at org.apache.tomcat.util.threads.ThreadPoolExecutor.runWorker(ThreadPoolExecutor.java:1148)
	at org.apache.tomcat.util.threads.ThreadPoolExecutor$Worker.run(ThreadPoolExecutor.java:636)
	at org.apache.tomcat.util.threads.TaskThread$WrappingRunnable.run(TaskThread.java:63)
	at java.base/java.lang.Thread.run(Thread.java:1583)
2025-12-08 20:25:28.805 [http-nio-80-exec-6] INFO  com.lilicould.blog.aop.ServiceLogAspect - [Service] 开始执行 - 获取公开指定ID的文章服务 (ArticleServiceImpl类的getPublicArticleById方法)
2025-12-08 20:25:28.806 [http-nio-80-exec-6] DEBUG com.lilicould.blog.aop.ServiceLogAspect - [Service] 方法参数 - 获取公开指定ID的文章服务: [21]
2025-12-08 20:25:28.853 [http-nio-80-exec-6] INFO  com.lilicould.blog.aop.ServiceLogAspect - [Service] 执行完成 - 获取公开指定ID的文章服务，耗时：48ms
2025-12-08 20:25:28.854 [http-nio-80-exec-6] INFO  com.lilicould.blog.aop.ServiceLogAspect - [Service] 开始执行 - 增加阅读量服务 (ArticleServiceImpl类的incrementViewCount方法)
2025-12-08 20:25:28.854 [http-nio-80-exec-6] DEBUG com.lilicould.blog.aop.ServiceLogAspect - [Service] 方法参数 - 增加阅读量服务: [21]
2025-12-08 20:25:28.858 [http-nio-80-exec-6] INFO  com.lilicould.blog.aop.ServiceLogAspect - [Service] 执行完成 - 增加阅读量服务，耗时：4ms
2025-12-08 20:25:28.980 [http-nio-80-exec-8] INFO  com.lilicould.blog.aop.ServiceLogAspect - [Service] 开始执行 - 获取公开指定ID的文章服务 (ArticleServiceImpl类的getPublicArticleById方法)
2025-12-08 20:25:28.980 [http-nio-80-exec-8] DEBUG com.lilicould.blog.aop.ServiceLogAspect - [Service] 方法参数 - 获取公开指定ID的文章服务: [21]
2025-12-08 20:25:28.982 [http-nio-80-exec-8] INFO  com.lilicould.blog.aop.ServiceLogAspect - [Service] 执行完成 - 获取公开指定ID的文章服务，耗时：2ms
2025-12-08 20:25:28.983 [http-nio-80-exec-8] INFO  com.lilicould.blog.aop.ServiceLogAspect - [Service] 开始执行 - 增加阅读量服务 (ArticleServiceImpl类的incrementViewCount方法)
2025-12-08 20:25:28.983 [http-nio-80-exec-8] DEBUG com.lilicould.blog.aop.ServiceLogAspect - [Service] 方法参数 - 增加阅读量服务: [21]
2025-12-08 20:25:28.988 [http-nio-80-exec-8] INFO  com.lilicould.blog.aop.ServiceLogAspect - [Service] 执行完成 - 增加阅读量服务，耗时：5ms
2025-12-08 20:25:29.118 [http-nio-80-exec-7] INFO  com.lilicould.blog.aop.ServiceLogAspect - [Service] 开始执行 - 获取公开指定ID的文章服务 (ArticleServiceImpl类的getPublicArticleById方法)
2025-12-08 20:25:29.118 [http-nio-80-exec-7] DEBUG com.lilicould.blog.aop.ServiceLogAspect - [Service] 方法参数 - 获取公开指定ID的文章服务: [21]
2025-12-08 20:25:29.120 [http-nio-80-exec-7] INFO  com.lilicould.blog.aop.ServiceLogAspect - [Service] 执行完成 - 获取公开指定ID的文章服务，耗时：2ms
2025-12-08 20:25:29.121 [http-nio-80-exec-7] INFO  com.lilicould.blog.aop.ServiceLogAspect - [Service] 开始执行 - 增加阅读量服务 (ArticleServiceImpl类的incrementViewCount方法)
2025-12-08 20:25:29.122 [http-nio-80-exec-7] DEBUG com.lilicould.blog.aop.ServiceLogAspect - [Service] 方法参数 - 增加阅读量服务: [21]
2025-12-08 20:25:29.127 [http-nio-80-exec-7] INFO  com.lilicould.blog.aop.ServiceLogAspect - [Service] 执行完成 - 增加阅读量服务，耗时：6ms
2025-12-08 20:25:29.414 [http-nio-80-exec-9] INFO  com.lilicould.blog.aop.ServiceLogAspect - [Service] 开始执行 - 获取公开指定ID的文章服务 (ArticleServiceImpl类的getPublicArticleById方法)
2025-12-08 20:25:29.414 [http-nio-80-exec-9] DEBUG com.lilicould.blog.aop.ServiceLogAspect - [Service] 方法参数 - 获取公开指定ID的文章服务: [21]
2025-12-08 20:25:29.416 [http-nio-80-exec-9] INFO  com.lilicould.blog.aop.ServiceLogAspect - [Service] 执行完成 - 获取公开指定ID的文章服务，耗时：2ms
2025-12-08 20:25:29.418 [http-nio-80-exec-9] INFO  com.lilicould.blog.aop.ServiceLogAspect - [Service] 开始执行 - 增加阅读量服务 (ArticleServiceImpl类的incrementViewCount方法)
2025-12-08 20:25:29.418 [http-nio-80-exec-9] DEBUG com.lilicould.blog.aop.ServiceLogAspect - [Service] 方法参数 - 增加阅读量服务: [21]
2025-12-08 20:25:29.423 [http-nio-80-exec-9] INFO  com.lilicould.blog.aop.ServiceLogAspect - [Service] 执行完成 - 增加阅读量服务，耗时：5ms
2025-12-08 20:25:30.627 [http-nio-80-exec-10] INFO  com.lilicould.blog.aop.ServiceLogAspect - [Service] 开始执行 - 获取公开指定ID的文章服务 (ArticleServiceImpl类的getPublicArticleById方法)
2025-12-08 20:25:30.627 [http-nio-80-exec-10] DEBUG com.lilicould.blog.aop.ServiceLogAspect - [Service] 方法参数 - 获取公开指定ID的文章服务: [22]
2025-12-08 20:25:30.628 [http-nio-80-exec-10] INFO  com.lilicould.blog.aop.ServiceLogAspect - [Service] 执行完成 - 获取公开指定ID的文章服务，耗时：1ms
2025-12-08 20:25:30.629 [http-nio-80-exec-10] INFO  com.lilicould.blog.aop.ServiceLogAspect - [Service] 开始执行 - 增加阅读量服务 (ArticleServiceImpl类的incrementViewCount方法)
2025-12-08 20:25:30.629 [http-nio-80-exec-10] DEBUG com.lilicould.blog.aop.ServiceLogAspect - [Service] 方法参数 - 增加阅读量服务: [22]
2025-12-08 20:25:30.634 [http-nio-80-exec-10] INFO  com.lilicould.blog.aop.ServiceLogAspect - [Service] 执行完成 - 增加阅读量服务，耗时：5ms
2025-12-08 20:25:30.780 [http-nio-80-exec-1] INFO  com.lilicould.blog.aop.ServiceLogAspect - [Service] 开始执行 - 获取公开指定ID的文章服务 (ArticleServiceImpl类的getPublicArticleById方法)
2025-12-08 20:25:30.780 [http-nio-80-exec-1] DEBUG com.lilicould.blog.aop.ServiceLogAspect - [Service] 方法参数 - 获取公开指定ID的文章服务: [22]
2025-12-08 20:25:30.782 [http-nio-80-exec-1] INFO  com.lilicould.blog.aop.ServiceLogAspect - [Service] 执行完成 - 获取公开指定ID的文章服务，耗时：2ms
2025-12-08 20:25:30.784 [http-nio-80-exec-1] INFO  com.lilicould.blog.aop.ServiceLogAspect - [Service] 开始执行 - 增加阅读量服务 (ArticleServiceImpl类的incrementViewCount方法)
2025-12-08 20:25:30.784 [http-nio-80-exec-1] DEBUG com.lilicould.blog.aop.ServiceLogAspect - [Service] 方法参数 - 增加阅读量服务: [22]
2025-12-08 20:25:30.788 [http-nio-80-exec-1] INFO  com.lilicould.blog.aop.ServiceLogAspect - [Service] 执行完成 - 增加阅读量服务，耗时：4ms
2025-12-08 20:25:30.906 [http-nio-80-exec-2] INFO  com.lilicould.blog.aop.ServiceLogAspect - [Service] 开始执行 - 获取公开指定ID的文章服务 (ArticleServiceImpl类的getPublicArticleById方法)
2025-12-08 20:25:30.906 [http-nio-80-exec-2] DEBUG com.lilicould.blog.aop.ServiceLogAspect - [Service] 方法参数 - 获取公开指定ID的文章服务: [22]
2025-12-08 20:25:30.908 [http-nio-80-exec-2] INFO  com.lilicould.blog.aop.ServiceLogAspect - [Service] 执行完成 - 获取公开指定ID的文章服务，耗时：2ms
2025-12-08 20:25:30.909 [http-nio-80-exec-2] INFO  com.lilicould.blog.aop.ServiceLogAspect - [Service] 开始执行 - 增加阅读量服务 (ArticleServiceImpl类的incrementViewCount方法)
2025-12-08 20:25:30.909 [http-nio-80-exec-2] DEBUG com.lilicould.blog.aop.ServiceLogAspect - [Service] 方法参数 - 增加阅读量服务: [22]
2025-12-08 20:25:30.915 [http-nio-80-exec-2] INFO  com.lilicould.blog.aop.ServiceLogAspect - [Service] 执行完成 - 增加阅读量服务，耗时：6ms
2025-12-08 20:25:31.108 [http-nio-80-exec-3] INFO  com.lilicould.blog.aop.ServiceLogAspect - [Service] 开始执行 - 获取公开指定ID的文章服务 (ArticleServiceImpl类的getPublicArticleById方法)
2025-12-08 20:25:31.108 [http-nio-80-exec-3] DEBUG com.lilicould.blog.aop.ServiceLogAspect - [Service] 方法参数 - 获取公开指定ID的文章服务: [22]
2025-12-08 20:25:31.110 [http-nio-80-exec-3] INFO  com.lilicould.blog.aop.ServiceLogAspect - [Service] 执行完成 - 获取公开指定ID的文章服务，耗时：2ms
2025-12-08 20:25:31.111 [http-nio-80-exec-3] INFO  com.lilicould.blog.aop.ServiceLogAspect - [Service] 开始执行 - 增加阅读量服务 (ArticleServiceImpl类的incrementViewCount方法)
2025-12-08 20:25:31.111 [http-nio-80-exec-3] DEBUG com.lilicould.blog.aop.ServiceLogAspect - [Service] 方法参数 - 增加阅读量服务: [22]
2025-12-08 20:25:31.115 [http-nio-80-exec-3] INFO  com.lilicould.blog.aop.ServiceLogAspect - [Service] 执行完成 - 增加阅读量服务，耗时：4ms
2025-12-08 20:25:32.151 [http-nio-80-exec-4] INFO  com.lilicould.blog.aop.ServiceLogAspect - [Service] 开始执行 - 获取公开指定ID的文章服务 (ArticleServiceImpl类的getPublicArticleById方法)
2025-12-08 20:25:32.151 [http-nio-80-exec-4] DEBUG com.lilicould.blog.aop.ServiceLogAspect - [Service] 方法参数 - 获取公开指定ID的文章服务: [2]
2025-12-08 20:25:32.153 [http-nio-80-exec-4] INFO  com.lilicould.blog.aop.ServiceLogAspect - [Service] 执行完成 - 获取公开指定ID的文章服务，耗时：2ms
2025-12-08 20:25:32.155 [http-nio-80-exec-4] INFO  com.lilicould.blog.aop.ServiceLogAspect - [Service] 开始执行 - 增加阅读量服务 (ArticleServiceImpl类的incrementViewCount方法)
2025-12-08 20:25:32.155 [http-nio-80-exec-4] DEBUG com.lilicould.blog.aop.ServiceLogAspect - [Service] 方法参数 - 增加阅读量服务: [2]
2025-12-08 20:25:32.206 [http-nio-80-exec-4] INFO  com.lilicould.blog.aop.ServiceLogAspect - [Service] 执行完成 - 增加阅读量服务，耗时：51ms
2025-12-08 20:25:32.338 [http-nio-80-exec-5] INFO  com.lilicould.blog.aop.ServiceLogAspect - [Service] 开始执行 - 获取公开指定ID的文章服务 (ArticleServiceImpl类的getPublicArticleById方法)
2025-12-08 20:25:32.338 [http-nio-80-exec-5] DEBUG com.lilicould.blog.aop.ServiceLogAspect - [Service] 方法参数 - 获取公开指定ID的文章服务: [23]
2025-12-08 20:25:32.340 [http-nio-80-exec-5] INFO  com.lilicould.blog.aop.ServiceLogAspect - [Service] 执行完成 - 获取公开指定ID的文章服务，耗时：2ms
2025-12-08 20:25:32.341 [http-nio-80-exec-5] INFO  com.lilicould.blog.aop.ServiceLogAspect - [Service] 开始执行 - 增加阅读量服务 (ArticleServiceImpl类的incrementViewCount方法)
2025-12-08 20:25:32.341 [http-nio-80-exec-5] DEBUG com.lilicould.blog.aop.ServiceLogAspect - [Service] 方法参数 - 增加阅读量服务: [23]
2025-12-08 20:25:32.347 [http-nio-80-exec-5] INFO  com.lilicould.blog.aop.ServiceLogAspect - [Service] 执行完成 - 增加阅读量服务，耗时：6ms
2025-12-08 20:25:32.585 [http-nio-80-exec-6] INFO  com.lilicould.blog.aop.ServiceLogAspect - [Service] 开始执行 - 获取公开指定ID的文章服务 (ArticleServiceImpl类的getPublicArticleById方法)
2025-12-08 20:25:32.585 [http-nio-80-exec-6] DEBUG com.lilicould.blog.aop.ServiceLogAspect - [Service] 方法参数 - 获取公开指定ID的文章服务: [23]
2025-12-08 20:25:32.588 [http-nio-80-exec-6] INFO  com.lilicould.blog.aop.ServiceLogAspect - [Service] 执行完成 - 获取公开指定ID的文章服务，耗时：3ms
2025-12-08 20:25:32.589 [http-nio-80-exec-6] INFO  com.lilicould.blog.aop.ServiceLogAspect - [Service] 开始执行 - 增加阅读量服务 (ArticleServiceImpl类的incrementViewCount方法)
2025-12-08 20:25:32.589 [http-nio-80-exec-6] DEBUG com.lilicould.blog.aop.ServiceLogAspect - [Service] 方法参数 - 增加阅读量服务: [23]
2025-12-08 20:25:32.593 [http-nio-80-exec-6] INFO  com.lilicould.blog.aop.ServiceLogAspect - [Service] 执行完成 - 增加阅读量服务，耗时：4ms
2025-12-08 20:25:32.786 [http-nio-80-exec-8] INFO  com.lilicould.blog.aop.ServiceLogAspect - [Service] 开始执行 - 获取公开指定ID的文章服务 (ArticleServiceImpl类的getPublicArticleById方法)
2025-12-08 20:25:32.787 [http-nio-80-exec-8] DEBUG com.lilicould.blog.aop.ServiceLogAspect - [Service] 方法参数 - 获取公开指定ID的文章服务: [23]
2025-12-08 20:25:32.789 [http-nio-80-exec-8] INFO  com.lilicould.blog.aop.ServiceLogAspect - [Service] 执行完成 - 获取公开指定ID的文章服务，耗时：3ms
2025-12-08 20:25:32.790 [http-nio-80-exec-8] INFO  com.lilicould.blog.aop.ServiceLogAspect - [Service] 开始执行 - 增加阅读量服务 (ArticleServiceImpl类的incrementViewCount方法)
2025-12-08 20:25:32.790 [http-nio-80-exec-8] DEBUG com.lilicould.blog.aop.ServiceLogAspect - [Service] 方法参数 - 增加阅读量服务: [23]
2025-12-08 20:25:32.795 [http-nio-80-exec-8] INFO  com.lilicould.blog.aop.ServiceLogAspect - [Service] 执行完成 - 增加阅读量服务，耗时：5ms
2025-12-08 20:26:25.297 [http-nio-80-exec-9] INFO  com.lilicould.blog.aop.ServiceLogAspect - [Service] 开始执行 - 获取公开指定ID的文章服务 (ArticleServiceImpl类的getPublicArticleById方法)
2025-12-08 20:26:25.298 [http-nio-80-exec-9] DEBUG com.lilicould.blog.aop.ServiceLogAspect - [Service] 方法参数 - 获取公开指定ID的文章服务: [2]
2025-12-08 20:26:25.300 [http-nio-80-exec-9] INFO  com.lilicould.blog.aop.ServiceLogAspect - [Service] 执行完成 - 获取公开指定ID的文章服务，耗时：3ms
2025-12-08 20:26:25.300 [http-nio-80-exec-9] INFO  com.lilicould.blog.aop.ServiceLogAspect - [Service] 开始执行 - 增加阅读量服务 (ArticleServiceImpl类的incrementViewCount方法)
2025-12-08 20:26:25.301 [http-nio-80-exec-9] DEBUG com.lilicould.blog.aop.ServiceLogAspect - [Service] 方法参数 - 增加阅读量服务: [2]
2025-12-08 20:26:25.346 [http-nio-80-exec-9] INFO  com.lilicould.blog.aop.ServiceLogAspect - [Service] 执行完成 - 增加阅读量服务，耗时：46ms
2025-12-08 20:26:26.590 [http-nio-80-exec-1] INFO  com.lilicould.blog.aop.ServiceLogAspect - [Service] 开始执行 - 获取公开指定ID的文章服务 (ArticleServiceImpl类的getPublicArticleById方法)
2025-12-08 20:26:26.590 [http-nio-80-exec-1] DEBUG com.lilicould.blog.aop.ServiceLogAspect - [Service] 方法参数 - 获取公开指定ID的文章服务: [24]
2025-12-08 20:26:26.591 [http-nio-80-exec-1] ERROR com.lilicould.blog.aop.ServiceLogAspect - [Service] 执行异常 - 获取公开指定ID的文章服务，耗时：1ms，异常信息：文章不存在
com.lilicould.blog.exception.BusinessException: 文章不存在
	at com.lilicould.blog.service.impl.ArticleServiceImpl.getPublicArticleById(ArticleServiceImpl.java:165)
	at java.base/jdk.internal.reflect.DirectMethodHandleAccessor.invoke(DirectMethodHandleAccessor.java:103)
	at java.base/java.lang.reflect.Method.invoke(Method.java:580)
	at org.springframework.aop.support.AopUtils.invokeJoinpointUsingReflection(AopUtils.java:355)
	at org.springframework.aop.framework.ReflectiveMethodInvocation.invokeJoinpoint(ReflectiveMethodInvocation.java:196)
	at org.springframework.aop.framework.ReflectiveMethodInvocation.proceed(ReflectiveMethodInvocation.java:163)
	at org.springframework.aop.aspectj.MethodInvocationProceedingJoinPoint.proceed(MethodInvocationProceedingJoinPoint.java:89)
	at com.lilicould.blog.aop.ServiceLogAspect.logServiceWithAnnotation(ServiceLogAspect.java:144)
	at com.lilicould.blog.aop.ServiceLogAspect.logAnnotatedService(ServiceLogAspect.java:80)
	at java.base/jdk.internal.reflect.DirectMethodHandleAccessor.invoke(DirectMethodHandleAccessor.java:103)
	at java.base/java.lang.reflect.Method.invoke(Method.java:580)
	at org.springframework.aop.aspectj.AbstractAspectJAdvice.invokeAdviceMethodWithGivenArgs(AbstractAspectJAdvice.java:637)
	at org.springframework.aop.aspectj.AbstractAspectJAdvice.invokeAdviceMethod(AbstractAspectJAdvice.java:627)
	at org.springframework.aop.aspectj.AspectJAroundAdvice.invoke(AspectJAroundAdvice.java:71)
	at org.springframework.aop.framework.ReflectiveMethodInvocation.proceed(ReflectiveMethodInvocation.java:173)
	at org.springframework.aop.interceptor.ExposeInvocationInterceptor.invoke(ExposeInvocationInterceptor.java:97)
	at org.springframework.aop.framework.ReflectiveMethodInvocation.proceed(ReflectiveMethodInvocation.java:184)
	at org.springframework.aop.framework.JdkDynamicAopProxy.invoke(JdkDynamicAopProxy.java:223)
	at jdk.proxy3/jdk.proxy3.$Proxy52.getPublicArticleById(Unknown Source)
	at com.lilicould.blog.controller.PublicController.getArticle(PublicController.java:44)
	at java.base/jdk.internal.reflect.DirectMethodHandleAccessor.invoke(DirectMethodHandleAccessor.java:103)
	at java.base/java.lang.reflect.Method.invoke(Method.java:580)
	at org.springframework.web.method.support.InvocableHandlerMethod.doInvoke(InvocableHandlerMethod.java:255)
	at org.springframework.web.method.support.InvocableHandlerMethod.invokeForRequest(InvocableHandlerMethod.java:188)
	at org.springframework.web.servlet.mvc.method.annotation.ServletInvocableHandlerMethod.invokeAndHandle(ServletInvocableHandlerMethod.java:118)
	at org.springframework.web.servlet.mvc.method.annotation.RequestMappingHandlerAdapter.invokeHandlerMethod(RequestMappingHandlerAdapter.java:926)
	at org.springframework.web.servlet.mvc.method.annotation.RequestMappingHandlerAdapter.handleInternal(RequestMappingHandlerAdapter.java:831)
	at org.springframework.web.servlet.mvc.method.AbstractHandlerMethodAdapter.handle(AbstractHandlerMethodAdapter.java:87)
	at org.springframework.web.servlet.DispatcherServlet.doDispatch(DispatcherServlet.java:1089)
	at org.springframework.web.servlet.DispatcherServlet.doService(DispatcherServlet.java:979)
	at org.springframework.web.servlet.FrameworkServlet.processRequest(FrameworkServlet.java:1014)
	at org.springframework.web.servlet.FrameworkServlet.doGet(FrameworkServlet.java:903)
	at jakarta.servlet.http.HttpServlet.service(HttpServlet.java:619)
	at org.springframework.web.servlet.FrameworkServlet.service(FrameworkServlet.java:885)
	at jakarta.servlet.http.HttpServlet.service(HttpServlet.java:716)
	at org.apache.catalina.core.ApplicationFilterChain.doFilter(ApplicationFilterChain.java:130)
	at org.apache.tomcat.websocket.server.WsFilter.doFilter(WsFilter.java:51)
	at org.apache.catalina.core.ApplicationFilterChain.doFilter(ApplicationFilterChain.java:109)
	at org.apache.catalina.core.StandardWrapperValve.invoke(StandardWrapperValve.java:167)
	at org.apache.catalina.core.StandardContextValve.invoke(StandardContextValve.java:79)
	at org.apache.catalina.authenticator.AuthenticatorBase.invoke(AuthenticatorBase.java:483)
	at org.apache.catalina.core.StandardHostValve.invoke(StandardHostValve.java:115)
	at org.apache.catalina.valves.ErrorReportValve.invoke(ErrorReportValve.java:93)
	at org.apache.catalina.valves.AbstractAccessLogValve.invoke(AbstractAccessLogValve.java:663)
	at org.apache.catalina.core.StandardEngineValve.invoke(StandardEngineValve.java:74)
	at org.apache.catalina.connector.CoyoteAdapter.service(CoyoteAdapter.java:342)
	at org.apache.coyote.http11.Http11Processor.service(Http11Processor.java:395)
	at org.apache.coyote.AbstractProcessorLight.process(AbstractProcessorLight.java:63)
	at org.apache.coyote.AbstractProtocol$ConnectionHandler.process(AbstractProtocol.java:905)
	at org.apache.tomcat.util.net.NioEndpoint$SocketProcessor.doRun(NioEndpoint.java:1746)
	at org.apache.tomcat.util.net.SocketProcessorBase.run(SocketProcessorBase.java:52)
	at org.apache.tomcat.util.threads.ThreadPoolExecutor.runWorker(ThreadPoolExecutor.java:1148)
	at org.apache.tomcat.util.threads.ThreadPoolExecutor$Worker.run(ThreadPoolExecutor.java:636)
	at org.apache.tomcat.util.threads.TaskThread$WrappingRunnable.run(TaskThread.java:63)
	at java.base/java.lang.Thread.run(Thread.java:1583)
2025-12-08 20:26:28.960 [http-nio-80-exec-2] INFO  com.lilicould.blog.aop.ServiceLogAspect - [Service] 开始执行 - 获取公开指定ID的文章服务 (ArticleServiceImpl类的getPublicArticleById方法)
2025-12-08 20:26:28.960 [http-nio-80-exec-2] DEBUG com.lilicould.blog.aop.ServiceLogAspect - [Service] 方法参数 - 获取公开指定ID的文章服务: [25]
2025-12-08 20:26:28.964 [http-nio-80-exec-2] INFO  com.lilicould.blog.aop.ServiceLogAspect - [Service] 执行完成 - 获取公开指定ID的文章服务，耗时：4ms
2025-12-08 20:26:28.965 [http-nio-80-exec-2] INFO  com.lilicould.blog.aop.ServiceLogAspect - [Service] 开始执行 - 增加阅读量服务 (ArticleServiceImpl类的incrementViewCount方法)
2025-12-08 20:26:28.965 [http-nio-80-exec-2] DEBUG com.lilicould.blog.aop.ServiceLogAspect - [Service] 方法参数 - 增加阅读量服务: [25]
2025-12-08 20:26:28.969 [http-nio-80-exec-2] INFO  com.lilicould.blog.aop.ServiceLogAspect - [Service] 执行完成 - 增加阅读量服务，耗时：4ms
2025-12-08 20:26:29.077 [http-nio-80-exec-3] INFO  com.lilicould.blog.aop.ServiceLogAspect - [Service] 开始执行 - 获取公开指定ID的文章服务 (ArticleServiceImpl类的getPublicArticleById方法)
2025-12-08 20:26:29.077 [http-nio-80-exec-3] DEBUG com.lilicould.blog.aop.ServiceLogAspect - [Service] 方法参数 - 获取公开指定ID的文章服务: [25]
2025-12-08 20:26:29.079 [http-nio-80-exec-3] INFO  com.lilicould.blog.aop.ServiceLogAspect - [Service] 执行完成 - 获取公开指定ID的文章服务，耗时：2ms
2025-12-08 20:26:29.080 [http-nio-80-exec-3] INFO  com.lilicould.blog.aop.ServiceLogAspect - [Service] 开始执行 - 增加阅读量服务 (ArticleServiceImpl类的incrementViewCount方法)
2025-12-08 20:26:29.080 [http-nio-80-exec-3] DEBUG com.lilicould.blog.aop.ServiceLogAspect - [Service] 方法参数 - 增加阅读量服务: [25]
2025-12-08 20:26:29.091 [http-nio-80-exec-3] INFO  com.lilicould.blog.aop.ServiceLogAspect - [Service] 执行完成 - 增加阅读量服务，耗时：11ms
